Using pre-set license
Built from '2021.3/staging' branch; Version is '2021.3.7f1 (24e8595d6d43) revision 2418777'; Using compiler version '192829333'; Build Type 'Release'
OS: 'Windows 11  (10.0.22621) 64bit Core' Language: 'zh' Physical Memory: 24367 MB
BatchMode: 1, IsHumanControllingUs: 0, StartBugReporterOnCrash: 0, Is64bit: 1, IsPro: 1

COMMAND LINE ARGUMENTS:
C:\Program Files\Unity\Hub\Editor\2021.3.7f1\Editor\Unity.exe
-adb2
-batchMode
-noUpm
-name
AssetImportWorker8
-projectPath
C:/Users/87056/OneDrive/桌面/3702/My project (23)
-logFile
Logs/AssetImportWorker8.log
-srvPort
62712
Successfully changed project path to: C:/Users/87056/OneDrive/桌面/3702/My project (23)
C:/Users/87056/OneDrive/桌面/3702/My project (23)
[UnityMemory] Configuration Parameters - Can be set up in boot.config
    "memorysetup-bucket-allocator-granularity=16"
    "memorysetup-bucket-allocator-bucket-count=8"
    "memorysetup-bucket-allocator-block-size=33554432"
    "memorysetup-bucket-allocator-block-count=8"
    "memorysetup-main-allocator-block-size=16777216"
    "memorysetup-thread-allocator-block-size=16777216"
    "memorysetup-gfx-main-allocator-block-size=16777216"
    "memorysetup-gfx-thread-allocator-block-size=16777216"
    "memorysetup-cache-allocator-block-size=4194304"
    "memorysetup-typetree-allocator-block-size=2097152"
    "memorysetup-profiler-bucket-allocator-granularity=16"
    "memorysetup-profiler-bucket-allocator-bucket-count=8"
    "memorysetup-profiler-bucket-allocator-block-size=33554432"
    "memorysetup-profiler-bucket-allocator-block-count=8"
    "memorysetup-profiler-allocator-block-size=16777216"
    "memorysetup-profiler-editor-allocator-block-size=1048576"
    "memorysetup-temp-allocator-size-main=16777216"
    "memorysetup-job-temp-allocator-block-size=2097152"
    "memorysetup-job-temp-allocator-block-size-background=1048576"
    "memorysetup-job-temp-allocator-reduction-small-platforms=262144"
    "memorysetup-temp-allocator-size-background-worker=32768"
    "memorysetup-temp-allocator-size-job-worker=262144"
    "memorysetup-temp-allocator-size-preload-manager=33554432"
    "memorysetup-temp-allocator-size-nav-mesh-worker=65536"
    "memorysetup-temp-allocator-size-audio-worker=65536"
    "memorysetup-temp-allocator-size-cloud-worker=32768"
    "memorysetup-temp-allocator-size-gi-baking-worker=262144"
    "memorysetup-temp-allocator-size-gfx=262144"
Refreshing native plugins compatible for Editor in 77.69 ms, found 3 plugins.
Preloading 0 native plugins for Editor in 0.00 ms.
Initialize engine version: 2021.3.7f1 (24e8595d6d43)
[Subsystems] Discovering subsystems at path C:/Program Files/Unity/Hub/Editor/2021.3.7f1/Editor/Data/Resources/UnitySubsystems
[Subsystems] Discovering subsystems at path C:/Users/87056/OneDrive/桌面/3702/My project (23)/Assets
GfxDevice: creating device client; threaded=0; jobified=0
Direct3D:
    Version:  Direct3D 11.0 [level 11.1]
    Renderer: NVIDIA GeForce RTX 4070 Ti (ID=0x2782)
    Vendor:   NVIDIA
    VRAM:     12010 MB
    Driver:   31.0.15.3758
Initialize mono
Mono path[0] = 'C:/Program Files/Unity/Hub/Editor/2021.3.7f1/Editor/Data/Managed'
Mono path[1] = 'C:/Program Files/Unity/Hub/Editor/2021.3.7f1/Editor/Data/MonoBleedingEdge/lib/mono/unityjit-win32'
Mono config path = 'C:/Program Files/Unity/Hub/Editor/2021.3.7f1/Editor/Data/MonoBleedingEdge/etc'
Using monoOptions --debugger-agent=transport=dt_socket,embedding=1,server=y,suspend=n,address=127.0.0.1:56980
Begin MonoManager ReloadAssembly
Registering precompiled unity dll's ...
Register platform support module: C:/Program Files/Unity/Hub/Editor/2021.3.7f1/Editor/Data/PlaybackEngines/WebGLSupport/UnityEditor.WebGL.Extensions.dll
Register platform support module: C:/Program Files/Unity/Hub/Editor/2021.3.7f1/Editor/Data/PlaybackEngines/WindowsStandaloneSupport/UnityEditor.WindowsStandalone.Extensions.dll
Registered in 0.004089 seconds.
Native extension for WindowsStandalone target not found
Native extension for WebGL target not found
Refreshing native plugins compatible for Editor in 67.56 ms, found 3 plugins.
Preloading 0 native plugins for Editor in 0.00 ms.
Mono: successfully reloaded assembly
- Completed reload, in  0.409 seconds
Domain Reload Profiling:
	ReloadAssembly (410ms)
		BeginReloadAssembly (48ms)
			ExecutionOrderSort (0ms)
			DisableScriptedObjects (0ms)
			BackupInstance (0ms)
			ReleaseScriptingObjects (0ms)
			CreateAndSetChildDomain (0ms)
		EndReloadAssembly (293ms)
			LoadAssemblies (47ms)
			RebuildTransferFunctionScriptingTraits (0ms)
			SetupTypeCache (64ms)
			ReleaseScriptCaches (0ms)
			RebuildScriptCaches (17ms)
			SetupLoadedEditorAssemblies (179ms)
				LogAssemblyErrors (0ms)
				InitializePlatformSupportModulesInManaged (6ms)
				SetLoadedEditorAssemblies (0ms)
				RefreshPlugins (68ms)
				BeforeProcessingInitializeOnLoad (1ms)
				ProcessInitializeOnLoadAttributes (77ms)
				ProcessInitializeOnLoadMethodAttributes (28ms)
				AfterProcessingInitializeOnLoad (0ms)
				EditorAssembliesLoaded (0ms)
			ExecutionOrderSort2 (0ms)
			AwakeInstancesAfterBackupRestoration (0ms)
Platform modules already initialized, skipping
Registering precompiled user dll's ...
Registered in 0.003520 seconds.
Begin MonoManager ReloadAssembly
Symbol file LoadedFromMemory doesn't match image C:\Users\87056\OneDrive\桌面\3702\My project (23)\Library\PackageCache\com.unity.visualscripting@1.7.8\Editor\VisualScripting.Core\Dependencies\YamlDotNet\Unity.VisualScripting.YamlDotNet.dll
Symbol file LoadedFromMemory doesn't match image C:\Users\87056\OneDrive\桌面\3702\My project (23)\Library\PackageCache\com.unity.visualscripting@1.7.8\Editor\VisualScripting.Core\Dependencies\DotNetZip\Unity.VisualScripting.IonicZip.dll
Native extension for WindowsStandalone target not found
Native extension for WebGL target not found
Refreshing native plugins compatible for Editor in 1.02 ms, found 3 plugins.
Preloading 0 native plugins for Editor in 0.00 ms.
Mono: successfully reloaded assembly
- Completed reload, in  0.740 seconds
Domain Reload Profiling:
	ReloadAssembly (741ms)
		BeginReloadAssembly (85ms)
			ExecutionOrderSort (0ms)
			DisableScriptedObjects (5ms)
			BackupInstance (0ms)
			ReleaseScriptingObjects (0ms)
			CreateAndSetChildDomain (20ms)
		EndReloadAssembly (575ms)
			LoadAssemblies (58ms)
			RebuildTransferFunctionScriptingTraits (0ms)
			SetupTypeCache (180ms)
			ReleaseScriptCaches (0ms)
			RebuildScriptCaches (37ms)
			SetupLoadedEditorAssemblies (262ms)
				LogAssemblyErrors (0ms)
				InitializePlatformSupportModulesInManaged (6ms)
				SetLoadedEditorAssemblies (0ms)
				RefreshPlugins (1ms)
				BeforeProcessingInitializeOnLoad (59ms)
				ProcessInitializeOnLoadAttributes (170ms)
				ProcessInitializeOnLoadMethodAttributes (21ms)
				AfterProcessingInitializeOnLoad (4ms)
				EditorAssembliesLoaded (0ms)
			ExecutionOrderSort2 (0ms)
			AwakeInstancesAfterBackupRestoration (4ms)
Platform modules already initialized, skipping
========================================================================
Worker process is ready to serve import requests
Launched and connected shader compiler UnityShaderCompiler.exe after 0.04 seconds
Refreshing native plugins compatible for Editor in 0.94 ms, found 3 plugins.
Preloading 0 native plugins for Editor in 0.00 ms.
Unloading 3450 Unused Serialized files (Serialized files now loaded: 0)
Unloading 27 unused Assets / (111.8 KB). Loaded Objects now: 3927.
Memory consumption went from 147.7 MB to 147.6 MB.
Total: 2.774400 ms (FindLiveObjects: 0.233100 ms CreateObjectMapping: 0.099700 ms MarkObjects: 2.341800 ms  DeleteObjects: 0.098300 ms)

AssetImportParameters requested are different than current active one (requested -> active):
  custom:video-decoder-ogg-theora: a1e56fd34408186e4bbccfd4996cb3dc -> 
  custom:container-muxer-webm: aa71ff27fc2769a1b78a27578f13a17b -> 
  custom:container-demuxer-webm: 4f35f7cbe854078d1ac9338744f61a02 -> 
  custom:video-encoder-webm-vp8: eb34c28f22e8b96e1ab97ce403110664 -> 
  custom:audio-encoder-webm-vorbis: bf7c407c2cedff20999df2af8eb42d56 -> 
  custom:framework-win-MediaFoundation: 216162199b28c13a410421893ffa2e32 -> 
  custom:container-demuxer-ogg: 62fdf1f143b41e24485cea50d1cbac27 -> 
  custom:video-decoder-webm-vp8: 9c59270c3fd7afecdb556c50c9e8de78 -> 
  custom:audio-decoder-ogg-vorbis: bf7c407c2cedff20999df2af8eb42d56 -> 
========================================================================
Received Import Request.
  Time since last request: 101837.106884 seconds.
  path: Assets/Assets/Cartoon FX Remaster/CFXR Assets/Graphics/cfxr aura rays.png
  artifactKey: Guid(4ece64fbaa1a3d14091abf505199104e) Importer(815301076,1909f56bfc062723c751e8b465ee728b)
Start importing Assets/Assets/Cartoon FX Remaster/CFXR Assets/Graphics/cfxr aura rays.png using Guid(4ece64fbaa1a3d14091abf505199104e) Importer(815301076,1909f56bfc062723c751e8b465ee728b)  -> (artifact id: '14bf677774121784b4c8d4c118e8312a') in 0.115231 seconds 
========================================================================
Received Import Request.
  Time since last request: 0.000043 seconds.
  path: Assets/Assets/Cartoon FX Remaster/CFXR Assets/Graphics/cfxr explosion second color map.png
  artifactKey: Guid(cbe9410b182e9cd4787d6f068c564ad7) Importer(815301076,1909f56bfc062723c751e8b465ee728b)
Start importing Assets/Assets/Cartoon FX Remaster/CFXR Assets/Graphics/cfxr explosion second color map.png using Guid(cbe9410b182e9cd4787d6f068c564ad7) Importer(815301076,1909f56bfc062723c751e8b465ee728b)  -> (artifact id: 'a1dc74fa8b114547fe40d9bfbdbdc052') in 0.036558 seconds 
========================================================================
Received Import Request.
  Time since last request: 0.000039 seconds.
  path: Assets/Assets/Cartoon FX Remaster/CFXR Assets/Graphics/cfxr blood splash mesh.asset
  artifactKey: Guid(03b90fa8ed1d4104abc8b7431ab290e6) Importer(815301076,1909f56bfc062723c751e8b465ee728b)
Start importing Assets/Assets/Cartoon FX Remaster/CFXR Assets/Graphics/cfxr blood splash mesh.asset using Guid(03b90fa8ed1d4104abc8b7431ab290e6) Importer(815301076,1909f56bfc062723c751e8b465ee728b)  -> (artifact id: '94c2502740ea306690297ba29cf74edc') in 0.092611 seconds 
========================================================================
Received Import Request.
  Time since last request: 0.000048 seconds.
  path: Assets/Assets/Cartoon FX Remaster/CFXR Assets/Graphics/cfxr card spade.png
  artifactKey: Guid(495bf78b2a79c4049ba5feebcc016c39) Importer(815301076,1909f56bfc062723c751e8b465ee728b)
Start importing Assets/Assets/Cartoon FX Remaster/CFXR Assets/Graphics/cfxr card spade.png using Guid(495bf78b2a79c4049ba5feebcc016c39) Importer(815301076,1909f56bfc062723c751e8b465ee728b)  -> (artifact id: '5e0bee81b7b08dd7d4a7677a802f4457') in 0.019724 seconds 
========================================================================
Received Import Request.
  Time since last request: 0.000034 seconds.
  path: Assets/Assets/Cartoon FX Remaster/CFXR Assets/Graphics/cfxr electric small anim 4x2 hdr.mat
  artifactKey: Guid(b41c12b9e8d21c442affcda9d5c050f7) Importer(815301076,1909f56bfc062723c751e8b465ee728b)
Start importing Assets/Assets/Cartoon FX Remaster/CFXR Assets/Graphics/cfxr electric small anim 4x2 hdr.mat using Guid(b41c12b9e8d21c442affcda9d5c050f7) Importer(815301076,1909f56bfc062723c751e8b465ee728b)  -> (artifact id: '2c0f60cc11962ce26c8ef77427e116a7') in 0.158390 seconds 
========================================================================
Received Import Request.
  Time since last request: 0.000037 seconds.
  path: Assets/Assets/Cartoon FX Remaster/CFXR Assets/Graphics/cfxr fire edge dissolve.png
  artifactKey: Guid(12db9c7e88bd8f149a35ba6e84f1c749) Importer(815301076,1909f56bfc062723c751e8b465ee728b)
Start importing Assets/Assets/Cartoon FX Remaster/CFXR Assets/Graphics/cfxr fire edge dissolve.png using Guid(12db9c7e88bd8f149a35ba6e84f1c749) Importer(815301076,1909f56bfc062723c751e8b465ee728b)  -> (artifact id: 'ec704d8240f5c47238def792d6327d67') in 0.019484 seconds 
========================================================================
Received Import Request.
  Time since last request: 0.000046 seconds.
  path: Assets/Assets/Cartoon FX Remaster/CFXR Assets/Graphics/cfxr electric sparks ab.mat
  artifactKey: Guid(75b0637026ec53946a826eb34b74157e) Importer(815301076,1909f56bfc062723c751e8b465ee728b)
Start importing Assets/Assets/Cartoon FX Remaster/CFXR Assets/Graphics/cfxr electric sparks ab.mat using Guid(75b0637026ec53946a826eb34b74157e) Importer(815301076,1909f56bfc062723c751e8b465ee728b)  -> (artifact id: 'e525cd95d1da409b07682e09edbf7442') in 0.038902 seconds 
========================================================================
Received Import Request.
  Time since last request: 0.000028 seconds.
  path: Assets/Assets/Cartoon FX Remaster/CFXR Assets/Graphics/cfxr electric sparks hdr ab.mat
  artifactKey: Guid(0aed4f47f3bcce64b83be8b64904bab4) Importer(815301076,1909f56bfc062723c751e8b465ee728b)
Start importing Assets/Assets/Cartoon FX Remaster/CFXR Assets/Graphics/cfxr electric sparks hdr ab.mat using Guid(0aed4f47f3bcce64b83be8b64904bab4) Importer(815301076,1909f56bfc062723c751e8b465ee728b)  -> (artifact id: 'fb5b824f30ecbd9127775478cd1a7c6b') in 0.022053 seconds 
========================================================================
Received Import Request.
  Time since last request: 0.000036 seconds.
  path: Assets/Assets/Cartoon FX Remaster/CFXR Assets/Graphics/cfxr card diamond mesh.asset
  artifactKey: Guid(215b94bafc110894881bb24975d050ee) Importer(815301076,1909f56bfc062723c751e8b465ee728b)
Start importing Assets/Assets/Cartoon FX Remaster/CFXR Assets/Graphics/cfxr card diamond mesh.asset using Guid(215b94bafc110894881bb24975d050ee) Importer(815301076,1909f56bfc062723c751e8b465ee728b)  -> (artifact id: '5e33e4c507bebfa198deebe8f446cca0') in 0.017042 seconds 
========================================================================
Received Import Request.
  Time since last request: 0.000037 seconds.
  path: Assets/Assets/Cartoon FX Remaster/CFXR Assets/Graphics/cfxr fire blur fade hdr ab.mat
  artifactKey: Guid(8b86a91b570220b49a878c53343f2c79) Importer(815301076,1909f56bfc062723c751e8b465ee728b)
Start importing Assets/Assets/Cartoon FX Remaster/CFXR Assets/Graphics/cfxr fire blur fade hdr ab.mat using Guid(8b86a91b570220b49a878c53343f2c79) Importer(815301076,1909f56bfc062723c751e8b465ee728b)  -> (artifact id: 'b44b2237ca469c7cb86ede5c44935856') in 0.087418 seconds 
========================================================================
Received Import Request.
  Time since last request: 0.000035 seconds.
  path: Assets/Assets/Cartoon FX Remaster/CFXR Assets/Graphics/cfxr cloud blur.png
  artifactKey: Guid(3f4b2ef884de1f64e90da1a73016c1fd) Importer(815301076,1909f56bfc062723c751e8b465ee728b)
Start importing Assets/Assets/Cartoon FX Remaster/CFXR Assets/Graphics/cfxr cloud blur.png using Guid(3f4b2ef884de1f64e90da1a73016c1fd) Importer(815301076,1909f56bfc062723c751e8b465ee728b)  -> (artifact id: '4da425cb40c5643abd89c4f40f3d022b') in 0.020939 seconds 
========================================================================
Received Import Request.
  Time since last request: 0.000023 seconds.
  path: Assets/Assets/Cartoon FX Remaster/CFXR Assets/Meshes/cfxr mesh sword_slashes.fbx
  artifactKey: Guid(e82f2cbd6def7ff4c98963f706f00d3e) Importer(815301076,1909f56bfc062723c751e8b465ee728b)
Start importing Assets/Assets/Cartoon FX Remaster/CFXR Assets/Meshes/cfxr mesh sword_slashes.fbx using Guid(e82f2cbd6def7ff4c98963f706f00d3e) Importer(815301076,1909f56bfc062723c751e8b465ee728b)  -> (artifact id: '4774c56fd99b345bd1670a61a5d51887') in 0.196148 seconds 
========================================================================
Received Import Request.
  Time since last request: 0.000049 seconds.
  path: Assets/Assets/Cartoon FX Remaster/CFXR Assets/Graphics/cfxr electric arcs fade x4 hdr ab.mat
  artifactKey: Guid(df4afccabf3812f4eb84570337f5bcd3) Importer(815301076,1909f56bfc062723c751e8b465ee728b)
Start importing Assets/Assets/Cartoon FX Remaster/CFXR Assets/Graphics/cfxr electric arcs fade x4 hdr ab.mat using Guid(df4afccabf3812f4eb84570337f5bcd3) Importer(815301076,1909f56bfc062723c751e8b465ee728b)  -> (artifact id: '658321dcf51e48cf1deb9849cfde7d61') in 0.058727 seconds 
========================================================================
Received Import Request.
  Time since last request: 0.000074 seconds.
  path: Assets/Assets/Cartoon FX Remaster/CFXR Assets/Meshes/cfxr mesh leave.fbx
  artifactKey: Guid(f8defa343e39b2545bf3101b50eefa17) Importer(815301076,1909f56bfc062723c751e8b465ee728b)
Start importing Assets/Assets/Cartoon FX Remaster/CFXR Assets/Meshes/cfxr mesh leave.fbx using Guid(f8defa343e39b2545bf3101b50eefa17) Importer(815301076,1909f56bfc062723c751e8b465ee728b)  -> (artifact id: '5d23b782477693c0777a2cc78edaca78') in 0.052323 seconds 
========================================================================
Received Import Request.
  Time since last request: 0.000071 seconds.
  path: Assets/Assets/Cartoon FX Remaster/CFXR Assets/Meshes/cfxr mesh star4.fbx
  artifactKey: Guid(a3e854b0e6a2a7d48ad61e15d33575de) Importer(815301076,1909f56bfc062723c751e8b465ee728b)
Start importing Assets/Assets/Cartoon FX Remaster/CFXR Assets/Meshes/cfxr mesh star4.fbx using Guid(a3e854b0e6a2a7d48ad61e15d33575de) Importer(815301076,1909f56bfc062723c751e8b465ee728b)  -> (artifact id: 'e396cd1d7c56b5f375969bc102ad83ad') in 0.030864 seconds 
========================================================================
Received Import Request.
  Time since last request: 0.000041 seconds.
  path: Assets/Assets/Cartoon FX Remaster/CFXR Assets/Graphics/cfxr fire edge.png
  artifactKey: Guid(6caad382f72a7084a87daaebe964cc7e) Importer(815301076,1909f56bfc062723c751e8b465ee728b)
Start importing Assets/Assets/Cartoon FX Remaster/CFXR Assets/Graphics/cfxr fire edge.png using Guid(6caad382f72a7084a87daaebe964cc7e) Importer(815301076,1909f56bfc062723c751e8b465ee728b)  -> (artifact id: '85f9bef7a7f9aaa778960f11aeeabbfa') in 0.020773 seconds 
========================================================================
Received Import Request.
  Time since last request: 0.000053 seconds.
  path: Assets/Assets/Cartoon FX Remaster/CFXR Assets/Graphics/cfxr debris 3x3 ab lit emission.mat
  artifactKey: Guid(f7ffbf43e28f7014d968ef0d50836718) Importer(815301076,1909f56bfc062723c751e8b465ee728b)
Start importing Assets/Assets/Cartoon FX Remaster/CFXR Assets/Graphics/cfxr debris 3x3 ab lit emission.mat using Guid(f7ffbf43e28f7014d968ef0d50836718) Importer(815301076,1909f56bfc062723c751e8b465ee728b)  -> (artifact id: '452061773f9567604fd7f4670bfac35b') in 0.120894 seconds 
========================================================================
Received Import Request.
  Time since last request: 0.000062 seconds.
  path: Assets/Assets/Cartoon FX Remaster/CFXR Assets/Graphics/cfxr fire crisp fade nosp hdr ab.mat
  artifactKey: Guid(ad419ece368c4894188f8b17a48a26a7) Importer(815301076,1909f56bfc062723c751e8b465ee728b)
Start importing Assets/Assets/Cartoon FX Remaster/CFXR Assets/Graphics/cfxr fire crisp fade nosp hdr ab.mat using Guid(ad419ece368c4894188f8b17a48a26a7) Importer(815301076,1909f56bfc062723c751e8b465ee728b)  -> (artifact id: 'b4cf8d1552b77d52ec4d5085b77a9ceb') in 0.092646 seconds 
========================================================================
Received Import Request.
  Time since last request: 0.000056 seconds.
  path: Assets/Assets/Cartoon FX Remaster/CFXR Assets/Meshes/cfxr electric_arc_circle.fbx
  artifactKey: Guid(b10f0a773262b9c478542ff2d1a04863) Importer(815301076,1909f56bfc062723c751e8b465ee728b)
Start importing Assets/Assets/Cartoon FX Remaster/CFXR Assets/Meshes/cfxr electric_arc_circle.fbx using Guid(b10f0a773262b9c478542ff2d1a04863) Importer(815301076,1909f56bfc062723c751e8b465ee728b)  -> (artifact id: '2e7102551d23da1b1c6691513e1c4370') in 0.023555 seconds 
========================================================================
Received Import Request.
  Time since last request: 0.000045 seconds.
  path: Assets/Assets/Cartoon FX Remaster/CFXR Assets/Meshes/cfxr ring mesh local space smoother.asset
  artifactKey: Guid(72b4aba81b7370a4e966fe9b365b8b19) Importer(815301076,1909f56bfc062723c751e8b465ee728b)
Start importing Assets/Assets/Cartoon FX Remaster/CFXR Assets/Meshes/cfxr ring mesh local space smoother.asset using Guid(72b4aba81b7370a4e966fe9b365b8b19) Importer(815301076,1909f56bfc062723c751e8b465ee728b)  -> (artifact id: 'b90da2b5a1653fd7ccc2a7ec78e27a32') in 0.021849 seconds 
========================================================================
Received Import Request.
  Time since last request: 0.000045 seconds.
  path: Assets/Assets/Cartoon FX Remaster/CFXR Assets/Meshes/cfxr particle_electric_arc_2.fbx
  artifactKey: Guid(f6ce39f7cf5788047aa637110fa7ebe1) Importer(815301076,1909f56bfc062723c751e8b465ee728b)
Start importing Assets/Assets/Cartoon FX Remaster/CFXR Assets/Meshes/cfxr particle_electric_arc_2.fbx using Guid(f6ce39f7cf5788047aa637110fa7ebe1) Importer(815301076,1909f56bfc062723c751e8b465ee728b)  -> (artifact id: '171b903cf6a600daf97b2a026dd1d4a9') in 0.023737 seconds 
========================================================================
Received Import Request.
  Time since last request: 0.000038 seconds.
  path: Assets/Assets/Cartoon FX Remaster/CFXR Assets/Meshes/cfxr mesh star8.fbx
  artifactKey: Guid(fb0f8bc3240c8144cb32581b07e12ef0) Importer(815301076,1909f56bfc062723c751e8b465ee728b)
Start importing Assets/Assets/Cartoon FX Remaster/CFXR Assets/Meshes/cfxr mesh star8.fbx using Guid(fb0f8bc3240c8144cb32581b07e12ef0) Importer(815301076,1909f56bfc062723c751e8b465ee728b)  -> (artifact id: 'cae3c5ee16d5120e8608c77748fa5894') in 0.027036 seconds 
========================================================================
Received Import Request.
  Time since last request: 0.000042 seconds.
  path: Assets/Assets/Cartoon FX Remaster/CFXR Assets/Graphics/cfxr electric small anim2 7x2 ab.mat
  artifactKey: Guid(db8a5b9ece13e724aa993174dc3c6843) Importer(815301076,1909f56bfc062723c751e8b465ee728b)
Start importing Assets/Assets/Cartoon FX Remaster/CFXR Assets/Graphics/cfxr electric small anim2 7x2 ab.mat using Guid(db8a5b9ece13e724aa993174dc3c6843) Importer(815301076,1909f56bfc062723c751e8b465ee728b)  -> (artifact id: '3f115b05c4ebd7876599623e1fb04f17') in 0.049890 seconds 
========================================================================
Received Import Request.
  Time since last request: 0.000042 seconds.
  path: Assets/Assets/Cartoon FX Remaster/CFXR Assets/Graphics/cfxr bubble 2.png
  artifactKey: Guid(e60eda0ccf5343e46b8cb114df9ba50d) Importer(815301076,1909f56bfc062723c751e8b465ee728b)
Start importing Assets/Assets/Cartoon FX Remaster/CFXR Assets/Graphics/cfxr bubble 2.png using Guid(e60eda0ccf5343e46b8cb114df9ba50d) Importer(815301076,1909f56bfc062723c751e8b465ee728b)  -> (artifact id: '30c167f64a929d7626d7a8d7432f8964') in 0.016785 seconds 
========================================================================
Received Import Request.
  Time since last request: 0.000045 seconds.
  path: Assets/Assets/Cartoon FX Remaster/CFXR Assets/Graphics/cfxr debris wood unlit 3x3 ab.mat
  artifactKey: Guid(b312598f1eedcea46af6f9284bb88a27) Importer(815301076,1909f56bfc062723c751e8b465ee728b)
Start importing Assets/Assets/Cartoon FX Remaster/CFXR Assets/Graphics/cfxr debris wood unlit 3x3 ab.mat using Guid(b312598f1eedcea46af6f9284bb88a27) Importer(815301076,1909f56bfc062723c751e8b465ee728b)  -> (artifact id: 'b71df3cea9831ae698d5059400ee242f') in 0.072329 seconds 
========================================================================
Received Import Request.
  Time since last request: 0.000067 seconds.
  path: Assets/Assets/Cartoon FX Remaster/CFXR Assets/Graphics/cfxr card heart.png
  artifactKey: Guid(38af1cf4cdd0bb047a178879cbb9bf1f) Importer(815301076,1909f56bfc062723c751e8b465ee728b)
Start importing Assets/Assets/Cartoon FX Remaster/CFXR Assets/Graphics/cfxr card heart.png using Guid(38af1cf4cdd0bb047a178879cbb9bf1f) Importer(815301076,1909f56bfc062723c751e8b465ee728b)  -> (artifact id: 'b0d8d30da0a81b7041d1fcfc80b6722e') in 0.019297 seconds 
========================================================================
Received Import Request.
  Time since last request: 0.000067 seconds.
  path: Assets/Assets/Cartoon FX Remaster/CFXR Assets/Graphics/cfxr fire circle blur hdr ab.mat
  artifactKey: Guid(92f497a3f1c7b5d49ad1b2854dd5d2bd) Importer(815301076,1909f56bfc062723c751e8b465ee728b)
Start importing Assets/Assets/Cartoon FX Remaster/CFXR Assets/Graphics/cfxr fire circle blur hdr ab.mat using Guid(92f497a3f1c7b5d49ad1b2854dd5d2bd) Importer(815301076,1909f56bfc062723c751e8b465ee728b)  -> (artifact id: '3ad750fda00bd055a954c4c6d955d5bd') in 0.019998 seconds 
========================================================================
Received Import Request.
  Time since last request: 0.000034 seconds.
  path: Assets/Assets/Cartoon FX Remaster/CFXR Assets/Graphics/cfxr fire circle plain.png
  artifactKey: Guid(0855038b7bf8ecc4eb77dc56090675cd) Importer(815301076,1909f56bfc062723c751e8b465ee728b)
Start importing Assets/Assets/Cartoon FX Remaster/CFXR Assets/Graphics/cfxr fire circle plain.png using Guid(0855038b7bf8ecc4eb77dc56090675cd) Importer(815301076,1909f56bfc062723c751e8b465ee728b)  -> (artifact id: 'ed59c15f8687ef277ed6e070cab3f2c5') in 0.017339 seconds 
========================================================================
Received Import Request.
  Time since last request: 0.000059 seconds.
  path: Assets/Assets/Cartoon FX Remaster/CFXR Assets/Graphics/cfxr fire circle plain hdr ab.mat
  artifactKey: Guid(900acfa037f7a0242b5afdeea8ff53bc) Importer(815301076,1909f56bfc062723c751e8b465ee728b)
Start importing Assets/Assets/Cartoon FX Remaster/CFXR Assets/Graphics/cfxr fire circle plain hdr ab.mat using Guid(900acfa037f7a0242b5afdeea8ff53bc) Importer(815301076,1909f56bfc062723c751e8b465ee728b)  -> (artifact id: '17cdd389d7410ccde8baaf57773aa6a0') in 0.020384 seconds 
========================================================================
Received Import Request.
  Time since last request: 0.000065 seconds.
  path: Assets/Assets/Cartoon FX Remaster/CFXR Assets/Graphics/cfxr card heart ab.mat
  artifactKey: Guid(56dcdb394ebaf9841bfd56db0f1ea05c) Importer(815301076,1909f56bfc062723c751e8b465ee728b)
Start importing Assets/Assets/Cartoon FX Remaster/CFXR Assets/Graphics/cfxr card heart ab.mat using Guid(56dcdb394ebaf9841bfd56db0f1ea05c) Importer(815301076,1909f56bfc062723c751e8b465ee728b)  -> (artifact id: 'e49ee224d51e4fa31a579f38a6be0b2a') in 0.043468 seconds 
========================================================================
Received Import Request.
  Time since last request: 0.000047 seconds.
  path: Assets/Assets/Cartoon FX Remaster/CFXR Assets/Graphics/cfxr electric arc anim x4.png
  artifactKey: Guid(0badb2586ed1fe64db1a9fc0e2776e10) Importer(815301076,1909f56bfc062723c751e8b465ee728b)
Start importing Assets/Assets/Cartoon FX Remaster/CFXR Assets/Graphics/cfxr electric arc anim x4.png using Guid(0badb2586ed1fe64db1a9fc0e2776e10) Importer(815301076,1909f56bfc062723c751e8b465ee728b)  -> (artifact id: 'cbfe1901a7c6622832ae679846af6e75') in 0.019233 seconds 
========================================================================
Received Import Request.
  Time since last request: 0.000055 seconds.
  path: Assets/Assets/Cartoon FX Remaster/CFXR Assets/Meshes/cfxr mesh star6.fbx
  artifactKey: Guid(04eb6fb558fc96e408adfdc22a919448) Importer(815301076,1909f56bfc062723c751e8b465ee728b)
Start importing Assets/Assets/Cartoon FX Remaster/CFXR Assets/Meshes/cfxr mesh star6.fbx using Guid(04eb6fb558fc96e408adfdc22a919448) Importer(815301076,1909f56bfc062723c751e8b465ee728b)  -> (artifact id: '4927dba575621c03c75d9920bbd27dfd') in 0.024582 seconds 
========================================================================
Received Import Request.
  Time since last request: 0.000037 seconds.
  path: Assets/Assets/Cartoon FX Remaster/CFXR Assets/Graphics/cfxr explosion smoke alpha.png
  artifactKey: Guid(914231f4fc2a7194b9323d6e2cf86df0) Importer(815301076,1909f56bfc062723c751e8b465ee728b)
Start importing Assets/Assets/Cartoon FX Remaster/CFXR Assets/Graphics/cfxr explosion smoke alpha.png using Guid(914231f4fc2a7194b9323d6e2cf86df0) Importer(815301076,1909f56bfc062723c751e8b465ee728b)  -> (artifact id: '2092e6be418f933bffa4f0a658e68ffc') in 0.017101 seconds 
========================================================================
Received Import Request.
  Time since last request: 0.000036 seconds.
  path: Assets/Assets/Cartoon FX Remaster/CFXR Assets/Graphics/cfxr electric arc anim x4.mat
  artifactKey: Guid(21ce22ee4a68b854f8df2b3f4de750e1) Importer(815301076,1909f56bfc062723c751e8b465ee728b)
Start importing Assets/Assets/Cartoon FX Remaster/CFXR Assets/Graphics/cfxr electric arc anim x4.mat using Guid(21ce22ee4a68b854f8df2b3f4de750e1) Importer(815301076,1909f56bfc062723c751e8b465ee728b)  -> (artifact id: '7bd72849af8cf996b559fdf990809f7f') in 0.122845 seconds 
========================================================================
Received Import Request.
  Time since last request: 0.000070 seconds.
  path: Assets/Assets/Cartoon FX Remaster/CFXR Assets/Graphics/cfxr blood.png
  artifactKey: Guid(a29f55dbea218ca4fbd94deb36027aee) Importer(815301076,1909f56bfc062723c751e8b465ee728b)
Start importing Assets/Assets/Cartoon FX Remaster/CFXR Assets/Graphics/cfxr blood.png using Guid(a29f55dbea218ca4fbd94deb36027aee) Importer(815301076,1909f56bfc062723c751e8b465ee728b)  -> (artifact id: 'abd393be6a24161c4de3a6cf4c3ae33f') in 0.017579 seconds 
========================================================================
Received Import Request.
  Time since last request: 0.000056 seconds.
  path: Assets/Assets/Cartoon FX Remaster/CFXR Assets/Graphics/cfxr debris ice 2x2 ab lit.mat
  artifactKey: Guid(d7db40b0f0e0ac045b7b14e8f37ade3e) Importer(815301076,1909f56bfc062723c751e8b465ee728b)
Start importing Assets/Assets/Cartoon FX Remaster/CFXR Assets/Graphics/cfxr debris ice 2x2 ab lit.mat using Guid(d7db40b0f0e0ac045b7b14e8f37ade3e) Importer(815301076,1909f56bfc062723c751e8b465ee728b)  -> (artifact id: '4673ee8de55c5a273a6c444dffb6dce2') in 0.074617 seconds 
========================================================================
Received Import Request.
  Time since last request: 0.370448 seconds.
  path: Assets/Assets/Cartoon FX Remaster/CFXR Assets/Shaders/CFXR_PASSES.cginc
  artifactKey: Guid(0abf89ecb90eb024cbbc2a2dee76edf1) Importer(815301076,1909f56bfc062723c751e8b465ee728b)
Start importing Assets/Assets/Cartoon FX Remaster/CFXR Assets/Shaders/CFXR_PASSES.cginc using Guid(0abf89ecb90eb024cbbc2a2dee76edf1) Importer(815301076,1909f56bfc062723c751e8b465ee728b)  -> (artifact id: 'eaca38931a0653d00a625858be4e5a04') in 0.015034 seconds 
========================================================================
Received Import Request.
  Time since last request: 1.863370 seconds.
  path: Assets/Assets/Cartoon FX Remaster/CFXR Prefabs/Eerie/CFXR2 Souls Escape.prefab
  artifactKey: Guid(b5c8ca7ed10b61e499cce8ec3b6e2e4c) Importer(815301076,1909f56bfc062723c751e8b465ee728b)
Start importing Assets/Assets/Cartoon FX Remaster/CFXR Prefabs/Eerie/CFXR2 Souls Escape.prefab using Guid(b5c8ca7ed10b61e499cce8ec3b6e2e4c) Importer(815301076,1909f56bfc062723c751e8b465ee728b)  -> (artifact id: 'f43419b25ccbf34614760c26a0b2d5aa') in 0.133276 seconds 
========================================================================
Received Import Request.
  Time since last request: 0.918910 seconds.
  path: Assets/Assets/Cartoon FX Remaster/CFXR Prefabs/Explosions/CFXR Explosion Smoke 2 Solo (HDR).prefab
  artifactKey: Guid(4bda94453d2ca7444a0fff05b2d425f5) Importer(815301076,1909f56bfc062723c751e8b465ee728b)
Start importing Assets/Assets/Cartoon FX Remaster/CFXR Prefabs/Explosions/CFXR Explosion Smoke 2 Solo (HDR).prefab using Guid(4bda94453d2ca7444a0fff05b2d425f5) Importer(815301076,1909f56bfc062723c751e8b465ee728b)  -> (artifact id: 'bb656e4ff77225216391def60eaa0819') in 0.171303 seconds 
========================================================================
Received Import Request.
  Time since last request: 1.097843 seconds.
  path: Assets/Assets/Cartoon FX Remaster/CFXR Prefabs/Fire/CFXR Fire.prefab
  artifactKey: Guid(043176b6a68be2b43b073aaaa4782c7d) Importer(815301076,1909f56bfc062723c751e8b465ee728b)
Start importing Assets/Assets/Cartoon FX Remaster/CFXR Prefabs/Fire/CFXR Fire.prefab using Guid(043176b6a68be2b43b073aaaa4782c7d) Importer(815301076,1909f56bfc062723c751e8b465ee728b)  -> (artifact id: 'd2240e8f556d84c2bca8cb42b27d6fbd') in 0.024469 seconds 
========================================================================
Received Import Request.
  Time since last request: 3.407071 seconds.
  path: Assets/Assets/Cartoon FX Remaster/Demo Assets/CFXR Demo Ground.png
  artifactKey: Guid(cacfcc09b4fbf7e4baebb23fbaaff36b) Importer(815301076,1909f56bfc062723c751e8b465ee728b)
Start importing Assets/Assets/Cartoon FX Remaster/Demo Assets/CFXR Demo Ground.png using Guid(cacfcc09b4fbf7e4baebb23fbaaff36b) Importer(815301076,1909f56bfc062723c751e8b465ee728b)  -> (artifact id: 'b8717732f4f34660865852d0d91ee41f') in 0.021274 seconds 
========================================================================
Received Import Request.
  Time since last request: 3.004835 seconds.
  path: Assets/Assets/Cartoon FX Remaster/Demo Assets/UI/CFXR Demo Btn Arrow.png
  artifactKey: Guid(b0394665e16ef504bb922274dd606020) Importer(815301076,1909f56bfc062723c751e8b465ee728b)
Start importing Assets/Assets/Cartoon FX Remaster/Demo Assets/UI/CFXR Demo Btn Arrow.png using Guid(b0394665e16ef504bb922274dd606020) Importer(815301076,1909f56bfc062723c751e8b465ee728b)  -> (artifact id: 'efe020029303e6ec62a999eec454b84e') in 0.037849 seconds 
========================================================================
Received Import Request.
  Time since last request: 0.000048 seconds.
  path: Assets/Assets/Cartoon FX Remaster/Demo Assets/UI/CFXR Demo Btn Lights.png
  artifactKey: Guid(33e104ffb9168144ba9ff901fd2e54ae) Importer(815301076,1909f56bfc062723c751e8b465ee728b)
Start importing Assets/Assets/Cartoon FX Remaster/Demo Assets/UI/CFXR Demo Btn Lights.png using Guid(33e104ffb9168144ba9ff901fd2e54ae) Importer(815301076,1909f56bfc062723c751e8b465ee728b)  -> (artifact id: '4be3e0177d2541227ba322e24f284503') in 0.026152 seconds 
========================================================================
Received Import Request.
  Time since last request: 0.000025 seconds.
  path: Assets/Assets/Cartoon FX Remaster/Demo Assets/UI/CFXR Demo Btn Ground.png
  artifactKey: Guid(32b639b461ed6424eaacb0b92b1e8dc1) Importer(815301076,1909f56bfc062723c751e8b465ee728b)
Start importing Assets/Assets/Cartoon FX Remaster/Demo Assets/UI/CFXR Demo Btn Ground.png using Guid(32b639b461ed6424eaacb0b92b1e8dc1) Importer(815301076,1909f56bfc062723c751e8b465ee728b)  -> (artifact id: '51f39d7d6acebe1054e4e1057a6f2800') in 0.033717 seconds 
========================================================================
Received Import Request.
  Time since last request: 3.565868 seconds.
  path: Assets/Assets/Customizable Skybox/Materials/dark trunk.mat
  artifactKey: Guid(7c7f7e923f30d8b4193dfc9a7eb33ea9) Importer(815301076,1909f56bfc062723c751e8b465ee728b)
Start importing Assets/Assets/Customizable Skybox/Materials/dark trunk.mat using Guid(7c7f7e923f30d8b4193dfc9a7eb33ea9) Importer(815301076,1909f56bfc062723c751e8b465ee728b)  -> (artifact id: '1eea72f1627c1e206b1aafa90ca4ab3a') in 0.022757 seconds 
========================================================================
Received Import Request.
  Time since last request: 0.000038 seconds.
  path: Assets/Assets/Customizable Skybox/Materials/pine tree green.mat
  artifactKey: Guid(471bbc61de2af0a47bd80da0aacc49dc) Importer(815301076,1909f56bfc062723c751e8b465ee728b)
Start importing Assets/Assets/Customizable Skybox/Materials/pine tree green.mat using Guid(471bbc61de2af0a47bd80da0aacc49dc) Importer(815301076,1909f56bfc062723c751e8b465ee728b)  -> (artifact id: '4ddfeda58d9f6cf558db4bddbd3ba7b1') in 0.022066 seconds 
========================================================================
Received Import Request.
  Time since last request: 4.119891 seconds.
  path: Assets/Assets/Free Low Poly Desert Pack/FBX Files/Mixed Colors/Mixed_Cactus_01.fbx
  artifactKey: Guid(5886bf9675a27c2488f5e7defe740628) Importer(815301076,1909f56bfc062723c751e8b465ee728b)
Start importing Assets/Assets/Free Low Poly Desert Pack/FBX Files/Mixed Colors/Mixed_Cactus_01.fbx using Guid(5886bf9675a27c2488f5e7defe740628) Importer(815301076,1909f56bfc062723c751e8b465ee728b)  -> (artifact id: '6a0851929d9f303249627e8975405c42') in 0.120526 seconds 
========================================================================
Received Import Request.
  Time since last request: 0.000023 seconds.
  path: Assets/Assets/Free Low Poly Desert Pack/FBX Files/Mixed Colors/Mixed_Rock_01.fbx
  artifactKey: Guid(eb342f6eed94af74c8e910d8b3369c96) Importer(815301076,1909f56bfc062723c751e8b465ee728b)
Start importing Assets/Assets/Free Low Poly Desert Pack/FBX Files/Mixed Colors/Mixed_Rock_01.fbx using Guid(eb342f6eed94af74c8e910d8b3369c96) Importer(815301076,1909f56bfc062723c751e8b465ee728b)  -> (artifact id: '6e72a47076e65244cb2c76f08bcf5a17') in 0.033090 seconds 
========================================================================
Received Import Request.
  Time since last request: 0.696194 seconds.
  path: Assets/Assets/Free Low Poly Desert Pack/Materials/Base Desert Sand.mat
  artifactKey: Guid(71802d3a8b91efc4b8833222b5c3c152) Importer(815301076,1909f56bfc062723c751e8b465ee728b)
Start importing Assets/Assets/Free Low Poly Desert Pack/Materials/Base Desert Sand.mat using Guid(71802d3a8b91efc4b8833222b5c3c152) Importer(815301076,1909f56bfc062723c751e8b465ee728b)  -> (artifact id: '7a5e11598f095e4806cef57f91d30c66') in 0.073242 seconds 
========================================================================
Received Import Request.
  Time since last request: 2.109443 seconds.
  path: Assets/Assets/Free Low Poly Desert Pack/Materials/Texture/Desert Sand.png
  artifactKey: Guid(c6ed0c6463040474c886353259dafc29) Importer(815301076,1909f56bfc062723c751e8b465ee728b)
Start importing Assets/Assets/Free Low Poly Desert Pack/Materials/Texture/Desert Sand.png using Guid(c6ed0c6463040474c886353259dafc29) Importer(815301076,1909f56bfc062723c751e8b465ee728b)  -> (artifact id: '1081e877bd63b109247e926d9ecf8c4e') in 0.017197 seconds 
========================================================================
Received Import Request.
  Time since last request: 1.802435 seconds.
  path: Assets/Assets/Free Low Poly Desert Pack/Unity Prefabs/Bones/Mixed_Bone_02.prefab
  artifactKey: Guid(fb9f189dcf5d2ad4aad003a8a44b136d) Importer(815301076,1909f56bfc062723c751e8b465ee728b)
Start importing Assets/Assets/Free Low Poly Desert Pack/Unity Prefabs/Bones/Mixed_Bone_02.prefab using Guid(fb9f189dcf5d2ad4aad003a8a44b136d) Importer(815301076,1909f56bfc062723c751e8b465ee728b)  -> (artifact id: 'a713860ba1caa54ff69ce2b97d986e28') in 0.013794 seconds 
========================================================================
Received Import Request.
  Time since last request: 0.330723 seconds.
  path: Assets/Assets/Free Low Poly Desert Pack/Unity Prefabs/Constructions/Mixed_Well_01.prefab
  artifactKey: Guid(f149d460950e2ce478841483a0926f2a) Importer(815301076,1909f56bfc062723c751e8b465ee728b)
Start importing Assets/Assets/Free Low Poly Desert Pack/Unity Prefabs/Constructions/Mixed_Well_01.prefab using Guid(f149d460950e2ce478841483a0926f2a) Importer(815301076,1909f56bfc062723c751e8b465ee728b)  -> (artifact id: '85cd9da8eb4bc760b7b105d6a56cbb1f') in 0.021442 seconds 
========================================================================
Received Import Request.
  Time since last request: 0.329935 seconds.
  path: Assets/Assets/Free Low Poly Desert Pack/Unity Prefabs/Plants/Flat_Cactus_02.prefab
  artifactKey: Guid(9739a89a5ec460c4b94bb52719a0931c) Importer(815301076,1909f56bfc062723c751e8b465ee728b)
Start importing Assets/Assets/Free Low Poly Desert Pack/Unity Prefabs/Plants/Flat_Cactus_02.prefab using Guid(9739a89a5ec460c4b94bb52719a0931c) Importer(815301076,1909f56bfc062723c751e8b465ee728b)  -> (artifact id: '3517aade0fffe77426d5a4bc568ce11e') in 0.045339 seconds 
========================================================================
Received Import Request.
  Time since last request: 0.353306 seconds.
  path: Assets/Assets/Free Low Poly Desert Pack/Unity Prefabs/Rocks/Mixed_Rock_01.prefab
  artifactKey: Guid(8b8681c086a094348955216d4ef3cf0f) Importer(815301076,1909f56bfc062723c751e8b465ee728b)
Start importing Assets/Assets/Free Low Poly Desert Pack/Unity Prefabs/Rocks/Mixed_Rock_01.prefab using Guid(8b8681c086a094348955216d4ef3cf0f) Importer(815301076,1909f56bfc062723c751e8b465ee728b)  -> (artifact id: 'd3ca203b8419e05a6d4067d79d2047ca') in 0.018233 seconds 
========================================================================
Received Import Request.
  Time since last request: 0.396719 seconds.
  path: Assets/Assets/Free Low Poly Desert Pack/Unity Prefabs/Terrain/Mixed_Ground_01.prefab
  artifactKey: Guid(4c4ea267b7f410b418aa1a42c46bacd3) Importer(815301076,1909f56bfc062723c751e8b465ee728b)
Start importing Assets/Assets/Free Low Poly Desert Pack/Unity Prefabs/Terrain/Mixed_Ground_01.prefab using Guid(4c4ea267b7f410b418aa1a42c46bacd3) Importer(815301076,1909f56bfc062723c751e8b465ee728b)  -> (artifact id: '670c858f6795a0e31578020d1ba6ac68') in 0.016150 seconds 
========================================================================
Received Import Request.
  Time since last request: 0.233870 seconds.
  path: Assets/Assets/Free Low Poly Desert Pack/Unity Prefabs/Trees/Flat_Tree_02.prefab
  artifactKey: Guid(2222b58a5f6dde443bd027bc9bdf5d1d) Importer(815301076,1909f56bfc062723c751e8b465ee728b)
Start importing Assets/Assets/Free Low Poly Desert Pack/Unity Prefabs/Trees/Flat_Tree_02.prefab using Guid(2222b58a5f6dde443bd027bc9bdf5d1d) Importer(815301076,1909f56bfc062723c751e8b465ee728b)  -> (artifact id: '2cb7d392baa23c20863e4a9cbc7ae357') in 0.024360 seconds 
========================================================================
Received Import Request.
  Time since last request: 37.062328 seconds.
  path: Assets/Assets/GLASSOFCOINS - FPS low poly fps/throwables/Frag_Granade_prefab.prefab
  artifactKey: Guid(21dee39e8518c7044bf197ce0d114c2c) Importer(815301076,1909f56bfc062723c751e8b465ee728b)
Start importing Assets/Assets/GLASSOFCOINS - FPS low poly fps/throwables/Frag_Granade_prefab.prefab using Guid(21dee39e8518c7044bf197ce0d114c2c) Importer(815301076,1909f56bfc062723c751e8b465ee728b)  -> (artifact id: 'ec6768040f174127cd97c374583202b5') in 0.026107 seconds 
========================================================================
Received Import Request.
  Time since last request: 16.471603 seconds.
  path: Assets/Assets/Runemark Studio/Freebies/Polygon Desert Pack/TerrainData_68c147c8-4dfc-41ae-928a-a629917329a6.asset
  artifactKey: Guid(785596add56dfed41898a22e0ab1553b) Importer(815301076,1909f56bfc062723c751e8b465ee728b)
Start importing Assets/Assets/Runemark Studio/Freebies/Polygon Desert Pack/TerrainData_68c147c8-4dfc-41ae-928a-a629917329a6.asset using Guid(785596add56dfed41898a22e0ab1553b) Importer(815301076,1909f56bfc062723c751e8b465ee728b)  -> (artifact id: '5a6f9b2d7d7a238a4b5660137856b1a6') in 0.016055 seconds 
========================================================================
Received Prepare
Registering precompiled user dll's ...
Registered in 0.005196 seconds.
Begin MonoManager ReloadAssembly
Symbol file LoadedFromMemory doesn't match image C:\Users\87056\OneDrive\桌面\3702\My project (23)\Library\PackageCache\com.unity.visualscripting@1.7.8\Editor\VisualScripting.Core\Dependencies\YamlDotNet\Unity.VisualScripting.YamlDotNet.dll
Symbol file LoadedFromMemory doesn't match image C:\Users\87056\OneDrive\桌面\3702\My project (23)\Library\PackageCache\com.unity.visualscripting@1.7.8\Editor\VisualScripting.Core\Dependencies\DotNetZip\Unity.VisualScripting.IonicZip.dll
Native extension for WindowsStandalone target not found
Native extension for WebGL target not found
Refreshing native plugins compatible for Editor in 1.83 ms, found 3 plugins.
Preloading 0 native plugins for Editor in 0.00 ms.
Mono: successfully reloaded assembly
- Completed reload, in  0.886 seconds
Domain Reload Profiling:
	ReloadAssembly (887ms)
		BeginReloadAssembly (127ms)
			ExecutionOrderSort (0ms)
			DisableScriptedObjects (3ms)
			BackupInstance (0ms)
			ReleaseScriptingObjects (0ms)
			CreateAndSetChildDomain (41ms)
		EndReloadAssembly (685ms)
			LoadAssemblies (84ms)
			RebuildTransferFunctionScriptingTraits (0ms)
			SetupTypeCache (244ms)
			ReleaseScriptCaches (2ms)
			RebuildScriptCaches (43ms)
			SetupLoadedEditorAssemblies (279ms)
				LogAssemblyErrors (0ms)
				InitializePlatformSupportModulesInManaged (14ms)
				SetLoadedEditorAssemblies (0ms)
				RefreshPlugins (2ms)
				BeforeProcessingInitializeOnLoad (57ms)
				ProcessInitializeOnLoadAttributes (171ms)
				ProcessInitializeOnLoadMethodAttributes (28ms)
				AfterProcessingInitializeOnLoad (5ms)
				EditorAssembliesLoaded (0ms)
			ExecutionOrderSort2 (0ms)
			AwakeInstancesAfterBackupRestoration (5ms)
Platform modules already initialized, skipping
Refreshing native plugins compatible for Editor in 5.24 ms, found 3 plugins.
Preloading 0 native plugins for Editor in 0.00 ms.
Unloading 3423 Unused Serialized files (Serialized files now loaded: 0)
Unloading 20 unused Assets / (79.8 KB). Loaded Objects now: 3980.
Memory consumption went from 150.8 MB to 150.7 MB.
Total: 4.548300 ms (FindLiveObjects: 0.606400 ms CreateObjectMapping: 0.170600 ms MarkObjects: 3.631400 ms  DeleteObjects: 0.136700 ms)

AssetImportParameters requested are different than current active one (requested -> active):
  custom:video-decoder-ogg-theora: a1e56fd34408186e4bbccfd4996cb3dc -> 
  custom:container-muxer-webm: aa71ff27fc2769a1b78a27578f13a17b -> 
  custom:container-demuxer-webm: 4f35f7cbe854078d1ac9338744f61a02 -> 
  custom:video-encoder-webm-vp8: eb34c28f22e8b96e1ab97ce403110664 -> 
  custom:audio-encoder-webm-vorbis: bf7c407c2cedff20999df2af8eb42d56 -> 
  custom:framework-win-MediaFoundation: 216162199b28c13a410421893ffa2e32 -> 
  custom:container-demuxer-ogg: 62fdf1f143b41e24485cea50d1cbac27 -> 
  custom:video-decoder-webm-vp8: 9c59270c3fd7afecdb556c50c9e8de78 -> 
  custom:audio-decoder-ogg-vorbis: bf7c407c2cedff20999df2af8eb42d56 -> 
========================================================================
Received Prepare
Registering precompiled user dll's ...
Registered in 0.006111 seconds.
Begin MonoManager ReloadAssembly
Symbol file LoadedFromMemory doesn't match image C:\Users\87056\OneDrive\桌面\3702\My project (23)\Library\PackageCache\com.unity.visualscripting@1.7.8\Editor\VisualScripting.Core\Dependencies\YamlDotNet\Unity.VisualScripting.YamlDotNet.dll
Symbol file LoadedFromMemory doesn't match image C:\Users\87056\OneDrive\桌面\3702\My project (23)\Library\PackageCache\com.unity.visualscripting@1.7.8\Editor\VisualScripting.Core\Dependencies\DotNetZip\Unity.VisualScripting.IonicZip.dll
Native extension for WindowsStandalone target not found
Native extension for WebGL target not found
Refreshing native plugins compatible for Editor in 1.73 ms, found 3 plugins.
Preloading 0 native plugins for Editor in 0.00 ms.
Mono: successfully reloaded assembly
- Completed reload, in  0.917 seconds
Domain Reload Profiling:
	ReloadAssembly (917ms)
		BeginReloadAssembly (151ms)
			ExecutionOrderSort (0ms)
			DisableScriptedObjects (6ms)
			BackupInstance (0ms)
			ReleaseScriptingObjects (0ms)
			CreateAndSetChildDomain (50ms)
		EndReloadAssembly (681ms)
			LoadAssemblies (90ms)
			RebuildTransferFunctionScriptingTraits (0ms)
			SetupTypeCache (209ms)
			ReleaseScriptCaches (2ms)
			RebuildScriptCaches (39ms)
			SetupLoadedEditorAssemblies (305ms)
				LogAssemblyErrors (0ms)
				InitializePlatformSupportModulesInManaged (14ms)
				SetLoadedEditorAssemblies (1ms)
				RefreshPlugins (2ms)
				BeforeProcessingInitializeOnLoad (61ms)
				ProcessInitializeOnLoadAttributes (189ms)
				ProcessInitializeOnLoadMethodAttributes (31ms)
				AfterProcessingInitializeOnLoad (7ms)
				EditorAssembliesLoaded (0ms)
			ExecutionOrderSort2 (0ms)
			AwakeInstancesAfterBackupRestoration (7ms)
Platform modules already initialized, skipping
Refreshing native plugins compatible for Editor in 3.21 ms, found 3 plugins.
Preloading 0 native plugins for Editor in 0.00 ms.
Unloading 3423 Unused Serialized files (Serialized files now loaded: 0)
Unloading 20 unused Assets / (79.8 KB). Loaded Objects now: 3983.
Memory consumption went from 150.8 MB to 150.7 MB.
Total: 3.679300 ms (FindLiveObjects: 0.550400 ms CreateObjectMapping: 0.132200 ms MarkObjects: 2.896400 ms  DeleteObjects: 0.099100 ms)

AssetImportParameters requested are different than current active one (requested -> active):
  custom:video-decoder-ogg-theora: a1e56fd34408186e4bbccfd4996cb3dc -> 
  custom:container-muxer-webm: aa71ff27fc2769a1b78a27578f13a17b -> 
  custom:container-demuxer-webm: 4f35f7cbe854078d1ac9338744f61a02 -> 
  custom:video-encoder-webm-vp8: eb34c28f22e8b96e1ab97ce403110664 -> 
  custom:audio-encoder-webm-vorbis: bf7c407c2cedff20999df2af8eb42d56 -> 
  custom:framework-win-MediaFoundation: 216162199b28c13a410421893ffa2e32 -> 
  custom:container-demuxer-ogg: 62fdf1f143b41e24485cea50d1cbac27 -> 
  custom:video-decoder-webm-vp8: 9c59270c3fd7afecdb556c50c9e8de78 -> 
  custom:audio-decoder-ogg-vorbis: bf7c407c2cedff20999df2af8eb42d56 -> 
========================================================================
Received Prepare
Refreshing native plugins compatible for Editor in 6.28 ms, found 3 plugins.
Preloading 0 native plugins for Editor in 0.00 ms.
Unloading 20 Unused Serialized files (Serialized files now loaded: 0)
Unloading 20 unused Assets / (77.0 KB). Loaded Objects now: 3983.
Memory consumption went from 82.7 MB to 82.7 MB.
Total: 4.533900 ms (FindLiveObjects: 0.389300 ms CreateObjectMapping: 0.238800 ms MarkObjects: 3.627800 ms  DeleteObjects: 0.275600 ms)

AssetImportParameters requested are different than current active one (requested -> active):
  custom:video-decoder-ogg-theora: a1e56fd34408186e4bbccfd4996cb3dc -> 
  custom:container-muxer-webm: aa71ff27fc2769a1b78a27578f13a17b -> 
  custom:container-demuxer-webm: 4f35f7cbe854078d1ac9338744f61a02 -> 
  custom:video-encoder-webm-vp8: eb34c28f22e8b96e1ab97ce403110664 -> 
  custom:audio-encoder-webm-vorbis: bf7c407c2cedff20999df2af8eb42d56 -> 
  custom:framework-win-MediaFoundation: 216162199b28c13a410421893ffa2e32 -> 
  custom:container-demuxer-ogg: 62fdf1f143b41e24485cea50d1cbac27 -> 
  custom:video-decoder-webm-vp8: 9c59270c3fd7afecdb556c50c9e8de78 -> 
  custom:audio-decoder-ogg-vorbis: bf7c407c2cedff20999df2af8eb42d56 -> 
========================================================================
Received Prepare
Refreshing native plugins compatible for Editor in 3.42 ms, found 3 plugins.
Preloading 0 native plugins for Editor in 0.00 ms.
Unloading 20 Unused Serialized files (Serialized files now loaded: 0)
Unloading 20 unused Assets / (77.0 KB). Loaded Objects now: 3983.
Memory consumption went from 82.7 MB to 82.7 MB.
Total: 3.842500 ms (FindLiveObjects: 0.323000 ms CreateObjectMapping: 0.133800 ms MarkObjects: 3.279500 ms  DeleteObjects: 0.105300 ms)

AssetImportParameters requested are different than current active one (requested -> active):
  custom:video-decoder-ogg-theora: a1e56fd34408186e4bbccfd4996cb3dc -> 
  custom:container-muxer-webm: aa71ff27fc2769a1b78a27578f13a17b -> 
  custom:container-demuxer-webm: 4f35f7cbe854078d1ac9338744f61a02 -> 
  custom:video-encoder-webm-vp8: eb34c28f22e8b96e1ab97ce403110664 -> 
  custom:audio-encoder-webm-vorbis: bf7c407c2cedff20999df2af8eb42d56 -> 
  custom:framework-win-MediaFoundation: 216162199b28c13a410421893ffa2e32 -> 
  custom:container-demuxer-ogg: 62fdf1f143b41e24485cea50d1cbac27 -> 
  custom:video-decoder-webm-vp8: 9c59270c3fd7afecdb556c50c9e8de78 -> 
  custom:audio-decoder-ogg-vorbis: bf7c407c2cedff20999df2af8eb42d56 -> 
========================================================================
Received Import Request.
  Time since last request: 1592.058918 seconds.
  path: Assets/Assets/Runemark Studio/Freebies/PolyDesert Mobile/Meshes/Materials/polydesert_atlas.mat
  artifactKey: Guid(112298cd96534a44fa112c83939ac783) Importer(815301076,1909f56bfc062723c751e8b465ee728b)
Start importing Assets/Assets/Runemark Studio/Freebies/PolyDesert Mobile/Meshes/Materials/polydesert_atlas.mat using Guid(112298cd96534a44fa112c83939ac783) Importer(815301076,1909f56bfc062723c751e8b465ee728b)  -> (artifact id: 'fa12c3130ba0f5c8f5408f00ed6e00fe') in 0.079957 seconds 
========================================================================
Received Import Request.
  Time since last request: 0.349825 seconds.
  path: Assets/Assets/Runemark Studio/Freebies/PolyDesert Mobile/Prefabs/cactus01_m.prefab
  artifactKey: Guid(5da07da6c25a65249aa4f03d5ed92684) Importer(815301076,1909f56bfc062723c751e8b465ee728b)
Start importing Assets/Assets/Runemark Studio/Freebies/PolyDesert Mobile/Prefabs/cactus01_m.prefab using Guid(5da07da6c25a65249aa4f03d5ed92684) Importer(815301076,1909f56bfc062723c751e8b465ee728b)  -> (artifact id: 'd0efdc3a2b1d3867219257e34d4aa85d') in 0.037457 seconds 
========================================================================
Received Import Request.
  Time since last request: 0.000036 seconds.
  path: Assets/Assets/Runemark Studio/Freebies/PolyDesert Mobile/Prefabs/cactus03_m.prefab
  artifactKey: Guid(628ca882a5b7c144799112fa3339945c) Importer(815301076,1909f56bfc062723c751e8b465ee728b)
Start importing Assets/Assets/Runemark Studio/Freebies/PolyDesert Mobile/Prefabs/cactus03_m.prefab using Guid(628ca882a5b7c144799112fa3339945c) Importer(815301076,1909f56bfc062723c751e8b465ee728b)  -> (artifact id: 'e5d1c1dea05069f51b42137a8a982f0f') in 0.029956 seconds 
========================================================================
Received Import Request.
  Time since last request: 0.000025 seconds.
  path: Assets/Assets/Runemark Studio/Freebies/PolyDesert Mobile/Prefabs/rock02_m.prefab
  artifactKey: Guid(8f281d16e094c6a4896e37696e49dea9) Importer(815301076,1909f56bfc062723c751e8b465ee728b)
Start importing Assets/Assets/Runemark Studio/Freebies/PolyDesert Mobile/Prefabs/rock02_m.prefab using Guid(8f281d16e094c6a4896e37696e49dea9) Importer(815301076,1909f56bfc062723c751e8b465ee728b)  -> (artifact id: '7a0ba5d0b0fa264113a4707f92a0f898') in 0.024047 seconds 
========================================================================
Received Import Request.
  Time since last request: 0.000027 seconds.
  path: Assets/Assets/Runemark Studio/Freebies/PolyDesert Mobile/Prefabs/rock04_m.prefab
  artifactKey: Guid(91b67e25ff24e274980ffcba036fd290) Importer(815301076,1909f56bfc062723c751e8b465ee728b)
Start importing Assets/Assets/Runemark Studio/Freebies/PolyDesert Mobile/Prefabs/rock04_m.prefab using Guid(91b67e25ff24e274980ffcba036fd290) Importer(815301076,1909f56bfc062723c751e8b465ee728b)  -> (artifact id: '25b6ede750b57062c6f1ffb20146b89a') in 0.021666 seconds 
========================================================================
Received Import Request.
  Time since last request: 0.000022 seconds.
  path: Assets/Assets/Runemark Studio/Freebies/PolyDesert Mobile/Prefabs/rock05_m.prefab
  artifactKey: Guid(86ca6560575669f47bb9427d4e937af0) Importer(815301076,1909f56bfc062723c751e8b465ee728b)
Start importing Assets/Assets/Runemark Studio/Freebies/PolyDesert Mobile/Prefabs/rock05_m.prefab using Guid(86ca6560575669f47bb9427d4e937af0) Importer(815301076,1909f56bfc062723c751e8b465ee728b)  -> (artifact id: '655e10c6973e92e59d46d7f3e3909346') in 0.027796 seconds 
========================================================================
Received Import Request.
  Time since last request: 0.000027 seconds.
  path: Assets/Assets/Runemark Studio/Freebies/PolyDesert Mobile/Prefabs/rock01_m.prefab
  artifactKey: Guid(285b9972cdfec2a41a57161bddbe78ef) Importer(815301076,1909f56bfc062723c751e8b465ee728b)
Start importing Assets/Assets/Runemark Studio/Freebies/PolyDesert Mobile/Prefabs/rock01_m.prefab using Guid(285b9972cdfec2a41a57161bddbe78ef) Importer(815301076,1909f56bfc062723c751e8b465ee728b)  -> (artifact id: '9dd9a6c4ee41f6af89af3d341865b39b') in 0.020107 seconds 
========================================================================
Received Import Request.
  Time since last request: 2.607311 seconds.
  path: Assets/Assets/Runemark Studio/Freebies/Polygon Desert Pack/Prefabs/Cactus3.prefab
  artifactKey: Guid(50294217694c1a145a9a3b86f853c022) Importer(815301076,1909f56bfc062723c751e8b465ee728b)
Start importing Assets/Assets/Runemark Studio/Freebies/Polygon Desert Pack/Prefabs/Cactus3.prefab using Guid(50294217694c1a145a9a3b86f853c022) Importer(815301076,1909f56bfc062723c751e8b465ee728b)  -> (artifact id: '5ca5b8a84b23995323860707b97e573e') in 0.233067 seconds 
========================================================================
Received Import Request.
  Time since last request: 0.000031 seconds.
  path: Assets/Assets/Runemark Studio/Freebies/Polygon Desert Pack/Prefabs/rock07.prefab
  artifactKey: Guid(802bd3dc24c20394ca2037c1b9c882a0) Importer(815301076,1909f56bfc062723c751e8b465ee728b)
Start importing Assets/Assets/Runemark Studio/Freebies/Polygon Desert Pack/Prefabs/rock07.prefab using Guid(802bd3dc24c20394ca2037c1b9c882a0) Importer(815301076,1909f56bfc062723c751e8b465ee728b)  -> (artifact id: '1f3d5487dbb7b4bbeb7a19eff15a153b') in 0.023914 seconds 
========================================================================
Received Import Request.
  Time since last request: 0.321155 seconds.
  path: Assets/Audio/Game Over - Sound Effect (mp3).mp3
  artifactKey: Guid(543e518cabbbf234eb00dbb5608e69c9) Importer(815301076,1909f56bfc062723c751e8b465ee728b)
Start importing Assets/Audio/Game Over - Sound Effect (mp3).mp3 using Guid(543e518cabbbf234eb00dbb5608e69c9) Importer(815301076,1909f56bfc062723c751e8b465ee728b)  -> (artifact id: '3aa583c33b59ae12926be05086946bad') in 0.042253 seconds 
========================================================================
Received Import Request.
  Time since last request: 7.486003 seconds.
  path: Assets/Prefabs/Gun.prefab
  artifactKey: Guid(3209da97ca78dce4abb6e559b91369c2) Importer(815301076,1909f56bfc062723c751e8b465ee728b)
Start importing Assets/Prefabs/Gun.prefab using Guid(3209da97ca78dce4abb6e559b91369c2) Importer(815301076,1909f56bfc062723c751e8b465ee728b)  -> (artifact id: '6899f76b0f2679071f29c1551059c804') in 0.076471 seconds 
========================================================================
Received Import Request.
  Time since last request: 30.190935 seconds.
  path: Assets/UI Kit Pro - Kawaii/Prefabs/Buttons/Button Rectangle.prefab
  artifactKey: Guid(90f43b26cc9e941c09c29ef9ab1f0ad1) Importer(815301076,1909f56bfc062723c751e8b465ee728b)
Start importing Assets/UI Kit Pro - Kawaii/Prefabs/Buttons/Button Rectangle.prefab using Guid(90f43b26cc9e941c09c29ef9ab1f0ad1) Importer(815301076,1909f56bfc062723c751e8b465ee728b)  -> (artifact id: '76010770e4734bd84bb16ed2b9a70be5') in 0.029151 seconds 
========================================================================
Received Import Request.
  Time since last request: 1.543324 seconds.
  path: Assets/UI Kit Pro - Kawaii/Prefabs/Currencies/Currency Energy Style 1.prefab
  artifactKey: Guid(2b2b18fdf53774bf9989be33c6586304) Importer(815301076,1909f56bfc062723c751e8b465ee728b)
Start importing Assets/UI Kit Pro - Kawaii/Prefabs/Currencies/Currency Energy Style 1.prefab using Guid(2b2b18fdf53774bf9989be33c6586304) Importer(815301076,1909f56bfc062723c751e8b465ee728b)  -> (artifact id: '35c14292f5e36b8bcc6aceb52762defd') in 0.024050 seconds 
========================================================================
Received Import Request.
  Time since last request: 0.000054 seconds.
  path: Assets/UI Kit Pro - Kawaii/Prefabs/Currencies/Currency Gem 1 Style 3.prefab
  artifactKey: Guid(dbb3d5cb3d73b45029eb8060061b60f9) Importer(815301076,1909f56bfc062723c751e8b465ee728b)
Start importing Assets/UI Kit Pro - Kawaii/Prefabs/Currencies/Currency Gem 1 Style 3.prefab using Guid(dbb3d5cb3d73b45029eb8060061b60f9) Importer(815301076,1909f56bfc062723c751e8b465ee728b)  -> (artifact id: '123836798685fe5bf21d6c9b429dbd6d') in 0.015962 seconds 
========================================================================
Received Import Request.
  Time since last request: 0.000045 seconds.
  path: Assets/UI Kit Pro - Kawaii/Prefabs/Currencies/Currency Gem 2 Style 1.prefab
  artifactKey: Guid(4bcc31aad19414d18a3fbdb3ae169d91) Importer(815301076,1909f56bfc062723c751e8b465ee728b)
Start importing Assets/UI Kit Pro - Kawaii/Prefabs/Currencies/Currency Gem 2 Style 1.prefab using Guid(4bcc31aad19414d18a3fbdb3ae169d91) Importer(815301076,1909f56bfc062723c751e8b465ee728b)  -> (artifact id: '1c9390ac9a37de404333150181e767c1') in 0.019448 seconds 
========================================================================
Received Import Request.
  Time since last request: 0.000085 seconds.
  path: Assets/UI Kit Pro - Kawaii/Prefabs/Currencies/Currency Gem 3 Style 2.prefab
  artifactKey: Guid(3507c171d843941beae2c91e19699b09) Importer(815301076,1909f56bfc062723c751e8b465ee728b)
Start importing Assets/UI Kit Pro - Kawaii/Prefabs/Currencies/Currency Gem 3 Style 2.prefab using Guid(3507c171d843941beae2c91e19699b09) Importer(815301076,1909f56bfc062723c751e8b465ee728b)  -> (artifact id: 'ef9120cdd4081b40b7b6a6d3cc7fe160') in 0.014869 seconds 
========================================================================
Received Import Request.
  Time since last request: 0.000024 seconds.
  path: Assets/UI Kit Pro - Kawaii/Prefabs/Currencies/Currency Money Style 1.prefab
  artifactKey: Guid(2805bfb89fb3e4f04aa4f535e6d75b69) Importer(815301076,1909f56bfc062723c751e8b465ee728b)
Start importing Assets/UI Kit Pro - Kawaii/Prefabs/Currencies/Currency Money Style 1.prefab using Guid(2805bfb89fb3e4f04aa4f535e6d75b69) Importer(815301076,1909f56bfc062723c751e8b465ee728b)  -> (artifact id: '1e36c58a35472ba68d3be24589fc1868') in 0.012875 seconds 
========================================================================
Received Import Request.
  Time since last request: 0.289687 seconds.
  path: Assets/UI Kit Pro - Kawaii/Prefabs/Headers/Header Flag2 Shade.prefab
  artifactKey: Guid(7704b9da56e3543a893ef05c668ab3d8) Importer(815301076,1909f56bfc062723c751e8b465ee728b)
Start importing Assets/UI Kit Pro - Kawaii/Prefabs/Headers/Header Flag2 Shade.prefab using Guid(7704b9da56e3543a893ef05c668ab3d8) Importer(815301076,1909f56bfc062723c751e8b465ee728b)  -> (artifact id: '46c5e14246b9f5ef280e8b299715708f') in 0.020282 seconds 
========================================================================
Received Import Request.
  Time since last request: 0.457235 seconds.
  path: Assets/UI Kit Pro - Kawaii/Prefabs/Lootbox/Loot Box Elite.prefab
  artifactKey: Guid(a1566224b40cc46d9bcf0ff6c47ebb94) Importer(815301076,1909f56bfc062723c751e8b465ee728b)
Start importing Assets/UI Kit Pro - Kawaii/Prefabs/Lootbox/Loot Box Elite.prefab using Guid(a1566224b40cc46d9bcf0ff6c47ebb94) Importer(815301076,1909f56bfc062723c751e8b465ee728b)  -> (artifact id: '4ead421d6e293ac3dcac27c97614e975') in 0.022757 seconds 
========================================================================
Received Import Request.
  Time since last request: 0.000038 seconds.
  path: Assets/UI Kit Pro - Kawaii/Prefabs/Lootbox/Loot Box Silver.prefab
  artifactKey: Guid(2fe4759106969400abfca25a88645243) Importer(815301076,1909f56bfc062723c751e8b465ee728b)
Start importing Assets/UI Kit Pro - Kawaii/Prefabs/Lootbox/Loot Box Silver.prefab using Guid(2fe4759106969400abfca25a88645243) Importer(815301076,1909f56bfc062723c751e8b465ee728b)  -> (artifact id: 'e98aabb451c12c96d2af30ac3d971c32') in 0.023302 seconds 
========================================================================
Received Import Request.
  Time since last request: 0.787150 seconds.
  path: Assets/UI Kit Pro - Kawaii/Prefabs/Panels/Panel Style 1.prefab
  artifactKey: Guid(a19525d61f00843ff86ad2278a10957b) Importer(815301076,1909f56bfc062723c751e8b465ee728b)
Start importing Assets/UI Kit Pro - Kawaii/Prefabs/Panels/Panel Style 1.prefab using Guid(a19525d61f00843ff86ad2278a10957b) Importer(815301076,1909f56bfc062723c751e8b465ee728b)  -> (artifact id: 'd6857a0956490d53174cd96a1046faa1') in 0.024802 seconds 
========================================================================
Received Import Request.
  Time since last request: 21.893856 seconds.
  path: Assets/Scenes/DEMO/NavMesh.asset
  artifactKey: Guid(78c1c6440e3a0ec4ea5ee265488f3de4) Importer(815301076,1909f56bfc062723c751e8b465ee728b)
Start importing Assets/Scenes/DEMO/NavMesh.asset using Guid(78c1c6440e3a0ec4ea5ee265488f3de4) Importer(815301076,1909f56bfc062723c751e8b465ee728b)  -> (artifact id: '26c4344786ecb40b26d67781fc5d2f5b') in 0.011282 seconds 
========================================================================
Received Import Request.
  Time since last request: 12.295913 seconds.
  path: Assets/MedievalFantasyWorld/_Common/Demo/Mat_Ice.mat
  artifactKey: Guid(950b41f645a994c40afe0bd0c0f5bf61) Importer(815301076,1909f56bfc062723c751e8b465ee728b)
Start importing Assets/MedievalFantasyWorld/_Common/Demo/Mat_Ice.mat using Guid(950b41f645a994c40afe0bd0c0f5bf61) Importer(815301076,1909f56bfc062723c751e8b465ee728b)  -> (artifact id: '297a0cbe64362206301591bc542e6ebe') in 0.021804 seconds 
========================================================================
Received Import Request.
  Time since last request: 0.000029 seconds.
  path: Assets/MedievalFantasyWorld/_Common/Demo/Mat_Sand 1.mat
  artifactKey: Guid(fb4d4b62c95da254c99ea1a26f1b19ea) Importer(815301076,1909f56bfc062723c751e8b465ee728b)
Start importing Assets/MedievalFantasyWorld/_Common/Demo/Mat_Sand 1.mat using Guid(fb4d4b62c95da254c99ea1a26f1b19ea) Importer(815301076,1909f56bfc062723c751e8b465ee728b)  -> (artifact id: '334d21fe8533c8854e7457d4a97a85b6') in 0.029061 seconds 
========================================================================
Received Import Request.
  Time since last request: 0.000032 seconds.
  path: Assets/MedievalFantasyWorld/_Common/Demo/Mat_Sand.mat
  artifactKey: Guid(b89775e4cc76cfe4ba301cc3f286040c) Importer(815301076,1909f56bfc062723c751e8b465ee728b)
Start importing Assets/MedievalFantasyWorld/_Common/Demo/Mat_Sand.mat using Guid(b89775e4cc76cfe4ba301cc3f286040c) Importer(815301076,1909f56bfc062723c751e8b465ee728b)  -> (artifact id: '5b31c791f5cb6a56b4e50b548f1c01ce') in 0.019110 seconds 
========================================================================
Received Import Request.
  Time since last request: 16.108800 seconds.
  path: Assets/Forest Creatures Pack/Treasure Goblin/FBX/Treasure Goblin@Jump In Place.FBX
  artifactKey: Guid(95ce8efa17f58da4bb86af763ed96bbc) Importer(815301076,1909f56bfc062723c751e8b465ee728b)
Start importing Assets/Forest Creatures Pack/Treasure Goblin/FBX/Treasure Goblin@Jump In Place.FBX using Guid(95ce8efa17f58da4bb86af763ed96bbc) Importer(815301076,1909f56bfc062723c751e8b465ee728b)  -> (artifact id: 'f833bf829ea5f36e91b6f28f39bdbffd') in 0.090747 seconds 
========================================================================
Received Import Request.
  Time since last request: 0.000044 seconds.
  path: Assets/Forest Creatures Pack/Treasure Goblin/FBX/Treasure Goblin@Walk Forward W Root Motion.FBX
  artifactKey: Guid(a0ee0156df740404a90ec7ca4ae8876f) Importer(815301076,1909f56bfc062723c751e8b465ee728b)
Start importing Assets/Forest Creatures Pack/Treasure Goblin/FBX/Treasure Goblin@Walk Forward W Root Motion.FBX using Guid(a0ee0156df740404a90ec7ca4ae8876f) Importer(815301076,1909f56bfc062723c751e8b465ee728b)  -> (artifact id: '45081bc5e3ecc999f156ff100e71199a') in 0.087905 seconds 
========================================================================
Received Import Request.
  Time since last request: 0.000045 seconds.
  path: Assets/Forest Creatures Pack/Treasure Goblin/FBX/Treasure Goblin@Walk Backward In Place.FBX
  artifactKey: Guid(dea52341b4daba648a731a20b976959c) Importer(815301076,1909f56bfc062723c751e8b465ee728b)
Start importing Assets/Forest Creatures Pack/Treasure Goblin/FBX/Treasure Goblin@Walk Backward In Place.FBX using Guid(dea52341b4daba648a731a20b976959c) Importer(815301076,1909f56bfc062723c751e8b465ee728b)  -> (artifact id: 'd4a0437b95a95f4561c663f2c925d537') in 0.082747 seconds 
========================================================================
Received Import Request.
  Time since last request: 0.000064 seconds.
  path: Assets/Forest Creatures Pack/Treasure Goblin/FBX/Treasure Goblin@SliceAttack.FBX
  artifactKey: Guid(2d7458da46a181e4cb57111dc384584a) Importer(815301076,1909f56bfc062723c751e8b465ee728b)
Start importing Assets/Forest Creatures Pack/Treasure Goblin/FBX/Treasure Goblin@SliceAttack.FBX using Guid(2d7458da46a181e4cb57111dc384584a) Importer(815301076,1909f56bfc062723c751e8b465ee728b)  -> (artifact id: '5f0ee925ffb19e88c3c9e87e5d5ff49d') in 0.096252 seconds 
========================================================================
Received Import Request.
  Time since last request: 3.333092 seconds.
  path: Assets/Forest Creatures Pack/Treasure Goblin/Materials/Treasure Goblin - Red.mat
  artifactKey: Guid(56406e3d383dedf488a3f14a5dae66ef) Importer(815301076,1909f56bfc062723c751e8b465ee728b)
Start importing Assets/Forest Creatures Pack/Treasure Goblin/Materials/Treasure Goblin - Red.mat using Guid(56406e3d383dedf488a3f14a5dae66ef) Importer(815301076,1909f56bfc062723c751e8b465ee728b)  -> (artifact id: 'e9d8429bfbaf80a9426bc4a6fc2f7755') in 0.056762 seconds 
========================================================================
Received Import Request.
  Time since last request: 3.280584 seconds.
  path: Assets/Forest Creatures Pack/Treasure Goblin/Textures/Treasure Goblin - Red.png
  artifactKey: Guid(0bde0b3f248c7e244b6e8edcb144727e) Importer(815301076,1909f56bfc062723c751e8b465ee728b)
Start importing Assets/Forest Creatures Pack/Treasure Goblin/Textures/Treasure Goblin - Red.png using Guid(0bde0b3f248c7e244b6e8edcb144727e) Importer(815301076,1909f56bfc062723c751e8b465ee728b)  -> (artifact id: '91debb6ccd726258baac2af9a226db0b') in 0.036067 seconds 
========================================================================
Received Import Request.
  Time since last request: 5.265849 seconds.
  path: Assets/Forest Creatures Pack/Nymph Fairy/Materials/Petals.mat
  artifactKey: Guid(2055eab9d5ebf7d4c945143a9cec0a3c) Importer(815301076,1909f56bfc062723c751e8b465ee728b)
Start importing Assets/Forest Creatures Pack/Nymph Fairy/Materials/Petals.mat using Guid(2055eab9d5ebf7d4c945143a9cec0a3c) Importer(815301076,1909f56bfc062723c751e8b465ee728b)  -> (artifact id: 'b7b6630b18be14481b4f6b23a7413fe3') in 0.038702 seconds 
========================================================================
Received Import Request.
  Time since last request: 0.461045 seconds.
  path: Assets/Forest Creatures Pack/Nymph Fairy/Prefabs/VFX-Blowing Petals.prefab
  artifactKey: Guid(8494d1f010d573c46b2647551d4683ab) Importer(815301076,1909f56bfc062723c751e8b465ee728b)
Start importing Assets/Forest Creatures Pack/Nymph Fairy/Prefabs/VFX-Blowing Petals.prefab using Guid(8494d1f010d573c46b2647551d4683ab) Importer(815301076,1909f56bfc062723c751e8b465ee728b)  -> (artifact id: '660986eace3ee521857f3c4adbaf5670') in 0.019228 seconds 
========================================================================
Received Import Request.
  Time since last request: 0.000021 seconds.
  path: Assets/Forest Creatures Pack/Nymph Fairy/Prefabs/VFX-Projectile-Pink.prefab
  artifactKey: Guid(9a46e80c7b9dff9479fdd06e91caee0f) Importer(815301076,1909f56bfc062723c751e8b465ee728b)
Start importing Assets/Forest Creatures Pack/Nymph Fairy/Prefabs/VFX-Projectile-Pink.prefab using Guid(9a46e80c7b9dff9479fdd06e91caee0f) Importer(815301076,1909f56bfc062723c751e8b465ee728b)  -> (artifact id: '87f4ea8a572c8b7cf1d5f44c5c76d6e7') in 0.014722 seconds 
========================================================================
Received Import Request.
  Time since last request: 2.421979 seconds.
  path: Assets/Forest Creatures Pack/Nymph Fairy/Textures/Nymph Fairy - Pink.png
  artifactKey: Guid(094c60bdba5661d43bd05c6461ed6908) Importer(815301076,1909f56bfc062723c751e8b465ee728b)
Start importing Assets/Forest Creatures Pack/Nymph Fairy/Textures/Nymph Fairy - Pink.png using Guid(094c60bdba5661d43bd05c6461ed6908) Importer(815301076,1909f56bfc062723c751e8b465ee728b)  -> (artifact id: '5635958692a512697294377f3aa886f5') in 0.022551 seconds 
========================================================================
Received Import Request.
  Time since last request: 0.000032 seconds.
  path: Assets/Forest Creatures Pack/Nymph Fairy/Textures/Petals.psd
  artifactKey: Guid(94d1c6938b15d434e859b381fbc3248f) Importer(815301076,1909f56bfc062723c751e8b465ee728b)
Start importing Assets/Forest Creatures Pack/Nymph Fairy/Textures/Petals.psd using Guid(94d1c6938b15d434e859b381fbc3248f) Importer(815301076,1909f56bfc062723c751e8b465ee728b)  -> (artifact id: '2e8006c15b14b7bbe31f8ab6178f7a4a') in 0.013726 seconds 
========================================================================
Received Import Request.
  Time since last request: 4.251111 seconds.
  path: Assets/Forest Creatures Pack/Monster Bee/FBX/Monster Bee@Die.FBX
  artifactKey: Guid(71457934b5ea1ed479860e36a74b837c) Importer(815301076,1909f56bfc062723c751e8b465ee728b)
Start importing Assets/Forest Creatures Pack/Monster Bee/FBX/Monster Bee@Die.FBX using Guid(71457934b5ea1ed479860e36a74b837c) Importer(815301076,1909f56bfc062723c751e8b465ee728b)  -> (artifact id: '6c0affa23ebd99679e62d87f4998309f') in 0.115555 seconds 
========================================================================
Received Import Request.
  Time since last request: 0.000045 seconds.
  path: Assets/Forest Creatures Pack/Monster Bee/FBX/Monster Bee@Fly Forward.FBX
  artifactKey: Guid(582592de04089a34fa21140ef7abab1d) Importer(815301076,1909f56bfc062723c751e8b465ee728b)
Start importing Assets/Forest Creatures Pack/Monster Bee/FBX/Monster Bee@Fly Forward.FBX using Guid(582592de04089a34fa21140ef7abab1d) Importer(815301076,1909f56bfc062723c751e8b465ee728b)  -> (artifact id: '484d7557ca0db67a14f37b73379cf54a') in 0.086692 seconds 
========================================================================
Received Import Request.
  Time since last request: 0.227181 seconds.
  path: Assets/Forest Creatures Pack/Monster Bee/Materials/Monster Bee - Yellow.mat
  artifactKey: Guid(39a2028f8b8168549b818903489f8487) Importer(815301076,1909f56bfc062723c751e8b465ee728b)
Start importing Assets/Forest Creatures Pack/Monster Bee/Materials/Monster Bee - Yellow.mat using Guid(39a2028f8b8168549b818903489f8487) Importer(815301076,1909f56bfc062723c751e8b465ee728b)  -> (artifact id: 'b789edbf4335971c5f9b887f94d226a6') in 0.051345 seconds 
========================================================================
Received Import Request.
  Time since last request: 1.896847 seconds.
  path: Assets/Forest Creatures Pack/Monster Bee/Textures/Monster Bee - Yellow.png
  artifactKey: Guid(bfa0ed3386404d6418d0f89d98a64523) Importer(815301076,1909f56bfc062723c751e8b465ee728b)
Start importing Assets/Forest Creatures Pack/Monster Bee/Textures/Monster Bee - Yellow.png using Guid(bfa0ed3386404d6418d0f89d98a64523) Importer(815301076,1909f56bfc062723c751e8b465ee728b)  -> (artifact id: '26ac63c1ccbb0f588ddd182decf9b86b') in 0.029287 seconds 
========================================================================
Received Import Request.
  Time since last request: 2.500770 seconds.
  path: Assets/Forest Creatures Pack/Forest Wolf/Textures/Forest Wolf - White.png
  artifactKey: Guid(b7511b6ccf7580a40b53c9ab0f8f2585) Importer(815301076,1909f56bfc062723c751e8b465ee728b)
Start importing Assets/Forest Creatures Pack/Forest Wolf/Textures/Forest Wolf - White.png using Guid(b7511b6ccf7580a40b53c9ab0f8f2585) Importer(815301076,1909f56bfc062723c751e8b465ee728b)  -> (artifact id: '7d4cba4af2e5c424ab3f725cf2df5c42') in 0.040895 seconds 
========================================================================
Received Import Request.
  Time since last request: 2.002547 seconds.
  path: Assets/Forest Creatures Pack/Forest Wolf/Prefabs/Forest Wolf - White.prefab
  artifactKey: Guid(cbbcf448e91004f4498580c98497d10e) Importer(815301076,1909f56bfc062723c751e8b465ee728b)
Start importing Assets/Forest Creatures Pack/Forest Wolf/Prefabs/Forest Wolf - White.prefab using Guid(cbbcf448e91004f4498580c98497d10e) Importer(815301076,1909f56bfc062723c751e8b465ee728b)  -> (artifact id: 'f30a781b9b725e6e04ed09bf2ee94198') in 0.067640 seconds 
========================================================================
Received Import Request.
  Time since last request: 21.048099 seconds.
  path: Assets/Forest Creatures Pack/Evil Mushroom/Materials/EvilMushroom-Red.mat
  artifactKey: Guid(466a3bbef1609e148ace8d615b72e9f7) Importer(815301076,1909f56bfc062723c751e8b465ee728b)
Start importing Assets/Forest Creatures Pack/Evil Mushroom/Materials/EvilMushroom-Red.mat using Guid(466a3bbef1609e148ace8d615b72e9f7) Importer(815301076,1909f56bfc062723c751e8b465ee728b)  -> (artifact id: '579abe7e85125a63068c2814643278c1') in 0.068963 seconds 
========================================================================
Received Import Request.
  Time since last request: 1.761670 seconds.
  path: Assets/Forest Creatures Pack/Evil Mushroom/Textures/EvilMushroom-Purple.png
  artifactKey: Guid(6d9c544f245ac0c49a45fb9c55b45cf9) Importer(815301076,1909f56bfc062723c751e8b465ee728b)
Start importing Assets/Forest Creatures Pack/Evil Mushroom/Textures/EvilMushroom-Purple.png using Guid(6d9c544f245ac0c49a45fb9c55b45cf9) Importer(815301076,1909f56bfc062723c751e8b465ee728b)  -> (artifact id: '58a76dd90ed7e275d39bb51d5f21c599') in 0.029911 seconds 
========================================================================
Received Import Request.
  Time since last request: 1.181092 seconds.
  path: Assets/Forest Creatures Pack/Evil Mushroom/Prefabs/Evil Mushroom-Red.prefab
  artifactKey: Guid(d5315294978a47d4cabac6f8bfd9e0fe) Importer(815301076,1909f56bfc062723c751e8b465ee728b)
Start importing Assets/Forest Creatures Pack/Evil Mushroom/Prefabs/Evil Mushroom-Red.prefab using Guid(d5315294978a47d4cabac6f8bfd9e0fe) Importer(815301076,1909f56bfc062723c751e8b465ee728b)  -> (artifact id: '942164de04fddd60c59c5b71811d50b3') in 0.077852 seconds 
========================================================================
Received Import Request.
  Time since last request: 4.986206 seconds.
  path: Assets/Forest Creatures Pack/Fantasy Dragon/Prefabs/Fantasy Dragon-Red.prefab
  artifactKey: Guid(62a9d50ffa206f7459b0f83134de38db) Importer(815301076,1909f56bfc062723c751e8b465ee728b)
Start importing Assets/Forest Creatures Pack/Fantasy Dragon/Prefabs/Fantasy Dragon-Red.prefab using Guid(62a9d50ffa206f7459b0f83134de38db) Importer(815301076,1909f56bfc062723c751e8b465ee728b)  -> (artifact id: 'e5d2a75380a839d5a94a80271092e1f8') in 0.199772 seconds 
========================================================================
Received Import Request.
  Time since last request: 3.640192 seconds.
  path: Assets/Forest Creatures Pack/Forest Bat/Prefabs/Forest Bat-Yellow.prefab
  artifactKey: Guid(765a94d601dad1248aa028d13ef8d064) Importer(815301076,1909f56bfc062723c751e8b465ee728b)
Start importing Assets/Forest Creatures Pack/Forest Bat/Prefabs/Forest Bat-Yellow.prefab using Guid(765a94d601dad1248aa028d13ef8d064) Importer(815301076,1909f56bfc062723c751e8b465ee728b)  -> (artifact id: 'ca2464f64b45198b15b1a89d43dc981e') in 0.062151 seconds 
========================================================================
Received Import Request.
  Time since last request: 20.659173 seconds.
  path: Assets/Brick Project Studio/Hospital Medical Office Kit/Common/Textures/Ext Int/Int_MD_01_Albedo.png
  artifactKey: Guid(ea85d7639b9c32644998cf709109e373) Importer(815301076,1909f56bfc062723c751e8b465ee728b)
Start importing Assets/Brick Project Studio/Hospital Medical Office Kit/Common/Textures/Ext Int/Int_MD_01_Albedo.png using Guid(ea85d7639b9c32644998cf709109e373) Importer(815301076,1909f56bfc062723c751e8b465ee728b)  -> (artifact id: 'd45d7b6d633999f758f86f5bb7103cf9') in 0.031545 seconds 
========================================================================
Received Import Request.
  Time since last request: 0.000024 seconds.
  path: Assets/Brick Project Studio/Hospital Medical Office Kit/Common/Textures/Ext Int/Int_MD_03_Albedo.png
  artifactKey: Guid(4d1f9fcfb4733c746a3e4a436796c9ec) Importer(815301076,1909f56bfc062723c751e8b465ee728b)
Start importing Assets/Brick Project Studio/Hospital Medical Office Kit/Common/Textures/Ext Int/Int_MD_03_Albedo.png using Guid(4d1f9fcfb4733c746a3e4a436796c9ec) Importer(815301076,1909f56bfc062723c751e8b465ee728b)  -> (artifact id: '2c8dded2482c713685a606a26630daae') in 0.028492 seconds 
========================================================================
Received Import Request.
  Time since last request: 0.353168 seconds.
  path: Assets/Brick Project Studio/Hospital Medical Office Kit/Common/Textures/Fabric/Fabric_01_MD_Normal.png
  artifactKey: Guid(05eb2480dde43da4fa0d18f4dc851666) Importer(815301076,1909f56bfc062723c751e8b465ee728b)
Start importing Assets/Brick Project Studio/Hospital Medical Office Kit/Common/Textures/Fabric/Fabric_01_MD_Normal.png using Guid(05eb2480dde43da4fa0d18f4dc851666) Importer(815301076,1909f56bfc062723c751e8b465ee728b)  -> (artifact id: '16a46203da12c64a31ec27e9f669e271') in 0.033586 seconds 
========================================================================
Received Import Request.
  Time since last request: 0.000029 seconds.
  path: Assets/Brick Project Studio/Hospital Medical Office Kit/Common/Textures/Fabric/Fabric_02_MD_Metalic.png
  artifactKey: Guid(d0604a427b1cde448a90d2db29172a3a) Importer(815301076,1909f56bfc062723c751e8b465ee728b)
Start importing Assets/Brick Project Studio/Hospital Medical Office Kit/Common/Textures/Fabric/Fabric_02_MD_Metalic.png using Guid(d0604a427b1cde448a90d2db29172a3a) Importer(815301076,1909f56bfc062723c751e8b465ee728b)  -> (artifact id: '0a3e274bc356d672d0ce99685657bd97') in 0.032535 seconds 
========================================================================
Received Import Request.
  Time since last request: 0.000116 seconds.
  path: Assets/Brick Project Studio/Hospital Medical Office Kit/Common/Textures/Fabric/Leather_MD_01_Height.png
  artifactKey: Guid(f2f7bc89074d09e41a4ace0514bac791) Importer(815301076,1909f56bfc062723c751e8b465ee728b)
Start importing Assets/Brick Project Studio/Hospital Medical Office Kit/Common/Textures/Fabric/Leather_MD_01_Height.png using Guid(f2f7bc89074d09e41a4ace0514bac791) Importer(815301076,1909f56bfc062723c751e8b465ee728b)  -> (artifact id: '69a4314d108292f972109c443fab5c9e') in 0.087504 seconds 
========================================================================
Received Import Request.
  Time since last request: 0.000024 seconds.
  path: Assets/Brick Project Studio/Hospital Medical Office Kit/Common/Textures/Fabric/Lamp Pattern_03.png
  artifactKey: Guid(93c3853c31c6a23428555de4f85f6bd9) Importer(815301076,1909f56bfc062723c751e8b465ee728b)
Start importing Assets/Brick Project Studio/Hospital Medical Office Kit/Common/Textures/Fabric/Lamp Pattern_03.png using Guid(93c3853c31c6a23428555de4f85f6bd9) Importer(815301076,1909f56bfc062723c751e8b465ee728b)  -> (artifact id: '26e4531f048198c75f5de0659cf40b63') in 0.020293 seconds 
========================================================================
Received Import Request.
  Time since last request: 0.255443 seconds.
  path: Assets/Brick Project Studio/Hospital Medical Office Kit/Common/Textures/Meds/MedBox_02_01.png
  artifactKey: Guid(76e81553e8bf0614d88b8a52c5efb31e) Importer(815301076,1909f56bfc062723c751e8b465ee728b)
Start importing Assets/Brick Project Studio/Hospital Medical Office Kit/Common/Textures/Meds/MedBox_02_01.png using Guid(76e81553e8bf0614d88b8a52c5efb31e) Importer(815301076,1909f56bfc062723c751e8b465ee728b)  -> (artifact id: '448641d36738c7ea402732df738406ab') in 0.033715 seconds 
========================================================================
Received Import Request.
  Time since last request: 0.000046 seconds.
  path: Assets/Brick Project Studio/Hospital Medical Office Kit/Common/Textures/Meds/SprayBottle_MD_01.png
  artifactKey: Guid(a269899625342a34ba409a2173a871a4) Importer(815301076,1909f56bfc062723c751e8b465ee728b)
Start importing Assets/Brick Project Studio/Hospital Medical Office Kit/Common/Textures/Meds/SprayBottle_MD_01.png using Guid(a269899625342a34ba409a2173a871a4) Importer(815301076,1909f56bfc062723c751e8b465ee728b)  -> (artifact id: '248cfe627eb47efabe690da95c5157f1') in 0.023160 seconds 
========================================================================
Received Import Request.
  Time since last request: 0.000042 seconds.
  path: Assets/Brick Project Studio/Hospital Medical Office Kit/Common/Textures/Meds/Soap_MD_01.png
  artifactKey: Guid(fa9732cc787073b408699df898f1994c) Importer(815301076,1909f56bfc062723c751e8b465ee728b)
Start importing Assets/Brick Project Studio/Hospital Medical Office Kit/Common/Textures/Meds/Soap_MD_01.png using Guid(fa9732cc787073b408699df898f1994c) Importer(815301076,1909f56bfc062723c751e8b465ee728b)  -> (artifact id: '5904692d0c1af4c3739967b71569f5cf') in 0.035836 seconds 
========================================================================
Received Import Request.
  Time since last request: 2.590390 seconds.
  path: Assets/Brick Project Studio/Hospital Medical Office Kit/Common/Models/Equipment_MD_01.fbx
  artifactKey: Guid(7e01c3c130ef8a5409f3858bf9bf4236) Importer(815301076,1909f56bfc062723c751e8b465ee728b)
Start importing Assets/Brick Project Studio/Hospital Medical Office Kit/Common/Models/Equipment_MD_01.fbx using Guid(7e01c3c130ef8a5409f3858bf9bf4236) Importer(815301076,1909f56bfc062723c751e8b465ee728b)  -> (artifact id: 'baa639e126abae9ccfb24656dae1d90b') in 0.996928 seconds 
========================================================================
Received Import Request.
  Time since last request: 0.000078 seconds.
  path: Assets/Brick Project Studio/Hospital Medical Office Kit/Common/Models/Medical Screen.fbx
  artifactKey: Guid(62c14aeed53ce444cad7dee31eef1db2) Importer(815301076,1909f56bfc062723c751e8b465ee728b)
Start importing Assets/Brick Project Studio/Hospital Medical Office Kit/Common/Models/Medical Screen.fbx using Guid(62c14aeed53ce444cad7dee31eef1db2) Importer(815301076,1909f56bfc062723c751e8b465ee728b)  -> (artifact id: 'a5d3e1344fae384454028e9da29a9063') in 0.151308 seconds 
========================================================================
Received Prepare
Registering precompiled user dll's ...
Registered in 0.004576 seconds.
Begin MonoManager ReloadAssembly
Symbol file LoadedFromMemory doesn't match image C:\Users\87056\OneDrive\桌面\3702\My project (23)\Library\PackageCache\com.unity.visualscripting@1.7.8\Editor\VisualScripting.Core\Dependencies\YamlDotNet\Unity.VisualScripting.YamlDotNet.dll
Symbol file LoadedFromMemory doesn't match image C:\Users\87056\OneDrive\桌面\3702\My project (23)\Library\PackageCache\com.unity.visualscripting@1.7.8\Editor\VisualScripting.Core\Dependencies\DotNetZip\Unity.VisualScripting.IonicZip.dll
Native extension for WindowsStandalone target not found
Native extension for WebGL target not found
Refreshing native plugins compatible for Editor in 1.30 ms, found 3 plugins.
Preloading 0 native plugins for Editor in 0.00 ms.
Mono: successfully reloaded assembly
- Completed reload, in  0.990 seconds
Domain Reload Profiling:
	ReloadAssembly (991ms)
		BeginReloadAssembly (129ms)
			ExecutionOrderSort (0ms)
			DisableScriptedObjects (3ms)
			BackupInstance (0ms)
			ReleaseScriptingObjects (0ms)
			CreateAndSetChildDomain (54ms)
		EndReloadAssembly (798ms)
			LoadAssemblies (70ms)
			RebuildTransferFunctionScriptingTraits (0ms)
			SetupTypeCache (197ms)
			ReleaseScriptCaches (2ms)
			RebuildScriptCaches (39ms)
			SetupLoadedEditorAssemblies (434ms)
				LogAssemblyErrors (0ms)
				InitializePlatformSupportModulesInManaged (15ms)
				SetLoadedEditorAssemblies (1ms)
				RefreshPlugins (1ms)
				BeforeProcessingInitializeOnLoad (70ms)
				ProcessInitializeOnLoadAttributes (295ms)
				ProcessInitializeOnLoadMethodAttributes (40ms)
				AfterProcessingInitializeOnLoad (10ms)
				EditorAssembliesLoaded (0ms)
			ExecutionOrderSort2 (0ms)
			AwakeInstancesAfterBackupRestoration (8ms)
Platform modules already initialized, skipping
Refreshing native plugins compatible for Editor in 4.28 ms, found 3 plugins.
Preloading 0 native plugins for Editor in 0.00 ms.
Unloading 3423 Unused Serialized files (Serialized files now loaded: 0)
Unloading 22 unused Assets / (81.3 KB). Loaded Objects now: 3993.
Memory consumption went from 164.1 MB to 164.1 MB.
Total: 5.858100 ms (FindLiveObjects: 0.562600 ms CreateObjectMapping: 0.358400 ms MarkObjects: 4.708300 ms  DeleteObjects: 0.227200 ms)

AssetImportParameters requested are different than current active one (requested -> active):
  custom:video-decoder-ogg-theora: a1e56fd34408186e4bbccfd4996cb3dc -> 
  custom:container-muxer-webm: aa71ff27fc2769a1b78a27578f13a17b -> 
  custom:container-demuxer-webm: 4f35f7cbe854078d1ac9338744f61a02 -> 
  custom:video-encoder-webm-vp8: eb34c28f22e8b96e1ab97ce403110664 -> 
  custom:audio-encoder-webm-vorbis: bf7c407c2cedff20999df2af8eb42d56 -> 
  custom:framework-win-MediaFoundation: 216162199b28c13a410421893ffa2e32 -> 
  custom:container-demuxer-ogg: 62fdf1f143b41e24485cea50d1cbac27 -> 
  custom:video-decoder-webm-vp8: 9c59270c3fd7afecdb556c50c9e8de78 -> 
  custom:audio-decoder-ogg-vorbis: bf7c407c2cedff20999df2af8eb42d56 -> 
Editor requested this worker to shutdown with reason: Scaling down because of idle timeout
AssetImportWorker is now disconnected from the server
Process exiting
Exiting without the bug reporter. Application will terminate with return code 0