Using pre-set license
Built from '2021.3/staging' branch; Version is '2021.3.7f1 (24e8595d6d43) revision 2418777'; Using compiler version '192829333'; Build Type 'Release'
OS: 'Windows 11  (10.0.22621) 64bit Core' Language: 'zh' Physical Memory: 24367 MB
BatchMode: 1, IsHumanControllingUs: 0, StartBugReporterOnCrash: 0, Is64bit: 1, IsPro: 1

COMMAND LINE ARGUMENTS:
C:\Program Files\Unity\Hub\Editor\2021.3.7f1\Editor\Unity.exe
-adb2
-batchMode
-noUpm
-name
AssetImportWorker6
-projectPath
C:/Users/87056/OneDrive/桌面/3702/My project (23)
-logFile
Logs/AssetImportWorker6.log
-srvPort
62712
Successfully changed project path to: C:/Users/87056/OneDrive/桌面/3702/My project (23)
C:/Users/87056/OneDrive/桌面/3702/My project (23)
[UnityMemory] Configuration Parameters - Can be set up in boot.config
    "memorysetup-bucket-allocator-granularity=16"
    "memorysetup-bucket-allocator-bucket-count=8"
    "memorysetup-bucket-allocator-block-size=33554432"
    "memorysetup-bucket-allocator-block-count=8"
    "memorysetup-main-allocator-block-size=16777216"
    "memorysetup-thread-allocator-block-size=16777216"
    "memorysetup-gfx-main-allocator-block-size=16777216"
    "memorysetup-gfx-thread-allocator-block-size=16777216"
    "memorysetup-cache-allocator-block-size=4194304"
    "memorysetup-typetree-allocator-block-size=2097152"
    "memorysetup-profiler-bucket-allocator-granularity=16"
    "memorysetup-profiler-bucket-allocator-bucket-count=8"
    "memorysetup-profiler-bucket-allocator-block-size=33554432"
    "memorysetup-profiler-bucket-allocator-block-count=8"
    "memorysetup-profiler-allocator-block-size=16777216"
    "memorysetup-profiler-editor-allocator-block-size=1048576"
    "memorysetup-temp-allocator-size-main=16777216"
    "memorysetup-job-temp-allocator-block-size=2097152"
    "memorysetup-job-temp-allocator-block-size-background=1048576"
    "memorysetup-job-temp-allocator-reduction-small-platforms=262144"
    "memorysetup-temp-allocator-size-background-worker=32768"
    "memorysetup-temp-allocator-size-job-worker=262144"
    "memorysetup-temp-allocator-size-preload-manager=33554432"
    "memorysetup-temp-allocator-size-nav-mesh-worker=65536"
    "memorysetup-temp-allocator-size-audio-worker=65536"
    "memorysetup-temp-allocator-size-cloud-worker=32768"
    "memorysetup-temp-allocator-size-gi-baking-worker=262144"
    "memorysetup-temp-allocator-size-gfx=262144"
Refreshing native plugins compatible for Editor in 100.78 ms, found 3 plugins.
Preloading 0 native plugins for Editor in 0.00 ms.
Initialize engine version: 2021.3.7f1 (24e8595d6d43)
[Subsystems] Discovering subsystems at path C:/Program Files/Unity/Hub/Editor/2021.3.7f1/Editor/Data/Resources/UnitySubsystems
[Subsystems] Discovering subsystems at path C:/Users/87056/OneDrive/桌面/3702/My project (23)/Assets
GfxDevice: creating device client; threaded=0; jobified=0
Direct3D:
    Version:  Direct3D 11.0 [level 11.1]
    Renderer: NVIDIA GeForce RTX 4070 Ti (ID=0x2782)
    Vendor:   NVIDIA
    VRAM:     12010 MB
    Driver:   31.0.15.3758
Initialize mono
Mono path[0] = 'C:/Program Files/Unity/Hub/Editor/2021.3.7f1/Editor/Data/Managed'
Mono path[1] = 'C:/Program Files/Unity/Hub/Editor/2021.3.7f1/Editor/Data/MonoBleedingEdge/lib/mono/unityjit-win32'
Mono config path = 'C:/Program Files/Unity/Hub/Editor/2021.3.7f1/Editor/Data/MonoBleedingEdge/etc'
Using monoOptions --debugger-agent=transport=dt_socket,embedding=1,server=y,suspend=n,address=127.0.0.1:56844
Begin MonoManager ReloadAssembly
Registering precompiled unity dll's ...
Register platform support module: C:/Program Files/Unity/Hub/Editor/2021.3.7f1/Editor/Data/PlaybackEngines/WebGLSupport/UnityEditor.WebGL.Extensions.dll
Register platform support module: C:/Program Files/Unity/Hub/Editor/2021.3.7f1/Editor/Data/PlaybackEngines/WindowsStandaloneSupport/UnityEditor.WindowsStandalone.Extensions.dll
Registered in 0.005221 seconds.
Native extension for WindowsStandalone target not found
Native extension for WebGL target not found
Refreshing native plugins compatible for Editor in 105.99 ms, found 3 plugins.
Preloading 0 native plugins for Editor in 0.00 ms.
Mono: successfully reloaded assembly
- Completed reload, in  0.742 seconds
Domain Reload Profiling:
	ReloadAssembly (742ms)
		BeginReloadAssembly (85ms)
			ExecutionOrderSort (0ms)
			DisableScriptedObjects (0ms)
			BackupInstance (0ms)
			ReleaseScriptingObjects (0ms)
			CreateAndSetChildDomain (1ms)
		EndReloadAssembly (515ms)
			LoadAssemblies (82ms)
			RebuildTransferFunctionScriptingTraits (0ms)
			SetupTypeCache (127ms)
			ReleaseScriptCaches (0ms)
			RebuildScriptCaches (31ms)
			SetupLoadedEditorAssemblies (304ms)
				LogAssemblyErrors (0ms)
				InitializePlatformSupportModulesInManaged (11ms)
				SetLoadedEditorAssemblies (0ms)
				RefreshPlugins (106ms)
				BeforeProcessingInitializeOnLoad (2ms)
				ProcessInitializeOnLoadAttributes (142ms)
				ProcessInitializeOnLoadMethodAttributes (42ms)
				AfterProcessingInitializeOnLoad (0ms)
				EditorAssembliesLoaded (0ms)
			ExecutionOrderSort2 (0ms)
			AwakeInstancesAfterBackupRestoration (0ms)
Platform modules already initialized, skipping
Registering precompiled user dll's ...
Registered in 0.004202 seconds.
Begin MonoManager ReloadAssembly
Symbol file LoadedFromMemory doesn't match image C:\Users\87056\OneDrive\桌面\3702\My project (23)\Library\PackageCache\com.unity.visualscripting@1.7.8\Editor\VisualScripting.Core\Dependencies\YamlDotNet\Unity.VisualScripting.YamlDotNet.dll
Symbol file LoadedFromMemory doesn't match image C:\Users\87056\OneDrive\桌面\3702\My project (23)\Library\PackageCache\com.unity.visualscripting@1.7.8\Editor\VisualScripting.Core\Dependencies\DotNetZip\Unity.VisualScripting.IonicZip.dll
Native extension for WindowsStandalone target not found
Native extension for WebGL target not found
Refreshing native plugins compatible for Editor in 1.02 ms, found 3 plugins.
Preloading 0 native plugins for Editor in 0.00 ms.
Mono: successfully reloaded assembly
- Completed reload, in  0.754 seconds
Domain Reload Profiling:
	ReloadAssembly (755ms)
		BeginReloadAssembly (101ms)
			ExecutionOrderSort (0ms)
			DisableScriptedObjects (4ms)
			BackupInstance (0ms)
			ReleaseScriptingObjects (0ms)
			CreateAndSetChildDomain (20ms)
		EndReloadAssembly (573ms)
			LoadAssemblies (79ms)
			RebuildTransferFunctionScriptingTraits (0ms)
			SetupTypeCache (178ms)
			ReleaseScriptCaches (0ms)
			RebuildScriptCaches (36ms)
			SetupLoadedEditorAssemblies (263ms)
				LogAssemblyErrors (0ms)
				InitializePlatformSupportModulesInManaged (5ms)
				SetLoadedEditorAssemblies (0ms)
				RefreshPlugins (1ms)
				BeforeProcessingInitializeOnLoad (56ms)
				ProcessInitializeOnLoadAttributes (173ms)
				ProcessInitializeOnLoadMethodAttributes (22ms)
				AfterProcessingInitializeOnLoad (5ms)
				EditorAssembliesLoaded (0ms)
			ExecutionOrderSort2 (0ms)
			AwakeInstancesAfterBackupRestoration (4ms)
Platform modules already initialized, skipping
========================================================================
Worker process is ready to serve import requests
Launched and connected shader compiler UnityShaderCompiler.exe after 0.06 seconds
Refreshing native plugins compatible for Editor in 2.07 ms, found 3 plugins.
Preloading 0 native plugins for Editor in 0.00 ms.
Unloading 3450 Unused Serialized files (Serialized files now loaded: 0)
Unloading 27 unused Assets / (111.8 KB). Loaded Objects now: 3927.
Memory consumption went from 147.7 MB to 147.6 MB.
Total: 6.747200 ms (FindLiveObjects: 0.614200 ms CreateObjectMapping: 0.376500 ms MarkObjects: 5.482200 ms  DeleteObjects: 0.270000 ms)

AssetImportParameters requested are different than current active one (requested -> active):
  custom:video-decoder-ogg-theora: a1e56fd34408186e4bbccfd4996cb3dc -> 
  custom:container-muxer-webm: aa71ff27fc2769a1b78a27578f13a17b -> 
  custom:container-demuxer-webm: 4f35f7cbe854078d1ac9338744f61a02 -> 
  custom:video-encoder-webm-vp8: eb34c28f22e8b96e1ab97ce403110664 -> 
  custom:audio-encoder-webm-vorbis: bf7c407c2cedff20999df2af8eb42d56 -> 
  custom:framework-win-MediaFoundation: 216162199b28c13a410421893ffa2e32 -> 
  custom:container-demuxer-ogg: 62fdf1f143b41e24485cea50d1cbac27 -> 
  custom:video-decoder-webm-vp8: 9c59270c3fd7afecdb556c50c9e8de78 -> 
  custom:audio-decoder-ogg-vorbis: bf7c407c2cedff20999df2af8eb42d56 -> 
========================================================================
Received Import Request.
  Time since last request: 101610.858651 seconds.
  path: Assets/MedievalFantasyWorld/_Common/Mat_Palette2.mat
  artifactKey: Guid(96861f94b55ab7f498593443de95292d) Importer(815301076,1909f56bfc062723c751e8b465ee728b)
Start importing Assets/MedievalFantasyWorld/_Common/Mat_Palette2.mat using Guid(96861f94b55ab7f498593443de95292d) Importer(815301076,1909f56bfc062723c751e8b465ee728b)  -> (artifact id: '5199bce1dadde464d6ffa90a03dc8409') in 0.216218 seconds 
========================================================================
Received Import Request.
  Time since last request: 17.127859 seconds.
  path: Assets/Fonts/Pixel Font - Tripfive/Fonts/Tripfive-OL.fontsettings
  artifactKey: Guid(bb2dffc07ad704a28aa9186221cc902e) Importer(815301076,1909f56bfc062723c751e8b465ee728b)
Start importing Assets/Fonts/Pixel Font - Tripfive/Fonts/Tripfive-OL.fontsettings using Guid(bb2dffc07ad704a28aa9186221cc902e) Importer(815301076,1909f56bfc062723c751e8b465ee728b)  -> (artifact id: 'eee74fe46395da533510e3c154937980') in 0.012576 seconds 
========================================================================
Received Import Request.
  Time since last request: 0.457882 seconds.
  path: Assets/Fonts/Pixel Font - Tripfive/Textures & Materials/Tripfive-HS.mat
  artifactKey: Guid(a8a2064660ecc42fab77221fa24060bd) Importer(815301076,1909f56bfc062723c751e8b465ee728b)
Start importing Assets/Fonts/Pixel Font - Tripfive/Textures & Materials/Tripfive-HS.mat using Guid(a8a2064660ecc42fab77221fa24060bd) Importer(815301076,1909f56bfc062723c751e8b465ee728b)  -> (artifact id: '9af4ed94e4b07cd831a215d2651afc34') in 0.055952 seconds 
========================================================================
Received Import Request.
  Time since last request: 1.595508 seconds.
  path: Assets/Fantasy Wooden GUI  Free/normal_ui_set A/Close Button.png
  artifactKey: Guid(11277a3f23988ec47908362d708edaa8) Importer(815301076,1909f56bfc062723c751e8b465ee728b)
Start importing Assets/Fantasy Wooden GUI  Free/normal_ui_set A/Close Button.png using Guid(11277a3f23988ec47908362d708edaa8) Importer(815301076,1909f56bfc062723c751e8b465ee728b)  -> (artifact id: 'bffbeaae90573d6d7e71d5a515c99348') in 0.078397 seconds 
========================================================================
Received Import Request.
  Time since last request: 0.000051 seconds.
  path: Assets/Fantasy Wooden GUI  Free/normal_ui_set A/UI board Large stone.png
  artifactKey: Guid(7066e0747291df44fa5c2bf93bee3a6e) Importer(815301076,1909f56bfc062723c751e8b465ee728b)
Start importing Assets/Fantasy Wooden GUI  Free/normal_ui_set A/UI board Large stone.png using Guid(7066e0747291df44fa5c2bf93bee3a6e) Importer(815301076,1909f56bfc062723c751e8b465ee728b)  -> (artifact id: '799e7a9c5397a826fefb40d935662c08') in 0.105379 seconds 
========================================================================
Received Import Request.
  Time since last request: 0.000047 seconds.
  path: Assets/Fantasy Wooden GUI  Free/normal_ui_set A/Exclamation_Yellow.png
  artifactKey: Guid(f26fa8880b3aeef4b8516c82dc12f2a5) Importer(815301076,1909f56bfc062723c751e8b465ee728b)
Start importing Assets/Fantasy Wooden GUI  Free/normal_ui_set A/Exclamation_Yellow.png using Guid(f26fa8880b3aeef4b8516c82dc12f2a5) Importer(815301076,1909f56bfc062723c751e8b465ee728b)  -> (artifact id: 'b961e6c6125ee56382eae4950af23e0b') in 0.089232 seconds 
========================================================================
Received Import Request.
  Time since last request: 0.000072 seconds.
  path: Assets/Fantasy Wooden GUI  Free/normal_ui_set A/UI board Medium  parchment.png
  artifactKey: Guid(cf1462bc694c3c249831ad8ac5293aa2) Importer(815301076,1909f56bfc062723c751e8b465ee728b)
Start importing Assets/Fantasy Wooden GUI  Free/normal_ui_set A/UI board Medium  parchment.png using Guid(cf1462bc694c3c249831ad8ac5293aa2) Importer(815301076,1909f56bfc062723c751e8b465ee728b)  -> (artifact id: '9849d39cec5e03b60b7e91d5e20e4db0') in 0.105221 seconds 
========================================================================
Received Import Request.
  Time since last request: 0.000028 seconds.
  path: Assets/Fantasy Wooden GUI  Free/normal_ui_set A/UI board Large Set.png
  artifactKey: Guid(90a2dde0942123c4ebb9c4af580c5818) Importer(815301076,1909f56bfc062723c751e8b465ee728b)
Start importing Assets/Fantasy Wooden GUI  Free/normal_ui_set A/UI board Large Set.png using Guid(90a2dde0942123c4ebb9c4af580c5818) Importer(815301076,1909f56bfc062723c751e8b465ee728b)  -> (artifact id: '4aad933b80fac60ac7d553f5bb4ea234') in 0.042602 seconds 
========================================================================
Received Import Request.
  Time since last request: 2.079709 seconds.
  path: Assets/Buttons/PNG/3button_green_middle.png
  artifactKey: Guid(a73ec2992ca135e48987416ecdcdc2c3) Importer(815301076,1909f56bfc062723c751e8b465ee728b)
Start importing Assets/Buttons/PNG/3button_green_middle.png using Guid(a73ec2992ca135e48987416ecdcdc2c3) Importer(815301076,1909f56bfc062723c751e8b465ee728b)  -> (artifact id: '24d92223bd6fdc96a8bf4bb4031291e2') in 0.042890 seconds 
========================================================================
Received Import Request.
  Time since last request: 0.000043 seconds.
  path: Assets/Buttons/PNG/29button_blue.png
  artifactKey: Guid(2a941afa0b6b78c4ab83921ab447685b) Importer(815301076,1909f56bfc062723c751e8b465ee728b)
Start importing Assets/Buttons/PNG/29button_blue.png using Guid(2a941afa0b6b78c4ab83921ab447685b) Importer(815301076,1909f56bfc062723c751e8b465ee728b)  -> (artifact id: '98bf26652debcc8483422fdadfa8412a') in 0.046090 seconds 
========================================================================
Received Import Request.
  Time since last request: 0.000031 seconds.
  path: Assets/Buttons/PNG/10Button_Midl_Yellow.png
  artifactKey: Guid(d7b4d635d5ebc2a4c967aed03f5c932c) Importer(815301076,1909f56bfc062723c751e8b465ee728b)
Start importing Assets/Buttons/PNG/10Button_Midl_Yellow.png using Guid(d7b4d635d5ebc2a4c967aed03f5c932c) Importer(815301076,1909f56bfc062723c751e8b465ee728b)  -> (artifact id: '6de15459cf9f35295c237b6d04e81550') in 0.041895 seconds 
========================================================================
Received Import Request.
  Time since last request: 0.000063 seconds.
  path: Assets/Buttons/PNG/26Button_Long_Blue.png
  artifactKey: Guid(b9f146537c9d53e449ad8f389525ffe8) Importer(815301076,1909f56bfc062723c751e8b465ee728b)
Start importing Assets/Buttons/PNG/26Button_Long_Blue.png using Guid(b9f146537c9d53e449ad8f389525ffe8) Importer(815301076,1909f56bfc062723c751e8b465ee728b)  -> (artifact id: '154a9360d5c5da6baf3819b5f3acadea') in 0.034982 seconds 
========================================================================
Received Import Request.
  Time since last request: 0.000058 seconds.
  path: Assets/Buttons/PNG/15Button_Long_Yellow.png
  artifactKey: Guid(89bbc17355dc0064aae767e8f31a93aa) Importer(815301076,1909f56bfc062723c751e8b465ee728b)
Start importing Assets/Buttons/PNG/15Button_Long_Yellow.png using Guid(89bbc17355dc0064aae767e8f31a93aa) Importer(815301076,1909f56bfc062723c751e8b465ee728b)  -> (artifact id: 'db9b67860edcc9095b826b57030673b3') in 0.029093 seconds 
========================================================================
Received Import Request.
  Time since last request: 0.000032 seconds.
  path: Assets/Buttons/PNG/14Button_Long_Red.png
  artifactKey: Guid(5e73cb0b2d2843f479811a41ea243999) Importer(815301076,1909f56bfc062723c751e8b465ee728b)
Start importing Assets/Buttons/PNG/14Button_Long_Red.png using Guid(5e73cb0b2d2843f479811a41ea243999) Importer(815301076,1909f56bfc062723c751e8b465ee728b)  -> (artifact id: '6e16e6fa06daccf5fc7f0f7e8bad67ef') in 0.025964 seconds 
========================================================================
Received Import Request.
  Time since last request: 12.579690 seconds.
  path: Assets/Audio/guns/drum gun.wav
  artifactKey: Guid(1b766da7cc2d648aa84e36cb5fe8abcb) Importer(815301076,1909f56bfc062723c751e8b465ee728b)
Start importing Assets/Audio/guns/drum gun.wav using Guid(1b766da7cc2d648aa84e36cb5fe8abcb) Importer(815301076,1909f56bfc062723c751e8b465ee728b)  -> (artifact id: '4908623dbb70a122738ad451d54414e3') in 0.060402 seconds 
========================================================================
Received Import Request.
  Time since last request: 0.000029 seconds.
  path: Assets/Audio/guns/pa pew.wav
  artifactKey: Guid(65a8e1f13143c47ab9b96881eac40dff) Importer(815301076,1909f56bfc062723c751e8b465ee728b)
Start importing Assets/Audio/guns/pa pew.wav using Guid(65a8e1f13143c47ab9b96881eac40dff) Importer(815301076,1909f56bfc062723c751e8b465ee728b)  -> (artifact id: 'ca3a5402a52f2c585f30288732391800') in 0.035772 seconds 
========================================================================
Received Import Request.
  Time since last request: 0.000054 seconds.
  path: Assets/Audio/guns/zapper.wav
  artifactKey: Guid(a1a3178f0271f49c5a12bc0c347e6e52) Importer(815301076,1909f56bfc062723c751e8b465ee728b)
Start importing Assets/Audio/guns/zapper.wav using Guid(a1a3178f0271f49c5a12bc0c347e6e52) Importer(815301076,1909f56bfc062723c751e8b465ee728b)  -> (artifact id: 'c519a5b7847bb718053d8c92abb0aa3d') in 0.020576 seconds 
========================================================================
Received Import Request.
  Time since last request: 0.413421 seconds.
  path: Assets/Audio/misc bangs/bn2.wav
  artifactKey: Guid(2cec506c73db14bfeb9b30509db0bdd7) Importer(815301076,1909f56bfc062723c751e8b465ee728b)
Start importing Assets/Audio/misc bangs/bn2.wav using Guid(2cec506c73db14bfeb9b30509db0bdd7) Importer(815301076,1909f56bfc062723c751e8b465ee728b)  -> (artifact id: '8904e5b50668bc72944f0affc4e7a1e7') in 0.029612 seconds 
========================================================================
Received Import Request.
  Time since last request: 0.000026 seconds.
  path: Assets/Audio/misc bangs/bn8.wav
  artifactKey: Guid(09dbcc298325c4c588e42e4c949beb69) Importer(815301076,1909f56bfc062723c751e8b465ee728b)
Start importing Assets/Audio/misc bangs/bn8.wav using Guid(09dbcc298325c4c588e42e4c949beb69) Importer(815301076,1909f56bfc062723c751e8b465ee728b)  -> (artifact id: '8bc740b2329ffb8d7aa1ba4aced91fea') in 0.025106 seconds 
========================================================================
Received Import Request.
  Time since last request: 0.000072 seconds.
  path: Assets/Audio/misc bangs/bn12.wav
  artifactKey: Guid(3aff9790e26544be2be975367bb2396c) Importer(815301076,1909f56bfc062723c751e8b465ee728b)
Start importing Assets/Audio/misc bangs/bn12.wav using Guid(3aff9790e26544be2be975367bb2396c) Importer(815301076,1909f56bfc062723c751e8b465ee728b)  -> (artifact id: '34dfbdc3a62a4c4d7e5f0673e9334383') in 0.018703 seconds 
========================================================================
Received Import Request.
  Time since last request: 1.718073 seconds.
  path: Assets/Audio/RPG Background Muscis/Battle/battle_03.mp3
  artifactKey: Guid(381007ca5a15ce74592b8f84efc42122) Importer(815301076,1909f56bfc062723c751e8b465ee728b)
Start importing Assets/Audio/RPG Background Muscis/Battle/battle_03.mp3 using Guid(381007ca5a15ce74592b8f84efc42122) Importer(815301076,1909f56bfc062723c751e8b465ee728b)  -> (artifact id: '312757df856a271c331bb3efe32493fb') in 0.035503 seconds 
========================================================================
Received Import Request.
  Time since last request: 0.273158 seconds.
  path: Assets/Audio/RPG Background Muscis/Cities & Towns/city_03.mp3
  artifactKey: Guid(b739af331b21b0b4c8765b1f4eb29a1e) Importer(815301076,1909f56bfc062723c751e8b465ee728b)
Start importing Assets/Audio/RPG Background Muscis/Cities & Towns/city_03.mp3 using Guid(b739af331b21b0b4c8765b1f4eb29a1e) Importer(815301076,1909f56bfc062723c751e8b465ee728b)  -> (artifact id: '506a4cd13184ef90e07154b67a740777') in 0.035624 seconds 
========================================================================
Received Import Request.
  Time since last request: 0.000068 seconds.
  path: Assets/Audio/RPG Background Muscis/Cities & Towns/city_10.mp3
  artifactKey: Guid(fec0307fe3ccf3e4681713bab45de596) Importer(815301076,1909f56bfc062723c751e8b465ee728b)
Start importing Assets/Audio/RPG Background Muscis/Cities & Towns/city_10.mp3 using Guid(fec0307fe3ccf3e4681713bab45de596) Importer(815301076,1909f56bfc062723c751e8b465ee728b)  -> (artifact id: '9a39322d034b4665c18a755d427b9a20') in 0.024910 seconds 
========================================================================
Received Import Request.
  Time since last request: 0.000044 seconds.
  path: Assets/Audio/RPG Background Muscis/Cities & Towns/city_12.mp3
  artifactKey: Guid(0b8c02fb01046b046b76bcc521b3b429) Importer(815301076,1909f56bfc062723c751e8b465ee728b)
Start importing Assets/Audio/RPG Background Muscis/Cities & Towns/city_12.mp3 using Guid(0b8c02fb01046b046b76bcc521b3b429) Importer(815301076,1909f56bfc062723c751e8b465ee728b)  -> (artifact id: 'd882d4248c0a1d44eebd4a1108114d07') in 0.026812 seconds 
========================================================================
Received Import Request.
  Time since last request: 0.314676 seconds.
  path: Assets/Audio/RPG Background Muscis/Menu/menu_03.mp3
  artifactKey: Guid(63bea305ec7384e449622ab37fbef2b5) Importer(815301076,1909f56bfc062723c751e8b465ee728b)
Start importing Assets/Audio/RPG Background Muscis/Menu/menu_03.mp3 using Guid(63bea305ec7384e449622ab37fbef2b5) Importer(815301076,1909f56bfc062723c751e8b465ee728b)  -> (artifact id: '2327f61671bf95b76d520653099649e3') in 0.040663 seconds 
========================================================================
Received Import Request.
  Time since last request: 0.000038 seconds.
  path: Assets/Audio/RPG Background Muscis/Menu/menu_07.mp3
  artifactKey: Guid(2d90a86eadc9da244bb18f319139ac30) Importer(815301076,1909f56bfc062723c751e8b465ee728b)
Start importing Assets/Audio/RPG Background Muscis/Menu/menu_07.mp3 using Guid(2d90a86eadc9da244bb18f319139ac30) Importer(815301076,1909f56bfc062723c751e8b465ee728b)  -> (artifact id: '62ba057f5a766f8df721db75be40ce3a') in 0.022046 seconds 
========================================================================
Received Import Request.
  Time since last request: 1.590629 seconds.
  path: Assets/Assets/npcheal.png
  artifactKey: Guid(90cde3ab07f6fc24d8c8f833003d1869) Importer(815301076,1909f56bfc062723c751e8b465ee728b)
Start importing Assets/Assets/npcheal.png using Guid(90cde3ab07f6fc24d8c8f833003d1869) Importer(815301076,1909f56bfc062723c751e8b465ee728b)  -> (artifact id: '87c3e38515f6763fde6fa14f187f922b') in 0.044189 seconds 
========================================================================
Received Import Request.
  Time since last request: 9.559548 seconds.
  path: Assets/Assets/_TerrainAutoUpgrade/layer_Ground3cc0f254a2c535401.terrainlayer
  artifactKey: Guid(273f0c3e4eda2c941ab4b03dc6ed2f69) Importer(815301076,1909f56bfc062723c751e8b465ee728b)
Start importing Assets/Assets/_TerrainAutoUpgrade/layer_Ground3cc0f254a2c535401.terrainlayer using Guid(273f0c3e4eda2c941ab4b03dc6ed2f69) Importer(815301076,1909f56bfc062723c751e8b465ee728b)  -> (artifact id: 'b694f106b87e41723bbde7e321b8c68d') in 0.027579 seconds 
========================================================================
Received Import Request.
  Time since last request: 169.068478 seconds.
  path: Assets/Assets/amusedART/Mummy_Mon/Materials/Mummy_blue.mat
  artifactKey: Guid(0470f59f2b732d84c91508ef759d56d0) Importer(815301076,1909f56bfc062723c751e8b465ee728b)
Start importing Assets/Assets/amusedART/Mummy_Mon/Materials/Mummy_blue.mat using Guid(0470f59f2b732d84c91508ef759d56d0) Importer(815301076,1909f56bfc062723c751e8b465ee728b)  -> (artifact id: '2f23ba322a8a15920c378c16a38cbfa7') in 0.106634 seconds 
========================================================================
Received Import Request.
  Time since last request: 0.000024 seconds.
  path: Assets/Assets/amusedART/Mummy_Mon/Materials/Mummy_mat.mat
  artifactKey: Guid(30a9f5c8ac6483249a92e09c302f96f9) Importer(815301076,1909f56bfc062723c751e8b465ee728b)
Start importing Assets/Assets/amusedART/Mummy_Mon/Materials/Mummy_mat.mat using Guid(30a9f5c8ac6483249a92e09c302f96f9) Importer(815301076,1909f56bfc062723c751e8b465ee728b)  -> (artifact id: 'a65005d16ae158848d40d40b35904ac5') in 0.030489 seconds 
========================================================================
Received Import Request.
  Time since last request: 0.000032 seconds.
  path: Assets/Assets/amusedART/Mummy_Mon/Materials/Mummy_Eye_mat.mat
  artifactKey: Guid(d5295d819f7bab6448e2c64c4707429e) Importer(815301076,1909f56bfc062723c751e8b465ee728b)
Start importing Assets/Assets/amusedART/Mummy_Mon/Materials/Mummy_Eye_mat.mat using Guid(d5295d819f7bab6448e2c64c4707429e) Importer(815301076,1909f56bfc062723c751e8b465ee728b)  -> (artifact id: '07ef26263685a7d826c380d2b9b563f9') in 0.018189 seconds 
========================================================================
Received Import Request.
  Time since last request: 1.053298 seconds.
  path: Assets/Assets/amusedART/Mummy_Mon/Textures/Mummy_normals.psd
  artifactKey: Guid(aa4735feabd865847b0a22941a153690) Importer(815301076,1909f56bfc062723c751e8b465ee728b)
Start importing Assets/Assets/amusedART/Mummy_Mon/Textures/Mummy_normals.psd using Guid(aa4735feabd865847b0a22941a153690) Importer(815301076,1909f56bfc062723c751e8b465ee728b)  -> (artifact id: '6486ab74731898cd1cb5943c98e761b9') in 0.027923 seconds 
========================================================================
Received Import Request.
  Time since last request: 6.632296 seconds.
  path: Assets/Assets/Cartoon FX Remaster/CFXR Assets/Graphics/cfxr aura runic hdr ab nosp.mat
  artifactKey: Guid(cbb6f419bbe7c6e4d9ce7e0322aa267d) Importer(815301076,1909f56bfc062723c751e8b465ee728b)
Start importing Assets/Assets/Cartoon FX Remaster/CFXR Assets/Graphics/cfxr aura runic hdr ab nosp.mat using Guid(cbb6f419bbe7c6e4d9ce7e0322aa267d) Importer(815301076,1909f56bfc062723c751e8b465ee728b)  -> (artifact id: 'edb28ace41ad6efa63c41a69602c383e') in 0.088038 seconds 
========================================================================
Received Import Request.
  Time since last request: 0.000029 seconds.
  path: Assets/Assets/Cartoon FX Remaster/CFXR Assets/Graphics/cfxr card club.png
  artifactKey: Guid(d92fa0efcefbc2e4db627980b9abdb4c) Importer(815301076,1909f56bfc062723c751e8b465ee728b)
Start importing Assets/Assets/Cartoon FX Remaster/CFXR Assets/Graphics/cfxr card club.png using Guid(d92fa0efcefbc2e4db627980b9abdb4c) Importer(815301076,1909f56bfc062723c751e8b465ee728b)  -> (artifact id: 'deb756e6a9b76540abbd786acdca1a3d') in 0.028319 seconds 
========================================================================
Received Import Request.
  Time since last request: 0.000063 seconds.
  path: Assets/Assets/Cartoon FX Remaster/CFXR Assets/Graphics/cfxr debris wood 3x3.png
  artifactKey: Guid(87ce40d5900abcf4e8019548afbdffe8) Importer(815301076,1909f56bfc062723c751e8b465ee728b)
Start importing Assets/Assets/Cartoon FX Remaster/CFXR Assets/Graphics/cfxr debris wood 3x3.png using Guid(87ce40d5900abcf4e8019548afbdffe8) Importer(815301076,1909f56bfc062723c751e8b465ee728b)  -> (artifact id: '0ab1871d4789d063938374399775a676') in 0.025440 seconds 
========================================================================
Received Import Request.
  Time since last request: 0.000035 seconds.
  path: Assets/Assets/Cartoon FX Remaster/CFXR Assets/Graphics/cfxr electric small anim2 7x2.png
  artifactKey: Guid(f26118f31cdd28d4a925ca12705e1519) Importer(815301076,1909f56bfc062723c751e8b465ee728b)
Start importing Assets/Assets/Cartoon FX Remaster/CFXR Assets/Graphics/cfxr electric small anim2 7x2.png using Guid(f26118f31cdd28d4a925ca12705e1519) Importer(815301076,1909f56bfc062723c751e8b465ee728b)  -> (artifact id: '132ca763c2db1e8a8632027e0265bebd') in 0.021928 seconds 
========================================================================
Received Import Request.
  Time since last request: 0.000047 seconds.
  path: Assets/Assets/Cartoon FX Remaster/CFXR Assets/Graphics/cfxr debris flat unlit 3x3 ab.mat
  artifactKey: Guid(8e4bb08e9ff5d134fa0d5b0bfe6a2eb9) Importer(815301076,1909f56bfc062723c751e8b465ee728b)
Start importing Assets/Assets/Cartoon FX Remaster/CFXR Assets/Graphics/cfxr debris flat unlit 3x3 ab.mat using Guid(8e4bb08e9ff5d134fa0d5b0bfe6a2eb9) Importer(815301076,1909f56bfc062723c751e8b465ee728b)  -> (artifact id: 'fc87383f4b1bfcaa1ae183d1dd0fc7a8') in 0.083768 seconds 
========================================================================
Received Import Request.
  Time since last request: 0.000029 seconds.
  path: Assets/Assets/Cartoon FX Remaster/CFXR Assets/Graphics/cfxr electric arcs fade x4.png
  artifactKey: Guid(90641168f18ed794b9d271029cb78069) Importer(815301076,1909f56bfc062723c751e8b465ee728b)
Start importing Assets/Assets/Cartoon FX Remaster/CFXR Assets/Graphics/cfxr electric arcs fade x4.png using Guid(90641168f18ed794b9d271029cb78069) Importer(815301076,1909f56bfc062723c751e8b465ee728b)  -> (artifact id: '82266723464e1cdbefdec27953ecb154') in 0.014496 seconds 
========================================================================
Received Import Request.
  Time since last request: 0.000034 seconds.
  path: Assets/Assets/Cartoon FX Remaster/CFXR Assets/Graphics/cfxr debris wood 3x3 normal.png
  artifactKey: Guid(2becb40852344304cb0ba0dae53f5dbe) Importer(815301076,1909f56bfc062723c751e8b465ee728b)
Start importing Assets/Assets/Cartoon FX Remaster/CFXR Assets/Graphics/cfxr debris wood 3x3 normal.png using Guid(2becb40852344304cb0ba0dae53f5dbe) Importer(815301076,1909f56bfc062723c751e8b465ee728b)  -> (artifact id: 'f4042e87833d2ff341d87aeb071868e6') in 0.018416 seconds 
========================================================================
Received Import Request.
  Time since last request: 0.000028 seconds.
  path: Assets/Assets/Cartoon FX Remaster/CFXR Assets/Graphics/cfxr electric arcs x4.png
  artifactKey: Guid(5e6ca8f19188f064ebdcc1a69545d8f4) Importer(815301076,1909f56bfc062723c751e8b465ee728b)
Start importing Assets/Assets/Cartoon FX Remaster/CFXR Assets/Graphics/cfxr electric arcs x4.png using Guid(5e6ca8f19188f064ebdcc1a69545d8f4) Importer(815301076,1909f56bfc062723c751e8b465ee728b)  -> (artifact id: 'cddfa12ef3fdbf109cf84abf88b644f6') in 0.015549 seconds 
========================================================================
Received Import Request.
  Time since last request: 0.000050 seconds.
  path: Assets/Assets/Cartoon FX Remaster/CFXR Assets/Graphics/cfxr card spade ab.mat
  artifactKey: Guid(fdebe8f9090761f44a629442b2b5cf57) Importer(815301076,1909f56bfc062723c751e8b465ee728b)
Start importing Assets/Assets/Cartoon FX Remaster/CFXR Assets/Graphics/cfxr card spade ab.mat using Guid(fdebe8f9090761f44a629442b2b5cf57) Importer(815301076,1909f56bfc062723c751e8b465ee728b)  -> (artifact id: '71e8723ed0bb37e86019a32ba6624e19') in 0.073005 seconds 
========================================================================
Received Import Request.
  Time since last request: 0.000043 seconds.
  path: Assets/Assets/Cartoon FX Remaster/CFXR Assets/Graphics/cfxr debris wood 3x3 ab.mat
  artifactKey: Guid(7e65055c579688c4d8037b12e2dcd7a1) Importer(815301076,1909f56bfc062723c751e8b465ee728b)
Start importing Assets/Assets/Cartoon FX Remaster/CFXR Assets/Graphics/cfxr debris wood 3x3 ab.mat using Guid(7e65055c579688c4d8037b12e2dcd7a1) Importer(815301076,1909f56bfc062723c751e8b465ee728b)  -> (artifact id: '12ec574a8a766b272a4390d68f5786da') in 0.095183 seconds 
========================================================================
Received Import Request.
  Time since last request: 0.000029 seconds.
  path: Assets/Assets/Cartoon FX Remaster/CFXR Assets/Graphics/cfxr bubble ab.mat
  artifactKey: Guid(b723f81f440998d42a4d4b393cac870c) Importer(815301076,1909f56bfc062723c751e8b465ee728b)
Start importing Assets/Assets/Cartoon FX Remaster/CFXR Assets/Graphics/cfxr bubble ab.mat using Guid(b723f81f440998d42a4d4b393cac870c) Importer(815301076,1909f56bfc062723c751e8b465ee728b)  -> (artifact id: '744b9132efcaa12789dd2e41b60bbd33') in 0.022713 seconds 
========================================================================
Received Import Request.
  Time since last request: 0.000024 seconds.
  path: Assets/Assets/Cartoon FX Remaster/CFXR Assets/Graphics/cfxr card club ab.mat
  artifactKey: Guid(6a36ba77acbf3644f855c8700b01c682) Importer(815301076,1909f56bfc062723c751e8b465ee728b)
Start importing Assets/Assets/Cartoon FX Remaster/CFXR Assets/Graphics/cfxr card club ab.mat using Guid(6a36ba77acbf3644f855c8700b01c682) Importer(815301076,1909f56bfc062723c751e8b465ee728b)  -> (artifact id: '0b1392589469ab4875197260eceec4b2') in 0.019884 seconds 
========================================================================
Received Import Request.
  Time since last request: 0.000051 seconds.
  path: Assets/Assets/Cartoon FX Remaster/CFXR Assets/Graphics/cfxr debris ice 2x2.png
  artifactKey: Guid(5631ad2c0e51148479f2586eb8ce868e) Importer(815301076,1909f56bfc062723c751e8b465ee728b)
Start importing Assets/Assets/Cartoon FX Remaster/CFXR Assets/Graphics/cfxr debris ice 2x2.png using Guid(5631ad2c0e51148479f2586eb8ce868e) Importer(815301076,1909f56bfc062723c751e8b465ee728b)  -> (artifact id: '0cdf9c2ba12dfa539dc985b9934b99a0') in 0.017052 seconds 
========================================================================
Received Import Request.
  Time since last request: 0.000039 seconds.
  path: Assets/Assets/Cartoon FX Remaster/CFXR Assets/Graphics/cfxr bubble 2 ab.mat
  artifactKey: Guid(21417cf5ab018164f9d28d2e35ad8cb7) Importer(815301076,1909f56bfc062723c751e8b465ee728b)
Start importing Assets/Assets/Cartoon FX Remaster/CFXR Assets/Graphics/cfxr bubble 2 ab.mat using Guid(21417cf5ab018164f9d28d2e35ad8cb7) Importer(815301076,1909f56bfc062723c751e8b465ee728b)  -> (artifact id: '4830cedb488ee69ae8d911a288ed194e') in 0.019831 seconds 
========================================================================
Received Import Request.
  Time since last request: 0.000082 seconds.
  path: Assets/Assets/Cartoon FX Remaster/CFXR Assets/Graphics/cfxr blood splash.png
  artifactKey: Guid(b00dc0b0f4174b14aa9e3caa8d9b0859) Importer(815301076,1909f56bfc062723c751e8b465ee728b)
Start importing Assets/Assets/Cartoon FX Remaster/CFXR Assets/Graphics/cfxr blood splash.png using Guid(b00dc0b0f4174b14aa9e3caa8d9b0859) Importer(815301076,1909f56bfc062723c751e8b465ee728b)  -> (artifact id: '56a090d42048222b1e41d25e60411799') in 0.024789 seconds 
========================================================================
Received Import Request.
  Time since last request: 0.000053 seconds.
  path: Assets/Assets/Cartoon FX Remaster/CFXR Assets/Graphics/cfxr debris unlit 3x3.png
  artifactKey: Guid(ce355ddea16ad0a41abee534af68b82a) Importer(815301076,1909f56bfc062723c751e8b465ee728b)
Start importing Assets/Assets/Cartoon FX Remaster/CFXR Assets/Graphics/cfxr debris unlit 3x3.png using Guid(ce355ddea16ad0a41abee534af68b82a) Importer(815301076,1909f56bfc062723c751e8b465ee728b)  -> (artifact id: 'fc0e9cc2cd4c491ffedc1cd8fea7e781') in 0.024207 seconds 
========================================================================
Received Import Request.
  Time since last request: 0.000039 seconds.
  path: Assets/Assets/Cartoon FX Remaster/CFXR Assets/Meshes/cfxr ring mesh local space.asset
  artifactKey: Guid(b0456bb37d6ff3b4e956cba074fb9253) Importer(815301076,1909f56bfc062723c751e8b465ee728b)
Start importing Assets/Assets/Cartoon FX Remaster/CFXR Assets/Meshes/cfxr ring mesh local space.asset using Guid(b0456bb37d6ff3b4e956cba074fb9253) Importer(815301076,1909f56bfc062723c751e8b465ee728b)  -> (artifact id: '9b5daa81908153130dda5cbdcc02bd26') in 0.030428 seconds 
========================================================================
Received Import Request.
  Time since last request: 0.000046 seconds.
  path: Assets/Assets/Cartoon FX Remaster/CFXR Assets/Meshes/cfxr mesh foam.fbx
  artifactKey: Guid(efd0ff1193063db498e9ddb30e96e4ee) Importer(815301076,1909f56bfc062723c751e8b465ee728b)
Start importing Assets/Assets/Cartoon FX Remaster/CFXR Assets/Meshes/cfxr mesh foam.fbx using Guid(efd0ff1193063db498e9ddb30e96e4ee) Importer(815301076,1909f56bfc062723c751e8b465ee728b)  -> (artifact id: 'c0736dc2750082303cd9544ae4d70b57') in 0.078154 seconds 
========================================================================
Received Import Request.
  Time since last request: 0.000061 seconds.
  path: Assets/Assets/Cartoon FX Remaster/CFXR Assets/Graphics/cfxr blood dissolve ab.mat
  artifactKey: Guid(28dde998c7abf234498a42d0aab38421) Importer(815301076,1909f56bfc062723c751e8b465ee728b)
Start importing Assets/Assets/Cartoon FX Remaster/CFXR Assets/Graphics/cfxr blood dissolve ab.mat using Guid(28dde998c7abf234498a42d0aab38421) Importer(815301076,1909f56bfc062723c751e8b465ee728b)  -> (artifact id: 'b0ae5d35567b9c10b9fef5b3e7abfebc') in 0.101646 seconds 
========================================================================
Received Import Request.
  Time since last request: 0.000036 seconds.
  path: Assets/Assets/Cartoon FX Remaster/CFXR Assets/Graphics/cfxr bubble hdr ab.mat
  artifactKey: Guid(92f3f05a0e6f8e840b8e4367b2c7713b) Importer(815301076,1909f56bfc062723c751e8b465ee728b)
Start importing Assets/Assets/Cartoon FX Remaster/CFXR Assets/Graphics/cfxr bubble hdr ab.mat using Guid(92f3f05a0e6f8e840b8e4367b2c7713b) Importer(815301076,1909f56bfc062723c751e8b465ee728b)  -> (artifact id: '504c4e423e56db73eebdf36fbb05c5ff') in 0.055703 seconds 
========================================================================
Received Import Request.
  Time since last request: 0.000147 seconds.
  path: Assets/Assets/Cartoon FX Remaster/CFXR Assets/Meshes/cfxr ring mesh half.asset
  artifactKey: Guid(ce103771ce3690f4c89d46b35e47d417) Importer(815301076,1909f56bfc062723c751e8b465ee728b)
Start importing Assets/Assets/Cartoon FX Remaster/CFXR Assets/Meshes/cfxr ring mesh half.asset using Guid(ce103771ce3690f4c89d46b35e47d417) Importer(815301076,1909f56bfc062723c751e8b465ee728b)  -> (artifact id: '1243188bb49109be413cd7e846178690') in 0.024061 seconds 
========================================================================
Received Import Request.
  Time since last request: 0.000065 seconds.
  path: Assets/Assets/Cartoon FX Remaster/CFXR Assets/Graphics/cfxr fire circle crisp hdr ab.mat
  artifactKey: Guid(3dacf7558eb39c44990dc773a3c06cc6) Importer(815301076,1909f56bfc062723c751e8b465ee728b)
Start importing Assets/Assets/Cartoon FX Remaster/CFXR Assets/Graphics/cfxr fire circle crisp hdr ab.mat using Guid(3dacf7558eb39c44990dc773a3c06cc6) Importer(815301076,1909f56bfc062723c751e8b465ee728b)  -> (artifact id: '5742f4091453253df9c2d3ab2e200b78') in 0.139106 seconds 
========================================================================
Received Import Request.
  Time since last request: 0.000051 seconds.
  path: Assets/Assets/Cartoon FX Remaster/CFXR Assets/Meshes/cfxr mesh ring.fbx
  artifactKey: Guid(fd9225d663ccb334dbfa1e5255190553) Importer(815301076,1909f56bfc062723c751e8b465ee728b)
Start importing Assets/Assets/Cartoon FX Remaster/CFXR Assets/Meshes/cfxr mesh ring.fbx using Guid(fd9225d663ccb334dbfa1e5255190553) Importer(815301076,1909f56bfc062723c751e8b465ee728b)  -> (artifact id: '3d56ac3abfaae3ce09ed5429a1f9bc47') in 0.024467 seconds 
========================================================================
Received Import Request.
  Time since last request: 0.000043 seconds.
  path: Assets/Assets/Cartoon FX Remaster/CFXR Assets/Graphics/cfxr aura runic.png
  artifactKey: Guid(ccb58def4933d4e46b7a1fc023bf6259) Importer(815301076,1909f56bfc062723c751e8b465ee728b)
Start importing Assets/Assets/Cartoon FX Remaster/CFXR Assets/Graphics/cfxr aura runic.png using Guid(ccb58def4933d4e46b7a1fc023bf6259) Importer(815301076,1909f56bfc062723c751e8b465ee728b)  -> (artifact id: 'cb2eb7580b4b4ca24387fc0acc464f6b') in 0.021573 seconds 
========================================================================
Received Import Request.
  Time since last request: 0.000066 seconds.
  path: Assets/Assets/Cartoon FX Remaster/CFXR Assets/Misc/cfxr particle font.mat
  artifactKey: Guid(daedbca3d89ee8640bed0c051d176ff9) Importer(815301076,1909f56bfc062723c751e8b465ee728b)
Start importing Assets/Assets/Cartoon FX Remaster/CFXR Assets/Misc/cfxr particle font.mat using Guid(daedbca3d89ee8640bed0c051d176ff9) Importer(815301076,1909f56bfc062723c751e8b465ee728b)  -> (artifact id: 'ab033d4943d81cba3d5528bcedfe0643') in 0.096753 seconds 
========================================================================
Received Import Request.
  Time since last request: 0.000054 seconds.
  path: Assets/Assets/Cartoon FX Remaster/CFXR Assets/Meshes/cfxr ring mesh.asset
  artifactKey: Guid(a78b06c58d03f5d4fbb74ba21020241e) Importer(815301076,1909f56bfc062723c751e8b465ee728b)
Start importing Assets/Assets/Cartoon FX Remaster/CFXR Assets/Meshes/cfxr ring mesh.asset using Guid(a78b06c58d03f5d4fbb74ba21020241e) Importer(815301076,1909f56bfc062723c751e8b465ee728b)  -> (artifact id: '1139327ce5dcce316bf6a14065b65f79') in 0.027083 seconds 
========================================================================
Received Import Request.
  Time since last request: 0.000041 seconds.
  path: Assets/Assets/Cartoon FX Remaster/CFXR Assets/Meshes/cfxr particle_electric_arc.fbx
  artifactKey: Guid(192a51b0671a3e949b6876606c3205db) Importer(815301076,1909f56bfc062723c751e8b465ee728b)
Start importing Assets/Assets/Cartoon FX Remaster/CFXR Assets/Meshes/cfxr particle_electric_arc.fbx using Guid(192a51b0671a3e949b6876606c3205db) Importer(815301076,1909f56bfc062723c751e8b465ee728b)  -> (artifact id: '0354a5ff574ccaa7b81061608ffb49c9') in 0.070365 seconds 
========================================================================
Received Import Request.
  Time since last request: 0.000054 seconds.
  path: Assets/Assets/Cartoon FX Remaster/CFXR Assets/Misc/cfxr font WashYourHand.png
  artifactKey: Guid(09e4c6a7d75923945afe43953ef58ad2) Importer(815301076,1909f56bfc062723c751e8b465ee728b)
Start importing Assets/Assets/Cartoon FX Remaster/CFXR Assets/Misc/cfxr font WashYourHand.png using Guid(09e4c6a7d75923945afe43953ef58ad2) Importer(815301076,1909f56bfc062723c751e8b465ee728b)  -> (artifact id: '4d6cee194050e8506a735b9a7b19db10') in 0.372549 seconds 
========================================================================
Received Import Request.
  Time since last request: 0.000051 seconds.
  path: Assets/Assets/Cartoon FX Remaster/CFXR Assets/Misc/cfxr ParticleFont AmazGoDaBold.asset
  artifactKey: Guid(6107d49d5744fb24eb855f7abb997756) Importer(815301076,1909f56bfc062723c751e8b465ee728b)
Start importing Assets/Assets/Cartoon FX Remaster/CFXR Assets/Misc/cfxr ParticleFont AmazGoDaBold.asset using Guid(6107d49d5744fb24eb855f7abb997756) Importer(815301076,1909f56bfc062723c751e8b465ee728b)  -> (artifact id: 'e7f0638010b101caf6bb5d8ef373a31e') in 0.013385 seconds 
========================================================================
Received Import Request.
  Time since last request: 0.000064 seconds.
  path: Assets/Assets/Cartoon FX Remaster/CFXR Assets/Graphics/cfxr fire edge hdr ab.mat
  artifactKey: Guid(d9c5aa6680f32ab48a1e81e4c58c4851) Importer(815301076,1909f56bfc062723c751e8b465ee728b)
Start importing Assets/Assets/Cartoon FX Remaster/CFXR Assets/Graphics/cfxr fire edge hdr ab.mat using Guid(d9c5aa6680f32ab48a1e81e4c58c4851) Importer(815301076,1909f56bfc062723c751e8b465ee728b)  -> (artifact id: 'c9acd918e266e9ad6701ec2e265fc8a6') in 0.136372 seconds 
========================================================================
Received Import Request.
  Time since last request: 0.000048 seconds.
  path: Assets/Assets/Cartoon FX Remaster/CFXR Assets/Graphics/cfxr ember blur.png
  artifactKey: Guid(209460ccb2aaaf847a61d7e73c92f193) Importer(815301076,1909f56bfc062723c751e8b465ee728b)
Start importing Assets/Assets/Cartoon FX Remaster/CFXR Assets/Graphics/cfxr ember blur.png using Guid(209460ccb2aaaf847a61d7e73c92f193) Importer(815301076,1909f56bfc062723c751e8b465ee728b)  -> (artifact id: '3787deb2f3e4578e5c2c0ed2f3c3191e') in 0.015746 seconds 
========================================================================
Received Import Request.
  Time since last request: 0.000037 seconds.
  path: Assets/Assets/Cartoon FX Remaster/CFXR Assets/Graphics/cfxr fire circle blur.png
  artifactKey: Guid(5e0f8dcfc1b16c849ac880e3cd107176) Importer(815301076,1909f56bfc062723c751e8b465ee728b)
Start importing Assets/Assets/Cartoon FX Remaster/CFXR Assets/Graphics/cfxr fire circle blur.png using Guid(5e0f8dcfc1b16c849ac880e3cd107176) Importer(815301076,1909f56bfc062723c751e8b465ee728b)  -> (artifact id: '3e3f504933227069f719945c5066eb2a') in 0.033080 seconds 
========================================================================
Received Import Request.
  Time since last request: 0.000054 seconds.
  path: Assets/Assets/Cartoon FX Remaster/CFXR Assets/Graphics/cfxr fire circle drawn blurred.png
  artifactKey: Guid(232ec32264aa04142ba34374d9989110) Importer(815301076,1909f56bfc062723c751e8b465ee728b)
Start importing Assets/Assets/Cartoon FX Remaster/CFXR Assets/Graphics/cfxr fire circle drawn blurred.png using Guid(232ec32264aa04142ba34374d9989110) Importer(815301076,1909f56bfc062723c751e8b465ee728b)  -> (artifact id: '5bb6af6b57bedece3e69853350bfc46c') in 0.025335 seconds 
========================================================================
Received Import Request.
  Time since last request: 0.000051 seconds.
  path: Assets/Assets/Cartoon FX Remaster/CFXR Assets/Graphics/cfxr card diamond ab.mat
  artifactKey: Guid(f4814d2dd466a574d8746a53e0ab0443) Importer(815301076,1909f56bfc062723c751e8b465ee728b)
Start importing Assets/Assets/Cartoon FX Remaster/CFXR Assets/Graphics/cfxr card diamond ab.mat using Guid(f4814d2dd466a574d8746a53e0ab0443) Importer(815301076,1909f56bfc062723c751e8b465ee728b)  -> (artifact id: 'e5ad727352c449986d6331539d8d6a9a') in 0.015591 seconds 
========================================================================
Received Import Request.
  Time since last request: 0.352804 seconds.
  path: Assets/Assets/Cartoon FX Remaster/CFXR Assets/Shaders/CFXR_SETTINGS.cginc
  artifactKey: Guid(12c0fc6ff46c9b64a99fb4b921970883) Importer(815301076,1909f56bfc062723c751e8b465ee728b)
Start importing Assets/Assets/Cartoon FX Remaster/CFXR Assets/Shaders/CFXR_SETTINGS.cginc using Guid(12c0fc6ff46c9b64a99fb4b921970883) Importer(815301076,1909f56bfc062723c751e8b465ee728b)  -> (artifact id: '1b783d0490c1d6c8996613b248a69342') in 0.009755 seconds 
========================================================================
Received Import Request.
  Time since last request: 1.869686 seconds.
  path: Assets/Assets/Cartoon FX Remaster/CFXR Prefabs/Eerie/CFXR2 WW Enemy Explosion.prefab
  artifactKey: Guid(7ec363c8df426644ea85f8d6d570561c) Importer(815301076,1909f56bfc062723c751e8b465ee728b)
Start importing Assets/Assets/Cartoon FX Remaster/CFXR Prefabs/Eerie/CFXR2 WW Enemy Explosion.prefab using Guid(7ec363c8df426644ea85f8d6d570561c) Importer(815301076,1909f56bfc062723c751e8b465ee728b)  -> (artifact id: 'c7f08cbaf4d184181383adfa45f5aa4d') in 0.101214 seconds 
========================================================================
Received Import Request.
  Time since last request: 0.950276 seconds.
  path: Assets/Assets/Cartoon FX Remaster/CFXR Prefabs/Explosions/CFXR2 WW Explosion.prefab
  artifactKey: Guid(2e1e9506f5904a64b81744324fb7cd50) Importer(815301076,1909f56bfc062723c751e8b465ee728b)
Start importing Assets/Assets/Cartoon FX Remaster/CFXR Prefabs/Explosions/CFXR2 WW Explosion.prefab using Guid(2e1e9506f5904a64b81744324fb7cd50) Importer(815301076,1909f56bfc062723c751e8b465ee728b)  -> (artifact id: '59bb10252d2b9f874269c5fc42ef303d') in 0.052820 seconds 
========================================================================
Received Import Request.
  Time since last request: 0.000048 seconds.
  path: Assets/Assets/Cartoon FX Remaster/CFXR Prefabs/Explosions/CFXR4 Firework HDR Shoot Single (Random Color).prefab
  artifactKey: Guid(afa54037ffe627545886e2741abb365d) Importer(815301076,1909f56bfc062723c751e8b465ee728b)
Start importing Assets/Assets/Cartoon FX Remaster/CFXR Prefabs/Explosions/CFXR4 Firework HDR Shoot Single (Random Color).prefab using Guid(afa54037ffe627545886e2741abb365d) Importer(815301076,1909f56bfc062723c751e8b465ee728b)  -> (artifact id: '0b81f4d3122d1988c9fb3fe2775d1c94') in 0.107832 seconds 
========================================================================
Received Import Request.
  Time since last request: 1.097087 seconds.
  path: Assets/Assets/Cartoon FX Remaster/CFXR Prefabs/Fire/CFXR2 Firewall A.prefab
  artifactKey: Guid(2af5562ce69fc2d448481a1587a352a5) Importer(815301076,1909f56bfc062723c751e8b465ee728b)
Start importing Assets/Assets/Cartoon FX Remaster/CFXR Prefabs/Fire/CFXR2 Firewall A.prefab using Guid(2af5562ce69fc2d448481a1587a352a5) Importer(815301076,1909f56bfc062723c751e8b465ee728b)  -> (artifact id: 'a628fe5dc8315d1b5468d888b8555b1a') in 0.027183 seconds 
========================================================================
Received Import Request.
  Time since last request: 3.404497 seconds.
  path: Assets/Assets/Cartoon FX Remaster/Demo Assets/CFXR Demo.asmdef
  artifactKey: Guid(b16f2517c64fb4c43848850704aba72e) Importer(815301076,1909f56bfc062723c751e8b465ee728b)
Start importing Assets/Assets/Cartoon FX Remaster/Demo Assets/CFXR Demo.asmdef using Guid(b16f2517c64fb4c43848850704aba72e) Importer(815301076,1909f56bfc062723c751e8b465ee728b)  -> (artifact id: '836d5d43aa14f4bf7d76499be4d90a66') in 0.011056 seconds 
========================================================================
Received Import Request.
  Time since last request: 3.017285 seconds.
  path: Assets/Assets/Cartoon FX Remaster/Demo Assets/UI/CFXR Demo Btn Bloom H.png
  artifactKey: Guid(32700198561e47044863cf80370fe63a) Importer(815301076,1909f56bfc062723c751e8b465ee728b)
Start importing Assets/Assets/Cartoon FX Remaster/Demo Assets/UI/CFXR Demo Btn Bloom H.png using Guid(32700198561e47044863cf80370fe63a) Importer(815301076,1909f56bfc062723c751e8b465ee728b)  -> (artifact id: '9357c72f2e450872115fbca71202193c') in 0.026494 seconds 
========================================================================
Received Import Request.
  Time since last request: 0.000043 seconds.
  path: Assets/Assets/Cartoon FX Remaster/Demo Assets/UI/CFXR Demo Btn CameraShake.png
  artifactKey: Guid(f446ceac60ed41a42bf4e1669eb8beb0) Importer(815301076,1909f56bfc062723c751e8b465ee728b)
Start importing Assets/Assets/Cartoon FX Remaster/Demo Assets/UI/CFXR Demo Btn CameraShake.png using Guid(f446ceac60ed41a42bf4e1669eb8beb0) Importer(815301076,1909f56bfc062723c751e8b465ee728b)  -> (artifact id: '4d4ce6ea2d4434a60430a07272835849') in 0.029204 seconds 
========================================================================
Received Import Request.
  Time since last request: 0.000037 seconds.
  path: Assets/Assets/Cartoon FX Remaster/Demo Assets/UI/CFXR Demo Btn Ground H.png
  artifactKey: Guid(338685d7a91449f45a6a95b3756c4750) Importer(815301076,1909f56bfc062723c751e8b465ee728b)
Start importing Assets/Assets/Cartoon FX Remaster/Demo Assets/UI/CFXR Demo Btn Ground H.png using Guid(338685d7a91449f45a6a95b3756c4750) Importer(815301076,1909f56bfc062723c751e8b465ee728b)  -> (artifact id: 'f33622069780ad9157984c71d99f33c2') in 0.025750 seconds 
========================================================================
Received Import Request.
  Time since last request: 0.000029 seconds.
  path: Assets/Assets/Cartoon FX Remaster/Demo Assets/UI/CFXR Demo Btn Lights H.png
  artifactKey: Guid(cc22d7577cb43a843a562490334918cc) Importer(815301076,1909f56bfc062723c751e8b465ee728b)
Start importing Assets/Assets/Cartoon FX Remaster/Demo Assets/UI/CFXR Demo Btn Lights H.png using Guid(cc22d7577cb43a843a562490334918cc) Importer(815301076,1909f56bfc062723c751e8b465ee728b)  -> (artifact id: '2b3f3355b47e3e6e6025a9b5cc9be706') in 0.029839 seconds 
========================================================================
Received Import Request.
  Time since last request: 3.546737 seconds.
  path: Assets/Assets/Customizable Skybox/Materials/darken leafs.mat
  artifactKey: Guid(3020cfb028abb6c4f977e1db1f72bef5) Importer(815301076,1909f56bfc062723c751e8b465ee728b)
Start importing Assets/Assets/Customizable Skybox/Materials/darken leafs.mat using Guid(3020cfb028abb6c4f977e1db1f72bef5) Importer(815301076,1909f56bfc062723c751e8b465ee728b)  -> (artifact id: '05a4216a00560fd590215a060e2f00d6') in 0.027352 seconds 
========================================================================
Received Import Request.
  Time since last request: 0.000039 seconds.
  path: Assets/Assets/Customizable Skybox/Materials/trunk.mat
  artifactKey: Guid(08c4b67273e724941900639ca93caabc) Importer(815301076,1909f56bfc062723c751e8b465ee728b)
Start importing Assets/Assets/Customizable Skybox/Materials/trunk.mat using Guid(08c4b67273e724941900639ca93caabc) Importer(815301076,1909f56bfc062723c751e8b465ee728b)  -> (artifact id: '7c4c7808e1aac8ef36ac166c0bb06219') in 0.017142 seconds 
========================================================================
Received Import Request.
  Time since last request: 4.118055 seconds.
  path: Assets/Assets/Free Low Poly Desert Pack/FBX Files/Mixed Colors/Mixed_Cactus_02.fbx
  artifactKey: Guid(c4cca24570a3eb1478f1ede521f132d2) Importer(815301076,1909f56bfc062723c751e8b465ee728b)
Start importing Assets/Assets/Free Low Poly Desert Pack/FBX Files/Mixed Colors/Mixed_Cactus_02.fbx using Guid(c4cca24570a3eb1478f1ede521f132d2) Importer(815301076,1909f56bfc062723c751e8b465ee728b)  -> (artifact id: '016b7ac45893358b3693d7398a149f22') in 0.120551 seconds 
========================================================================
Received Import Request.
  Time since last request: 0.000026 seconds.
  path: Assets/Assets/Free Low Poly Desert Pack/FBX Files/Mixed Colors/Mixed_Well_01.fbx
  artifactKey: Guid(b782f6e89cdd2a4419dbedd552ae90ad) Importer(815301076,1909f56bfc062723c751e8b465ee728b)
Start importing Assets/Assets/Free Low Poly Desert Pack/FBX Files/Mixed Colors/Mixed_Well_01.fbx using Guid(b782f6e89cdd2a4419dbedd552ae90ad) Importer(815301076,1909f56bfc062723c751e8b465ee728b)  -> (artifact id: '42a3d98d36c81b0d5de413f68b7c0f78') in 0.028752 seconds 
========================================================================
Received Import Request.
  Time since last request: 0.699809 seconds.
  path: Assets/Assets/Free Low Poly Desert Pack/Materials/Vertex Color Unlit.mat
  artifactKey: Guid(e6e6ba439ef1bb048a11147b251d973d) Importer(815301076,1909f56bfc062723c751e8b465ee728b)
Start importing Assets/Assets/Free Low Poly Desert Pack/Materials/Vertex Color Unlit.mat using Guid(e6e6ba439ef1bb048a11147b251d973d) Importer(815301076,1909f56bfc062723c751e8b465ee728b)  -> (artifact id: '60e574b3a385d1ea8aade8cc344a1dde') in 0.016666 seconds 
========================================================================
Received Import Request.
  Time since last request: 4.698320 seconds.
  path: Assets/Assets/Free Low Poly Desert Pack/Unity Prefabs/Plants/Flat_Plant_02.prefab
  artifactKey: Guid(2150293d12bfb2448a976624bc72a6f2) Importer(815301076,1909f56bfc062723c751e8b465ee728b)
Start importing Assets/Assets/Free Low Poly Desert Pack/Unity Prefabs/Plants/Flat_Plant_02.prefab using Guid(2150293d12bfb2448a976624bc72a6f2) Importer(815301076,1909f56bfc062723c751e8b465ee728b)  -> (artifact id: '12f7bd6e66d96f3ca67080913cbbef80') in 0.037367 seconds 
========================================================================
Received Import Request.
  Time since last request: 1.038779 seconds.
  path: Assets/Assets/Free Low Poly Desert Pack/Unity Prefabs/Trees/Mixed_Palm_tree_01.prefab
  artifactKey: Guid(2fb6f5d47657319408dbd4f3e8412b4c) Importer(815301076,1909f56bfc062723c751e8b465ee728b)
Start importing Assets/Assets/Free Low Poly Desert Pack/Unity Prefabs/Trees/Mixed_Palm_tree_01.prefab using Guid(2fb6f5d47657319408dbd4f3e8412b4c) Importer(815301076,1909f56bfc062723c751e8b465ee728b)  -> (artifact id: '105c5eb0101e038ff674ac906deda70d') in 0.021163 seconds 
========================================================================
Received Import Request.
  Time since last request: 37.064563 seconds.
  path: Assets/Assets/GLASSOFCOINS - FPS low poly fps/throwables/Smoke_Granade_prefab.prefab
  artifactKey: Guid(f14ea60fe1e19e54abaffe9007fc13c6) Importer(815301076,1909f56bfc062723c751e8b465ee728b)
Start importing Assets/Assets/GLASSOFCOINS - FPS low poly fps/throwables/Smoke_Granade_prefab.prefab using Guid(f14ea60fe1e19e54abaffe9007fc13c6) Importer(815301076,1909f56bfc062723c751e8b465ee728b)  -> (artifact id: 'f274d92b662fe40da86998b961fd0599') in 0.021178 seconds 
========================================================================
Received Prepare
Registering precompiled user dll's ...
Registered in 0.003912 seconds.
Begin MonoManager ReloadAssembly
Symbol file LoadedFromMemory doesn't match image C:\Users\87056\OneDrive\桌面\3702\My project (23)\Library\PackageCache\com.unity.visualscripting@1.7.8\Editor\VisualScripting.Core\Dependencies\YamlDotNet\Unity.VisualScripting.YamlDotNet.dll
Symbol file LoadedFromMemory doesn't match image C:\Users\87056\OneDrive\桌面\3702\My project (23)\Library\PackageCache\com.unity.visualscripting@1.7.8\Editor\VisualScripting.Core\Dependencies\DotNetZip\Unity.VisualScripting.IonicZip.dll
Native extension for WindowsStandalone target not found
Native extension for WebGL target not found
Refreshing native plugins compatible for Editor in 1.28 ms, found 3 plugins.
Preloading 0 native plugins for Editor in 0.00 ms.
Mono: successfully reloaded assembly
- Completed reload, in  0.879 seconds
Domain Reload Profiling:
	ReloadAssembly (880ms)
		BeginReloadAssembly (127ms)
			ExecutionOrderSort (0ms)
			DisableScriptedObjects (3ms)
			BackupInstance (0ms)
			ReleaseScriptingObjects (0ms)
			CreateAndSetChildDomain (42ms)
		EndReloadAssembly (682ms)
			LoadAssemblies (83ms)
			RebuildTransferFunctionScriptingTraits (0ms)
			SetupTypeCache (239ms)
			ReleaseScriptCaches (2ms)
			RebuildScriptCaches (42ms)
			SetupLoadedEditorAssemblies (277ms)
				LogAssemblyErrors (0ms)
				InitializePlatformSupportModulesInManaged (15ms)
				SetLoadedEditorAssemblies (0ms)
				RefreshPlugins (1ms)
				BeforeProcessingInitializeOnLoad (60ms)
				ProcessInitializeOnLoadAttributes (169ms)
				ProcessInitializeOnLoadMethodAttributes (22ms)
				AfterProcessingInitializeOnLoad (9ms)
				EditorAssembliesLoaded (0ms)
			ExecutionOrderSort2 (0ms)
			AwakeInstancesAfterBackupRestoration (5ms)
Platform modules already initialized, skipping
Refreshing native plugins compatible for Editor in 2.76 ms, found 3 plugins.
Preloading 0 native plugins for Editor in 0.00 ms.
Unloading 3423 Unused Serialized files (Serialized files now loaded: 0)
Unloading 20 unused Assets / (79.7 KB). Loaded Objects now: 4141.
Memory consumption went from 151.0 MB to 150.9 MB.
Total: 2.603300 ms (FindLiveObjects: 0.214400 ms CreateObjectMapping: 0.080000 ms MarkObjects: 2.210000 ms  DeleteObjects: 0.097000 ms)

AssetImportParameters requested are different than current active one (requested -> active):
  custom:video-decoder-ogg-theora: a1e56fd34408186e4bbccfd4996cb3dc -> 
  custom:container-muxer-webm: aa71ff27fc2769a1b78a27578f13a17b -> 
  custom:container-demuxer-webm: 4f35f7cbe854078d1ac9338744f61a02 -> 
  custom:video-encoder-webm-vp8: eb34c28f22e8b96e1ab97ce403110664 -> 
  custom:audio-encoder-webm-vorbis: bf7c407c2cedff20999df2af8eb42d56 -> 
  custom:framework-win-MediaFoundation: 216162199b28c13a410421893ffa2e32 -> 
  custom:container-demuxer-ogg: 62fdf1f143b41e24485cea50d1cbac27 -> 
  custom:video-decoder-webm-vp8: 9c59270c3fd7afecdb556c50c9e8de78 -> 
  custom:audio-decoder-ogg-vorbis: bf7c407c2cedff20999df2af8eb42d56 -> 
========================================================================
Received Prepare
Registering precompiled user dll's ...
Registered in 0.005191 seconds.
Begin MonoManager ReloadAssembly
Symbol file LoadedFromMemory doesn't match image C:\Users\87056\OneDrive\桌面\3702\My project (23)\Library\PackageCache\com.unity.visualscripting@1.7.8\Editor\VisualScripting.Core\Dependencies\YamlDotNet\Unity.VisualScripting.YamlDotNet.dll
Symbol file LoadedFromMemory doesn't match image C:\Users\87056\OneDrive\桌面\3702\My project (23)\Library\PackageCache\com.unity.visualscripting@1.7.8\Editor\VisualScripting.Core\Dependencies\DotNetZip\Unity.VisualScripting.IonicZip.dll
Native extension for WindowsStandalone target not found
Native extension for WebGL target not found
Refreshing native plugins compatible for Editor in 1.61 ms, found 3 plugins.
Preloading 0 native plugins for Editor in 0.00 ms.
Mono: successfully reloaded assembly
- Completed reload, in  0.887 seconds
Domain Reload Profiling:
	ReloadAssembly (888ms)
		BeginReloadAssembly (142ms)
			ExecutionOrderSort (0ms)
			DisableScriptedObjects (4ms)
			BackupInstance (0ms)
			ReleaseScriptingObjects (0ms)
			CreateAndSetChildDomain (50ms)
		EndReloadAssembly (657ms)
			LoadAssemblies (86ms)
			RebuildTransferFunctionScriptingTraits (0ms)
			SetupTypeCache (195ms)
			ReleaseScriptCaches (2ms)
			RebuildScriptCaches (35ms)
			SetupLoadedEditorAssemblies (302ms)
				LogAssemblyErrors (0ms)
				InitializePlatformSupportModulesInManaged (17ms)
				SetLoadedEditorAssemblies (1ms)
				RefreshPlugins (2ms)
				BeforeProcessingInitializeOnLoad (60ms)
				ProcessInitializeOnLoadAttributes (187ms)
				ProcessInitializeOnLoadMethodAttributes (29ms)
				AfterProcessingInitializeOnLoad (7ms)
				EditorAssembliesLoaded (0ms)
			ExecutionOrderSort2 (0ms)
			AwakeInstancesAfterBackupRestoration (5ms)
Platform modules already initialized, skipping
Refreshing native plugins compatible for Editor in 3.86 ms, found 3 plugins.
Preloading 0 native plugins for Editor in 0.00 ms.
Unloading 3423 Unused Serialized files (Serialized files now loaded: 0)
Unloading 20 unused Assets / (79.7 KB). Loaded Objects now: 4144.
Memory consumption went from 151.0 MB to 150.9 MB.
Total: 3.998000 ms (FindLiveObjects: 0.303300 ms CreateObjectMapping: 0.110000 ms MarkObjects: 3.350400 ms  DeleteObjects: 0.232500 ms)

AssetImportParameters requested are different than current active one (requested -> active):
  custom:video-decoder-ogg-theora: a1e56fd34408186e4bbccfd4996cb3dc -> 
  custom:container-muxer-webm: aa71ff27fc2769a1b78a27578f13a17b -> 
  custom:container-demuxer-webm: 4f35f7cbe854078d1ac9338744f61a02 -> 
  custom:video-encoder-webm-vp8: eb34c28f22e8b96e1ab97ce403110664 -> 
  custom:audio-encoder-webm-vorbis: bf7c407c2cedff20999df2af8eb42d56 -> 
  custom:framework-win-MediaFoundation: 216162199b28c13a410421893ffa2e32 -> 
  custom:container-demuxer-ogg: 62fdf1f143b41e24485cea50d1cbac27 -> 
  custom:video-decoder-webm-vp8: 9c59270c3fd7afecdb556c50c9e8de78 -> 
  custom:audio-decoder-ogg-vorbis: bf7c407c2cedff20999df2af8eb42d56 -> 
Editor requested this worker to shutdown with reason: Scaling down because of idle timeout
AssetImportWorkerClient::OnTransportError - code=2 error=End of file
AssetImportWorker is now disconnected from the server
Process exiting
Exiting without the bug reporter. Application will terminate with return code 0