Using pre-set license
Built from '2021.3/staging' branch; Version is '2021.3.7f1 (24e8595d6d43) revision 2418777'; Using compiler version '192829333'; Build Type 'Release'
OS: 'Windows 11  (10.0.22621) 64bit Core' Language: 'zh' Physical Memory: 24367 MB
BatchMode: 1, IsHumanControllingUs: 0, StartBugReporterOnCrash: 0, Is64bit: 1, IsPro: 1

COMMAND LINE ARGUMENTS:
C:\Program Files\Unity\Hub\Editor\2021.3.7f1\Editor\Unity.exe
-adb2
-batchMode
-noUpm
-name
AssetImportWorker11
-projectPath
C:/Users/87056/OneDrive/桌面/3702/My project (23)
-logFile
Logs/AssetImportWorker11.log
-srvPort
62712
Successfully changed project path to: C:/Users/87056/OneDrive/桌面/3702/My project (23)
C:/Users/87056/OneDrive/桌面/3702/My project (23)
[UnityMemory] Configuration Parameters - Can be set up in boot.config
    "memorysetup-bucket-allocator-granularity=16"
    "memorysetup-bucket-allocator-bucket-count=8"
    "memorysetup-bucket-allocator-block-size=33554432"
    "memorysetup-bucket-allocator-block-count=8"
    "memorysetup-main-allocator-block-size=16777216"
    "memorysetup-thread-allocator-block-size=16777216"
    "memorysetup-gfx-main-allocator-block-size=16777216"
    "memorysetup-gfx-thread-allocator-block-size=16777216"
    "memorysetup-cache-allocator-block-size=4194304"
    "memorysetup-typetree-allocator-block-size=2097152"
    "memorysetup-profiler-bucket-allocator-granularity=16"
    "memorysetup-profiler-bucket-allocator-bucket-count=8"
    "memorysetup-profiler-bucket-allocator-block-size=33554432"
    "memorysetup-profiler-bucket-allocator-block-count=8"
    "memorysetup-profiler-allocator-block-size=16777216"
    "memorysetup-profiler-editor-allocator-block-size=1048576"
    "memorysetup-temp-allocator-size-main=16777216"
    "memorysetup-job-temp-allocator-block-size=2097152"
    "memorysetup-job-temp-allocator-block-size-background=1048576"
    "memorysetup-job-temp-allocator-reduction-small-platforms=262144"
    "memorysetup-temp-allocator-size-background-worker=32768"
    "memorysetup-temp-allocator-size-job-worker=262144"
    "memorysetup-temp-allocator-size-preload-manager=33554432"
    "memorysetup-temp-allocator-size-nav-mesh-worker=65536"
    "memorysetup-temp-allocator-size-audio-worker=65536"
    "memorysetup-temp-allocator-size-cloud-worker=32768"
    "memorysetup-temp-allocator-size-gi-baking-worker=262144"
    "memorysetup-temp-allocator-size-gfx=262144"
Refreshing native plugins compatible for Editor in 72.37 ms, found 3 plugins.
Preloading 0 native plugins for Editor in 0.00 ms.
Initialize engine version: 2021.3.7f1 (24e8595d6d43)
[Subsystems] Discovering subsystems at path C:/Program Files/Unity/Hub/Editor/2021.3.7f1/Editor/Data/Resources/UnitySubsystems
[Subsystems] Discovering subsystems at path C:/Users/87056/OneDrive/桌面/3702/My project (23)/Assets
GfxDevice: creating device client; threaded=0; jobified=0
Direct3D:
    Version:  Direct3D 11.0 [level 11.1]
    Renderer: NVIDIA GeForce RTX 4070 Ti (ID=0x2782)
    Vendor:   NVIDIA
    VRAM:     12010 MB
    Driver:   31.0.15.3758
Invalid texture used for cursor - check importer settings or texture creation. Texture must be RGBA32, readable, have alphaIsTransparency enabled and have no mip chain.
Failed to set the cursor because the specified texture ('Title 20') was not CPU accessible.
Initialize mono
Mono path[0] = 'C:/Program Files/Unity/Hub/Editor/2021.3.7f1/Editor/Data/Managed'
Mono path[1] = 'C:/Program Files/Unity/Hub/Editor/2021.3.7f1/Editor/Data/MonoBleedingEdge/lib/mono/unityjit-win32'
Mono config path = 'C:/Program Files/Unity/Hub/Editor/2021.3.7f1/Editor/Data/MonoBleedingEdge/etc'
Using monoOptions --debugger-agent=transport=dt_socket,embedding=1,server=y,suspend=n,address=127.0.0.1:56076
Begin MonoManager ReloadAssembly
Registering precompiled unity dll's ...
Register platform support module: C:/Program Files/Unity/Hub/Editor/2021.3.7f1/Editor/Data/PlaybackEngines/WebGLSupport/UnityEditor.WebGL.Extensions.dll
Register platform support module: C:/Program Files/Unity/Hub/Editor/2021.3.7f1/Editor/Data/PlaybackEngines/WindowsStandaloneSupport/UnityEditor.WindowsStandalone.Extensions.dll
Registered in 0.004404 seconds.
Native extension for WindowsStandalone target not found
Native extension for WebGL target not found
Refreshing native plugins compatible for Editor in 102.86 ms, found 3 plugins.
Preloading 0 native plugins for Editor in 0.00 ms.
Mono: successfully reloaded assembly
- Completed reload, in  0.550 seconds
Domain Reload Profiling:
	ReloadAssembly (550ms)
		BeginReloadAssembly (50ms)
			ExecutionOrderSort (0ms)
			DisableScriptedObjects (0ms)
			BackupInstance (0ms)
			ReleaseScriptingObjects (0ms)
			CreateAndSetChildDomain (1ms)
		EndReloadAssembly (430ms)
			LoadAssemblies (49ms)
			RebuildTransferFunctionScriptingTraits (0ms)
			SetupTypeCache (86ms)
			ReleaseScriptCaches (0ms)
			RebuildScriptCaches (24ms)
			SetupLoadedEditorAssemblies (268ms)
				LogAssemblyErrors (0ms)
				InitializePlatformSupportModulesInManaged (11ms)
				SetLoadedEditorAssemblies (0ms)
				RefreshPlugins (103ms)
				BeforeProcessingInitializeOnLoad (1ms)
				ProcessInitializeOnLoadAttributes (111ms)
				ProcessInitializeOnLoadMethodAttributes (41ms)
				AfterProcessingInitializeOnLoad (0ms)
				EditorAssembliesLoaded (0ms)
			ExecutionOrderSort2 (0ms)
			AwakeInstancesAfterBackupRestoration (0ms)
Platform modules already initialized, skipping
Registering precompiled user dll's ...
Registered in 0.004162 seconds.
Begin MonoManager ReloadAssembly
Symbol file LoadedFromMemory doesn't match image C:\Users\87056\OneDrive\桌面\3702\My project (23)\Library\PackageCache\com.unity.visualscripting@1.7.8\Editor\VisualScripting.Core\Dependencies\YamlDotNet\Unity.VisualScripting.YamlDotNet.dll
Symbol file LoadedFromMemory doesn't match image C:\Users\87056\OneDrive\桌面\3702\My project (23)\Library\PackageCache\com.unity.visualscripting@1.7.8\Editor\VisualScripting.Core\Dependencies\DotNetZip\Unity.VisualScripting.IonicZip.dll
Native extension for WindowsStandalone target not found
Native extension for WebGL target not found
Refreshing native plugins compatible for Editor in 1.02 ms, found 3 plugins.
Preloading 0 native plugins for Editor in 0.00 ms.
Mono: successfully reloaded assembly
- Completed reload, in  0.762 seconds
Domain Reload Profiling:
	ReloadAssembly (763ms)
		BeginReloadAssembly (86ms)
			ExecutionOrderSort (0ms)
			DisableScriptedObjects (4ms)
			BackupInstance (0ms)
			ReleaseScriptingObjects (0ms)
			CreateAndSetChildDomain (17ms)
		EndReloadAssembly (591ms)
			LoadAssemblies (66ms)
			RebuildTransferFunctionScriptingTraits (0ms)
			SetupTypeCache (185ms)
			ReleaseScriptCaches (1ms)
			RebuildScriptCaches (40ms)
			SetupLoadedEditorAssemblies (272ms)
				LogAssemblyErrors (0ms)
				InitializePlatformSupportModulesInManaged (5ms)
				SetLoadedEditorAssemblies (0ms)
				RefreshPlugins (1ms)
				BeforeProcessingInitializeOnLoad (58ms)
				ProcessInitializeOnLoadAttributes (182ms)
				ProcessInitializeOnLoadMethodAttributes (21ms)
				AfterProcessingInitializeOnLoad (5ms)
				EditorAssembliesLoaded (0ms)
			ExecutionOrderSort2 (0ms)
			AwakeInstancesAfterBackupRestoration (5ms)
Platform modules already initialized, skipping
========================================================================
Worker process is ready to serve import requests
Launched and connected shader compiler UnityShaderCompiler.exe after 0.07 seconds
Refreshing native plugins compatible for Editor in 3.14 ms, found 3 plugins.
Preloading 0 native plugins for Editor in 0.00 ms.
Unloading 3451 Unused Serialized files (Serialized files now loaded: 0)
Unloading 27 unused Assets / (112.0 KB). Loaded Objects now: 3928.
Memory consumption went from 149.1 MB to 149.0 MB.
Total: 3.461000 ms (FindLiveObjects: 0.338500 ms CreateObjectMapping: 0.122200 ms MarkObjects: 2.838600 ms  DeleteObjects: 0.160000 ms)

AssetImportParameters requested are different than current active one (requested -> active):
  custom:video-decoder-ogg-theora: a1e56fd34408186e4bbccfd4996cb3dc -> 
  custom:container-muxer-webm: aa71ff27fc2769a1b78a27578f13a17b -> 
  custom:container-demuxer-webm: 4f35f7cbe854078d1ac9338744f61a02 -> 
  custom:video-encoder-webm-vp8: eb34c28f22e8b96e1ab97ce403110664 -> 
  custom:audio-encoder-webm-vorbis: bf7c407c2cedff20999df2af8eb42d56 -> 
  custom:framework-win-MediaFoundation: 216162199b28c13a410421893ffa2e32 -> 
  custom:container-demuxer-ogg: 62fdf1f143b41e24485cea50d1cbac27 -> 
  custom:video-decoder-webm-vp8: 9c59270c3fd7afecdb556c50c9e8de78 -> 
  custom:audio-decoder-ogg-vorbis: bf7c407c2cedff20999df2af8eb42d56 -> 
========================================================================
Received Import Request.
  Time since last request: 103513.750302 seconds.
  path: Assets/Assets/Runemark Studio/Freebies/Polygon Desert Pack/Prefabs/Cactus1.prefab
  artifactKey: Guid(575780dd1f55b7941803be0767c1e36e) Importer(815301076,1909f56bfc062723c751e8b465ee728b)
Start importing Assets/Assets/Runemark Studio/Freebies/Polygon Desert Pack/Prefabs/Cactus1.prefab using Guid(575780dd1f55b7941803be0767c1e36e) Importer(815301076,1909f56bfc062723c751e8b465ee728b)  -> (artifact id: 'a23f87a3a19da9372851da5e06f8a22f') in 0.315790 seconds 
========================================================================
Received Import Request.
  Time since last request: 0.270779 seconds.
  path: Assets/Audio/DeathSound_cut.mp3
  artifactKey: Guid(39ae67700f821e149ba9a684842920d1) Importer(815301076,1909f56bfc062723c751e8b465ee728b)
Start importing Assets/Audio/DeathSound_cut.mp3 using Guid(39ae67700f821e149ba9a684842920d1) Importer(815301076,1909f56bfc062723c751e8b465ee728b)  -> (artifact id: '5b21d6bb59d2fe7181d8e92b10a48cf5') in 0.052870 seconds 
========================================================================
Received Import Request.
  Time since last request: 7.474229 seconds.
  path: Assets/Prefabs/Enemy 1.prefab
  artifactKey: Guid(bc6c35cd2fd989d40a13da39caf2d1bb) Importer(815301076,1909f56bfc062723c751e8b465ee728b)
Start importing Assets/Prefabs/Enemy 1.prefab using Guid(bc6c35cd2fd989d40a13da39caf2d1bb) Importer(815301076,1909f56bfc062723c751e8b465ee728b)  -> (artifact id: 'b030879d1ebe5fb09d382ff54a6ee9a9') in 0.094952 seconds 
========================================================================
Received Import Request.
  Time since last request: 23.586044 seconds.
  path: Assets/Brick Project Studio/Hospital Medical Office Kit/_Prefabs/Rooms/MRI Room.prefab
  artifactKey: Guid(715c99583ca512c40b36e68e075ebb17) Importer(815301076,1909f56bfc062723c751e8b465ee728b)
Start importing Assets/Brick Project Studio/Hospital Medical Office Kit/_Prefabs/Rooms/MRI Room.prefab using Guid(715c99583ca512c40b36e68e075ebb17) Importer(815301076,1909f56bfc062723c751e8b465ee728b)  -> (artifact id: '9b5fcb011fef8413da3398d603cdcc14') in 1.572827 seconds 
========================================================================
Received Import Request.
  Time since last request: 4.995450 seconds.
  path: Assets/UI Kit Pro - Kawaii/Prefabs/Buttons/Button Hex.prefab
  artifactKey: Guid(726812c7d124541538a054c722c888f4) Importer(815301076,1909f56bfc062723c751e8b465ee728b)
Start importing Assets/UI Kit Pro - Kawaii/Prefabs/Buttons/Button Hex.prefab using Guid(726812c7d124541538a054c722c888f4) Importer(815301076,1909f56bfc062723c751e8b465ee728b)  -> (artifact id: '7db4a07e7e21a1d435457c6f11b77cb0') in 0.029300 seconds 
========================================================================
Received Import Request.
  Time since last request: 1.543304 seconds.
  path: Assets/UI Kit Pro - Kawaii/Prefabs/Currencies/Currency Coin Style 2.prefab
  artifactKey: Guid(421f8e99380b84119bfd320b70c610b9) Importer(815301076,1909f56bfc062723c751e8b465ee728b)
Start importing Assets/UI Kit Pro - Kawaii/Prefabs/Currencies/Currency Coin Style 2.prefab using Guid(421f8e99380b84119bfd320b70c610b9) Importer(815301076,1909f56bfc062723c751e8b465ee728b)  -> (artifact id: '0f70d87a7262bbb2d9b3c4d45847130e') in 0.016892 seconds 
========================================================================
Received Import Request.
  Time since last request: 0.000023 seconds.
  path: Assets/UI Kit Pro - Kawaii/Prefabs/Currencies/Currency Gem 4 Style 3.prefab
  artifactKey: Guid(22aed3be058954764808155bb0b08bc3) Importer(815301076,1909f56bfc062723c751e8b465ee728b)
Start importing Assets/UI Kit Pro - Kawaii/Prefabs/Currencies/Currency Gem 4 Style 3.prefab using Guid(22aed3be058954764808155bb0b08bc3) Importer(815301076,1909f56bfc062723c751e8b465ee728b)  -> (artifact id: '1e3f4238111d3590e27198f615c968a9') in 0.017215 seconds 
========================================================================
Received Import Request.
  Time since last request: 0.000041 seconds.
  path: Assets/UI Kit Pro - Kawaii/Prefabs/Currencies/Currency Energy Style 3.prefab
  artifactKey: Guid(2ff14888e8cd14a1b9b67f01f9213437) Importer(815301076,1909f56bfc062723c751e8b465ee728b)
Start importing Assets/UI Kit Pro - Kawaii/Prefabs/Currencies/Currency Energy Style 3.prefab using Guid(2ff14888e8cd14a1b9b67f01f9213437) Importer(815301076,1909f56bfc062723c751e8b465ee728b)  -> (artifact id: '148b35fa7cda0a59a449b4c324626a93') in 0.019934 seconds 
========================================================================
Received Import Request.
  Time since last request: 0.000051 seconds.
  path: Assets/UI Kit Pro - Kawaii/Prefabs/Currencies/Currency Gem 2 Style 3.prefab
  artifactKey: Guid(79152bd9d453c410bab16d146654db97) Importer(815301076,1909f56bfc062723c751e8b465ee728b)
Start importing Assets/UI Kit Pro - Kawaii/Prefabs/Currencies/Currency Gem 2 Style 3.prefab using Guid(79152bd9d453c410bab16d146654db97) Importer(815301076,1909f56bfc062723c751e8b465ee728b)  -> (artifact id: 'b9d8c517c311955b390c246e2202171e') in 0.016302 seconds 
========================================================================
Received Import Request.
  Time since last request: 0.000044 seconds.
  path: Assets/UI Kit Pro - Kawaii/Prefabs/Currencies/Currency Money Style 2.prefab
  artifactKey: Guid(9f494d399149a419bb5d30d940170abc) Importer(815301076,1909f56bfc062723c751e8b465ee728b)
Start importing Assets/UI Kit Pro - Kawaii/Prefabs/Currencies/Currency Money Style 2.prefab using Guid(9f494d399149a419bb5d30d940170abc) Importer(815301076,1909f56bfc062723c751e8b465ee728b)  -> (artifact id: 'cd55a379b71f23a8e43ebf80e16e84c7') in 0.017856 seconds 
========================================================================
Received Import Request.
  Time since last request: 0.000039 seconds.
  path: Assets/UI Kit Pro - Kawaii/Prefabs/Currencies/Currency Gem 2 Style 2.prefab
  artifactKey: Guid(121f4e6907f814793a99fa9ebf6f82b9) Importer(815301076,1909f56bfc062723c751e8b465ee728b)
Start importing Assets/UI Kit Pro - Kawaii/Prefabs/Currencies/Currency Gem 2 Style 2.prefab using Guid(121f4e6907f814793a99fa9ebf6f82b9) Importer(815301076,1909f56bfc062723c751e8b465ee728b)  -> (artifact id: '50f9d52560ab6e450dfe63ad8da57317') in 0.012617 seconds 
========================================================================
Received Import Request.
  Time since last request: 0.271794 seconds.
  path: Assets/UI Kit Pro - Kawaii/Prefabs/Headers/Header Flag1 Shade.prefab
  artifactKey: Guid(66d3dd8ac1b7746e98af69df4bedbd32) Importer(815301076,1909f56bfc062723c751e8b465ee728b)
Start importing Assets/UI Kit Pro - Kawaii/Prefabs/Headers/Header Flag1 Shade.prefab using Guid(66d3dd8ac1b7746e98af69df4bedbd32) Importer(815301076,1909f56bfc062723c751e8b465ee728b)  -> (artifact id: 'fffcbd7aed59e8d3511396c028d835a0') in 0.013194 seconds 
========================================================================
Received Import Request.
  Time since last request: 0.000039 seconds.
  path: Assets/UI Kit Pro - Kawaii/Prefabs/Headers/Header Plain Shade.prefab
  artifactKey: Guid(c9583fc8297c649fead26e6f52891a2e) Importer(815301076,1909f56bfc062723c751e8b465ee728b)
Start importing Assets/UI Kit Pro - Kawaii/Prefabs/Headers/Header Plain Shade.prefab using Guid(c9583fc8297c649fead26e6f52891a2e) Importer(815301076,1909f56bfc062723c751e8b465ee728b)  -> (artifact id: '1382615b52a61c2d377b16a7ae4c686e') in 0.015109 seconds 
========================================================================
Received Import Request.
  Time since last request: 0.443174 seconds.
  path: Assets/UI Kit Pro - Kawaii/Prefabs/Lootbox/Loot Box Bronze.prefab
  artifactKey: Guid(2a07b35399dd446e6b3b59680f3187f3) Importer(815301076,1909f56bfc062723c751e8b465ee728b)
Start importing Assets/UI Kit Pro - Kawaii/Prefabs/Lootbox/Loot Box Bronze.prefab using Guid(2a07b35399dd446e6b3b59680f3187f3) Importer(815301076,1909f56bfc062723c751e8b465ee728b)  -> (artifact id: '43377c0945e1b1e0cbe4fdf6a8035a09') in 0.027917 seconds 
========================================================================
Received Import Request.
  Time since last request: 0.000033 seconds.
  path: Assets/UI Kit Pro - Kawaii/Prefabs/Lootbox/Loot Box Silver with Button.prefab
  artifactKey: Guid(9af42259b67d84492850070050689b2a) Importer(815301076,1909f56bfc062723c751e8b465ee728b)
Start importing Assets/UI Kit Pro - Kawaii/Prefabs/Lootbox/Loot Box Silver with Button.prefab using Guid(9af42259b67d84492850070050689b2a) Importer(815301076,1909f56bfc062723c751e8b465ee728b)  -> (artifact id: '295b9130bca4be82f4b3f61ec3c0480b') in 0.021623 seconds 
========================================================================
Received Import Request.
  Time since last request: 0.784336 seconds.
  path: Assets/UI Kit Pro - Kawaii/Prefabs/Panels/Panel Back Style 2.prefab
  artifactKey: Guid(b43e1fdfb9f10483d8475e421739c2af) Importer(815301076,1909f56bfc062723c751e8b465ee728b)
Start importing Assets/UI Kit Pro - Kawaii/Prefabs/Panels/Panel Back Style 2.prefab using Guid(b43e1fdfb9f10483d8475e421739c2af) Importer(815301076,1909f56bfc062723c751e8b465ee728b)  -> (artifact id: '87df1acc6c530539944a1e6950cabcb6') in 0.012329 seconds 
========================================================================
Received Import Request.
  Time since last request: 0.000053 seconds.
  path: Assets/UI Kit Pro - Kawaii/Prefabs/Panels/Panel Style 3.prefab
  artifactKey: Guid(a6d1e29184f1f4e5aa3cebd6c54fc394) Importer(815301076,1909f56bfc062723c751e8b465ee728b)
Start importing Assets/UI Kit Pro - Kawaii/Prefabs/Panels/Panel Style 3.prefab using Guid(a6d1e29184f1f4e5aa3cebd6c54fc394) Importer(815301076,1909f56bfc062723c751e8b465ee728b)  -> (artifact id: '289b4b7dff32a5e5c6fe2868c221b9f2') in 0.015496 seconds 
========================================================================
Received Import Request.
  Time since last request: 21.886249 seconds.
  path: Assets/Scenes/DEMO/Lightmap-0_comp_dir.png
  artifactKey: Guid(a9bc63d34e82427488ba01ebe2ff9232) Importer(815301076,1909f56bfc062723c751e8b465ee728b)
Start importing Assets/Scenes/DEMO/Lightmap-0_comp_dir.png using Guid(a9bc63d34e82427488ba01ebe2ff9232) Importer(815301076,1909f56bfc062723c751e8b465ee728b)  -> (artifact id: 'cf0b3b4b5825bcd4493478159dd03c0e') in 0.048474 seconds 
========================================================================
Received Import Request.
  Time since last request: 12.258739 seconds.
  path: Assets/MedievalFantasyWorld/_Common/Demo/Mat_Grass2.mat
  artifactKey: Guid(f53e5fd02d944054f84fedd833e4eccd) Importer(815301076,1909f56bfc062723c751e8b465ee728b)
Start importing Assets/MedievalFantasyWorld/_Common/Demo/Mat_Grass2.mat using Guid(f53e5fd02d944054f84fedd833e4eccd) Importer(815301076,1909f56bfc062723c751e8b465ee728b)  -> (artifact id: '1a87975cae4affe74fa412667a0f692c') in 0.050333 seconds 
========================================================================
Received Import Request.
  Time since last request: 0.000037 seconds.
  path: Assets/MedievalFantasyWorld/_Common/Demo/Mat_Soil2.mat
  artifactKey: Guid(86653b8f5c5f5f4439d45dcd2ade0d77) Importer(815301076,1909f56bfc062723c751e8b465ee728b)
Start importing Assets/MedievalFantasyWorld/_Common/Demo/Mat_Soil2.mat using Guid(86653b8f5c5f5f4439d45dcd2ade0d77) Importer(815301076,1909f56bfc062723c751e8b465ee728b)  -> (artifact id: 'd2670f7e56e9e761b1ca3266f40d9c31') in 0.019001 seconds 
========================================================================
Received Import Request.
  Time since last request: 0.000054 seconds.
  path: Assets/MedievalFantasyWorld/_Common/Demo/Prefab_DemoBase.prefab
  artifactKey: Guid(90a7b62b74241ca47988288c7cb59210) Importer(815301076,1909f56bfc062723c751e8b465ee728b)
Start importing Assets/MedievalFantasyWorld/_Common/Demo/Prefab_DemoBase.prefab using Guid(90a7b62b74241ca47988288c7cb59210) Importer(815301076,1909f56bfc062723c751e8b465ee728b)  -> (artifact id: 'fd0499a067dfb4ecb04772a88572a19f') in 0.022917 seconds 
========================================================================
Received Import Request.
  Time since last request: 16.086654 seconds.
  path: Assets/Forest Creatures Pack/Treasure Goblin/FBX/Treasure Goblin@Die.FBX
  artifactKey: Guid(3a6df8120ce7cfd45987a26b868bbfcb) Importer(815301076,1909f56bfc062723c751e8b465ee728b)
Start importing Assets/Forest Creatures Pack/Treasure Goblin/FBX/Treasure Goblin@Die.FBX using Guid(3a6df8120ce7cfd45987a26b868bbfcb) Importer(815301076,1909f56bfc062723c751e8b465ee728b)  -> (artifact id: '5b1bdb06dc25ebe9f12db3a48b3925c0') in 0.103476 seconds 
========================================================================
Received Import Request.
  Time since last request: 0.000043 seconds.
  path: Assets/Forest Creatures Pack/Treasure Goblin/FBX/Treasure Goblin@SpellCast.FBX
  artifactKey: Guid(966085af8c2707e438b67e7dd24d2a45) Importer(815301076,1909f56bfc062723c751e8b465ee728b)
Start importing Assets/Forest Creatures Pack/Treasure Goblin/FBX/Treasure Goblin@SpellCast.FBX using Guid(966085af8c2707e438b67e7dd24d2a45) Importer(815301076,1909f56bfc062723c751e8b465ee728b)  -> (artifact id: 'c07e9dd5dc482aca04e956543ee5c161') in 0.083861 seconds 
========================================================================
Received Import Request.
  Time since last request: 0.000034 seconds.
  path: Assets/Forest Creatures Pack/Treasure Goblin/FBX/Treasure Goblin@Strafe Left W Root.FBX
  artifactKey: Guid(38eda910ccf026e4d93aa9b1b6ddb23c) Importer(815301076,1909f56bfc062723c751e8b465ee728b)
Start importing Assets/Forest Creatures Pack/Treasure Goblin/FBX/Treasure Goblin@Strafe Left W Root.FBX using Guid(38eda910ccf026e4d93aa9b1b6ddb23c) Importer(815301076,1909f56bfc062723c751e8b465ee728b)  -> (artifact id: '6378dac0d7464c98923c880caf479447') in 0.087089 seconds 
========================================================================
Received Import Request.
  Time since last request: 0.000047 seconds.
  path: Assets/Forest Creatures Pack/Treasure Goblin/FBX/Treasure Goblin@Run Forward In Place.FBX
  artifactKey: Guid(46b64365c428b974d864c43679e545f6) Importer(815301076,1909f56bfc062723c751e8b465ee728b)
Start importing Assets/Forest Creatures Pack/Treasure Goblin/FBX/Treasure Goblin@Run Forward In Place.FBX using Guid(46b64365c428b974d864c43679e545f6) Importer(815301076,1909f56bfc062723c751e8b465ee728b)  -> (artifact id: 'd6ea73046890eaa7ec80e91b3ae316b9') in 0.080467 seconds 
========================================================================
Received Import Request.
  Time since last request: 3.335137 seconds.
  path: Assets/Forest Creatures Pack/Treasure Goblin/Materials/Treasure Goblin - Blue.mat
  artifactKey: Guid(c378b13368860394b9c6f354d38e54f2) Importer(815301076,1909f56bfc062723c751e8b465ee728b)
Start importing Assets/Forest Creatures Pack/Treasure Goblin/Materials/Treasure Goblin - Blue.mat using Guid(c378b13368860394b9c6f354d38e54f2) Importer(815301076,1909f56bfc062723c751e8b465ee728b)  -> (artifact id: '41af07955e235148f75aa454538cce5b') in 0.057320 seconds 
========================================================================
Received Import Request.
  Time since last request: 0.376245 seconds.
  path: Assets/Forest Creatures Pack/Treasure Goblin/Prefabs/Treasure Goblin - Green.prefab
  artifactKey: Guid(18e367dc908f89f4ab51f35e5baed61e) Importer(815301076,1909f56bfc062723c751e8b465ee728b)
Start importing Assets/Forest Creatures Pack/Treasure Goblin/Prefabs/Treasure Goblin - Green.prefab using Guid(18e367dc908f89f4ab51f35e5baed61e) Importer(815301076,1909f56bfc062723c751e8b465ee728b)  -> (artifact id: '6466988da105951d91f6f19c0ee638f6') in 0.066066 seconds 
========================================================================
Received Import Request.
  Time since last request: 2.823805 seconds.
  path: Assets/Forest Creatures Pack/Treasure Goblin/Textures/Treasure Goblin - Blue.png
  artifactKey: Guid(ebec89a5f2e053947876a3ec50d93e0c) Importer(815301076,1909f56bfc062723c751e8b465ee728b)
Start importing Assets/Forest Creatures Pack/Treasure Goblin/Textures/Treasure Goblin - Blue.png using Guid(ebec89a5f2e053947876a3ec50d93e0c) Importer(815301076,1909f56bfc062723c751e8b465ee728b)  -> (artifact id: 'e3ff27d51afb64e070ad723b3916ffe2') in 0.022110 seconds 
========================================================================
Received Import Request.
  Time since last request: 5.282347 seconds.
  path: Assets/Forest Creatures Pack/Nymph Fairy/Materials/Nymph Fairy - Pink.mat
  artifactKey: Guid(d814c7ccca44f4a45a0fc2b019814369) Importer(815301076,1909f56bfc062723c751e8b465ee728b)
Start importing Assets/Forest Creatures Pack/Nymph Fairy/Materials/Nymph Fairy - Pink.mat using Guid(d814c7ccca44f4a45a0fc2b019814369) Importer(815301076,1909f56bfc062723c751e8b465ee728b)  -> (artifact id: '249d89ae9de4e307675e8bc06043de5e') in 0.025693 seconds 
========================================================================
Received Import Request.
  Time since last request: 0.000031 seconds.
  path: Assets/Forest Creatures Pack/Nymph Fairy/Materials/Projectile-Pink.mat
  artifactKey: Guid(6671ffcc963e6004597065edfcb2c8bd) Importer(815301076,1909f56bfc062723c751e8b465ee728b)
Start importing Assets/Forest Creatures Pack/Nymph Fairy/Materials/Projectile-Pink.mat using Guid(6671ffcc963e6004597065edfcb2c8bd) Importer(815301076,1909f56bfc062723c751e8b465ee728b)  -> (artifact id: 'aacb29cbe7462f5275aecd5d21083ed4') in 0.017983 seconds 
========================================================================
Received Import Request.
  Time since last request: 0.447787 seconds.
  path: Assets/Forest Creatures Pack/Nymph Fairy/Prefabs/Nymph Fairy-Pink.prefab
  artifactKey: Guid(2b557288d4361714a9cf114ad1552db3) Importer(815301076,1909f56bfc062723c751e8b465ee728b)
Start importing Assets/Forest Creatures Pack/Nymph Fairy/Prefabs/Nymph Fairy-Pink.prefab using Guid(2b557288d4361714a9cf114ad1552db3) Importer(815301076,1909f56bfc062723c751e8b465ee728b)  -> (artifact id: 'e1b6c720f0e140e0fb21d630ad2ac103') in 0.086706 seconds 
========================================================================
Received Import Request.
  Time since last request: 2.377135 seconds.
  path: Assets/Forest Creatures Pack/Nymph Fairy/Textures/FX Projectile Pink.psd
  artifactKey: Guid(b11eb8cc38bca5c4ba5894608044b188) Importer(815301076,1909f56bfc062723c751e8b465ee728b)
Start importing Assets/Forest Creatures Pack/Nymph Fairy/Textures/FX Projectile Pink.psd using Guid(b11eb8cc38bca5c4ba5894608044b188) Importer(815301076,1909f56bfc062723c751e8b465ee728b)  -> (artifact id: '0a62ff6efee72788fe061ae2db255630') in 0.027025 seconds 
========================================================================
Received Import Request.
  Time since last request: 4.266532 seconds.
  path: Assets/Forest Creatures Pack/Monster Bee/FBX/Monster Bee@ClawAttack.FBX
  artifactKey: Guid(4ba460a374192ad439334cac4e80428a) Importer(815301076,1909f56bfc062723c751e8b465ee728b)
Start importing Assets/Forest Creatures Pack/Monster Bee/FBX/Monster Bee@ClawAttack.FBX using Guid(4ba460a374192ad439334cac4e80428a) Importer(815301076,1909f56bfc062723c751e8b465ee728b)  -> (artifact id: 'abc184b6b721ae0cf3677ecf5720ee80') in 0.090828 seconds 
========================================================================
Received Import Request.
  Time since last request: 0.000170 seconds.
  path: Assets/Forest Creatures Pack/Monster Bee/FBX/Monster Bee@TakeDamage.FBX
  artifactKey: Guid(a216a7d40d0810f4f8fb331136d83aee) Importer(815301076,1909f56bfc062723c751e8b465ee728b)
Start importing Assets/Forest Creatures Pack/Monster Bee/FBX/Monster Bee@TakeDamage.FBX using Guid(a216a7d40d0810f4f8fb331136d83aee) Importer(815301076,1909f56bfc062723c751e8b465ee728b)  -> (artifact id: '6c81846b397c916a3b5716135725ca7a') in 0.100121 seconds 
========================================================================
Received Import Request.
  Time since last request: 0.000026 seconds.
  path: Assets/Forest Creatures Pack/Monster Bee/FBX/Monster Bee@Fly Right.FBX
  artifactKey: Guid(2e13c79e406fb464ba4e7a38ed3cf998) Importer(815301076,1909f56bfc062723c751e8b465ee728b)
Start importing Assets/Forest Creatures Pack/Monster Bee/FBX/Monster Bee@Fly Right.FBX using Guid(2e13c79e406fb464ba4e7a38ed3cf998) Importer(815301076,1909f56bfc062723c751e8b465ee728b)  -> (artifact id: '1ad34fe3d8cc03ee1dabc005c9d218ac') in 0.077745 seconds 
========================================================================
Received Import Request.
  Time since last request: 0.157666 seconds.
  path: Assets/Forest Creatures Pack/Monster Bee/Materials/Monster Bee - Green.mat
  artifactKey: Guid(8f320853552deec4eb57674200639e03) Importer(815301076,1909f56bfc062723c751e8b465ee728b)
Start importing Assets/Forest Creatures Pack/Monster Bee/Materials/Monster Bee - Green.mat using Guid(8f320853552deec4eb57674200639e03) Importer(815301076,1909f56bfc062723c751e8b465ee728b)  -> (artifact id: '7ec7a711dc34ff3aae9f4dda8f65e1db') in 0.055923 seconds 
========================================================================
Received Import Request.
  Time since last request: 1.892072 seconds.
  path: Assets/Forest Creatures Pack/Monster Bee/Textures/Monster Bee - Green.png
  artifactKey: Guid(efb5cd2c4734b4549a2f9183a3fbcce4) Importer(815301076,1909f56bfc062723c751e8b465ee728b)
Start importing Assets/Forest Creatures Pack/Monster Bee/Textures/Monster Bee - Green.png using Guid(efb5cd2c4734b4549a2f9183a3fbcce4) Importer(815301076,1909f56bfc062723c751e8b465ee728b)  -> (artifact id: '7e152a7902f2e2cb6936e7e5321c4cfd') in 0.026939 seconds 
========================================================================
Received Import Request.
  Time since last request: 2.504095 seconds.
  path: Assets/Forest Creatures Pack/Forest Wolf/Textures/Forest Wolf - Grey.png
  artifactKey: Guid(76e45fab6f4253e478eb2ff23c22d271) Importer(815301076,1909f56bfc062723c751e8b465ee728b)
Start importing Assets/Forest Creatures Pack/Forest Wolf/Textures/Forest Wolf - Grey.png using Guid(76e45fab6f4253e478eb2ff23c22d271) Importer(815301076,1909f56bfc062723c751e8b465ee728b)  -> (artifact id: '8ac199029b1ed524d8e611dc28481a12') in 0.026269 seconds 
========================================================================
Received Import Request.
  Time since last request: 2.014294 seconds.
  path: Assets/Forest Creatures Pack/Forest Wolf/Prefabs/Forest Wolf - Grey.prefab
  artifactKey: Guid(0594267ae315b2c489534a7b1f400bfe) Importer(815301076,1909f56bfc062723c751e8b465ee728b)
Start importing Assets/Forest Creatures Pack/Forest Wolf/Prefabs/Forest Wolf - Grey.prefab using Guid(0594267ae315b2c489534a7b1f400bfe) Importer(815301076,1909f56bfc062723c751e8b465ee728b)  -> (artifact id: 'ab7679b83abbbcebc62f7ea90fb9169a') in 0.071600 seconds 
========================================================================
Received Import Request.
  Time since last request: 21.046131 seconds.
  path: Assets/Forest Creatures Pack/Evil Mushroom/Materials/EvilMushroom-Green.mat
  artifactKey: Guid(f2c98bb95e9806c4795341467d8ed122) Importer(815301076,1909f56bfc062723c751e8b465ee728b)
Start importing Assets/Forest Creatures Pack/Evil Mushroom/Materials/EvilMushroom-Green.mat using Guid(f2c98bb95e9806c4795341467d8ed122) Importer(815301076,1909f56bfc062723c751e8b465ee728b)  -> (artifact id: '5d797e3d397fcdf1c37133c1eeef5015') in 0.068062 seconds 
========================================================================
Received Import Request.
  Time since last request: 1.762985 seconds.
  path: Assets/Forest Creatures Pack/Evil Mushroom/Textures/EvilMushroom-Blue.png
  artifactKey: Guid(27e1d9dfde00d0b46b0129a74ab65d01) Importer(815301076,1909f56bfc062723c751e8b465ee728b)
Start importing Assets/Forest Creatures Pack/Evil Mushroom/Textures/EvilMushroom-Blue.png using Guid(27e1d9dfde00d0b46b0129a74ab65d01) Importer(815301076,1909f56bfc062723c751e8b465ee728b)  -> (artifact id: '5525139700a526d90de5a69d736af265') in 0.024978 seconds 
========================================================================
Received Import Request.
  Time since last request: 1.186061 seconds.
  path: Assets/Forest Creatures Pack/Evil Mushroom/Prefabs/Evil Mushroom-Green.prefab
  artifactKey: Guid(0921e9780cc9732448a20056e0a76c23) Importer(815301076,1909f56bfc062723c751e8b465ee728b)
Start importing Assets/Forest Creatures Pack/Evil Mushroom/Prefabs/Evil Mushroom-Green.prefab using Guid(0921e9780cc9732448a20056e0a76c23) Importer(815301076,1909f56bfc062723c751e8b465ee728b)  -> (artifact id: 'b6f5200d4954b3963bbe55f89eb9ec7a') in 0.078242 seconds 
========================================================================
Received Import Request.
  Time since last request: 4.987329 seconds.
  path: Assets/Forest Creatures Pack/Fantasy Dragon/Prefabs/Fantasy Dragon-Green.prefab
  artifactKey: Guid(22d5d0e4c77ffe34f9ddd5eafde8d63f) Importer(815301076,1909f56bfc062723c751e8b465ee728b)
Start importing Assets/Forest Creatures Pack/Fantasy Dragon/Prefabs/Fantasy Dragon-Green.prefab using Guid(22d5d0e4c77ffe34f9ddd5eafde8d63f) Importer(815301076,1909f56bfc062723c751e8b465ee728b)  -> (artifact id: '5a55dcff48028a19380ab178cc160f80') in 0.202250 seconds 
========================================================================
Received Import Request.
  Time since last request: 3.637634 seconds.
  path: Assets/Forest Creatures Pack/Forest Bat/Prefabs/Forest Bat-Green.prefab
  artifactKey: Guid(301286a54a479084da7b24672b7d003b) Importer(815301076,1909f56bfc062723c751e8b465ee728b)
Start importing Assets/Forest Creatures Pack/Forest Bat/Prefabs/Forest Bat-Green.prefab using Guid(301286a54a479084da7b24672b7d003b) Importer(815301076,1909f56bfc062723c751e8b465ee728b)  -> (artifact id: '98c32ae8ceb2e25ff86ffacf93add92e') in 0.050743 seconds 
========================================================================
Received Import Request.
  Time since last request: 0.000034 seconds.
  path: Assets/Forest Creatures Pack/Forest Bat/Prefabs/VFX-Soundwave-Green.prefab
  artifactKey: Guid(9ddbdad3ccf43764aa89464cc433e942) Importer(815301076,1909f56bfc062723c751e8b465ee728b)
Start importing Assets/Forest Creatures Pack/Forest Bat/Prefabs/VFX-Soundwave-Green.prefab using Guid(9ddbdad3ccf43764aa89464cc433e942) Importer(815301076,1909f56bfc062723c751e8b465ee728b)  -> (artifact id: '42f9660fd7db16ab5458649c51e32a75') in 0.023534 seconds 
========================================================================
Received Import Request.
  Time since last request: 20.643605 seconds.
  path: Assets/Brick Project Studio/Hospital Medical Office Kit/Common/Textures/Ext Int/EXT_MD_01_Height.png
  artifactKey: Guid(c920e67bc9494d6428c921edf7a2264a) Importer(815301076,1909f56bfc062723c751e8b465ee728b)
Start importing Assets/Brick Project Studio/Hospital Medical Office Kit/Common/Textures/Ext Int/EXT_MD_01_Height.png using Guid(c920e67bc9494d6428c921edf7a2264a) Importer(815301076,1909f56bfc062723c751e8b465ee728b)  -> (artifact id: 'ac58dee2ac4c6b3a6b8251f8072e8266') in 0.033377 seconds 
========================================================================
Received Import Request.
  Time since last request: 0.000028 seconds.
  path: Assets/Brick Project Studio/Hospital Medical Office Kit/Common/Textures/Ext Int/Int_MD_02_Albedo.png
  artifactKey: Guid(72817f1b4155cbd4f84254e58184f8cd) Importer(815301076,1909f56bfc062723c751e8b465ee728b)
Start importing Assets/Brick Project Studio/Hospital Medical Office Kit/Common/Textures/Ext Int/Int_MD_02_Albedo.png using Guid(72817f1b4155cbd4f84254e58184f8cd) Importer(815301076,1909f56bfc062723c751e8b465ee728b)  -> (artifact id: 'de18041eb4bde041d9235d6d9fb6d13d') in 0.029921 seconds 
========================================================================
Received Import Request.
  Time since last request: 0.350756 seconds.
  path: Assets/Brick Project Studio/Hospital Medical Office Kit/Common/Textures/Fabric/Fabric_01_MD_AO.png
  artifactKey: Guid(815d5304fb208e84c8652a93f780f8bd) Importer(815301076,1909f56bfc062723c751e8b465ee728b)
Start importing Assets/Brick Project Studio/Hospital Medical Office Kit/Common/Textures/Fabric/Fabric_01_MD_AO.png using Guid(815d5304fb208e84c8652a93f780f8bd) Importer(815301076,1909f56bfc062723c751e8b465ee728b)  -> (artifact id: '12ce9033a00b5b711f4d80bcfc72c69a') in 0.033191 seconds 
========================================================================
Received Import Request.
  Time since last request: 0.000021 seconds.
  path: Assets/Brick Project Studio/Hospital Medical Office Kit/Common/Textures/Fabric/Leather_MD_01_Normal.png
  artifactKey: Guid(0c803e9d7dfee9843bfd89b85fd455f9) Importer(815301076,1909f56bfc062723c751e8b465ee728b)
Start importing Assets/Brick Project Studio/Hospital Medical Office Kit/Common/Textures/Fabric/Leather_MD_01_Normal.png using Guid(0c803e9d7dfee9843bfd89b85fd455f9) Importer(815301076,1909f56bfc062723c751e8b465ee728b)  -> (artifact id: 'a94b964b181de4e55564417cd64c2203') in 0.035965 seconds 
========================================================================
Received Import Request.
  Time since last request: 0.000035 seconds.
  path: Assets/Brick Project Studio/Hospital Medical Office Kit/Common/Textures/Fabric/Lamp Pattern_02.png
  artifactKey: Guid(df86f8352e46be8439b6e1d1df3f28e1) Importer(815301076,1909f56bfc062723c751e8b465ee728b)
Start importing Assets/Brick Project Studio/Hospital Medical Office Kit/Common/Textures/Fabric/Lamp Pattern_02.png using Guid(df86f8352e46be8439b6e1d1df3f28e1) Importer(815301076,1909f56bfc062723c751e8b465ee728b)  -> (artifact id: '957a6937a86f58e1e6cfe552c0680148') in 0.083992 seconds 
========================================================================
Received Import Request.
  Time since last request: 0.000022 seconds.
  path: Assets/Brick Project Studio/Hospital Medical Office Kit/Common/Textures/Fabric/Screen Curtain.png
  artifactKey: Guid(bf197e58b901e1e4a991d00748317e9b) Importer(815301076,1909f56bfc062723c751e8b465ee728b)
Start importing Assets/Brick Project Studio/Hospital Medical Office Kit/Common/Textures/Fabric/Screen Curtain.png using Guid(bf197e58b901e1e4a991d00748317e9b) Importer(815301076,1909f56bfc062723c751e8b465ee728b)  -> (artifact id: '386479502a36e17cbdd030980d38edd7') in 0.030881 seconds 
========================================================================
Received Import Request.
  Time since last request: 0.243250 seconds.
  path: Assets/Brick Project Studio/Hospital Medical Office Kit/Common/Textures/Meds/MedBox_01_02.png
  artifactKey: Guid(fe5185ec812aecf4ba949d68967cc7ff) Importer(815301076,1909f56bfc062723c751e8b465ee728b)
Start importing Assets/Brick Project Studio/Hospital Medical Office Kit/Common/Textures/Meds/MedBox_01_02.png using Guid(fe5185ec812aecf4ba949d68967cc7ff) Importer(815301076,1909f56bfc062723c751e8b465ee728b)  -> (artifact id: 'ab2d87c9fd110aad0027df0ed63ab6da') in 0.023222 seconds 
========================================================================
Received Import Request.
  Time since last request: 0.000039 seconds.
  path: Assets/Brick Project Studio/Hospital Medical Office Kit/Common/Textures/Meds/MedBox_02_03.png
  artifactKey: Guid(72adf8ff22a96a14090dabf986903778) Importer(815301076,1909f56bfc062723c751e8b465ee728b)
Start importing Assets/Brick Project Studio/Hospital Medical Office Kit/Common/Textures/Meds/MedBox_02_03.png using Guid(72adf8ff22a96a14090dabf986903778) Importer(815301076,1909f56bfc062723c751e8b465ee728b)  -> (artifact id: 'f2868ce611ff6c6124a66556ba757ae3') in 0.019380 seconds 
========================================================================
Received Import Request.
  Time since last request: 0.000039 seconds.
  path: Assets/Brick Project Studio/Hospital Medical Office Kit/Common/Textures/Meds/SprayBottle_MD_02.png
  artifactKey: Guid(bb7a01759f3280442b863210bd83acb4) Importer(815301076,1909f56bfc062723c751e8b465ee728b)
Start importing Assets/Brick Project Studio/Hospital Medical Office Kit/Common/Textures/Meds/SprayBottle_MD_02.png using Guid(bb7a01759f3280442b863210bd83acb4) Importer(815301076,1909f56bfc062723c751e8b465ee728b)  -> (artifact id: '915a4d4b149b387d9dd363f1c01b146d') in 0.020485 seconds 
========================================================================
Received Import Request.
  Time since last request: 2.623871 seconds.
  path: Assets/Brick Project Studio/Hospital Medical Office Kit/Common/Models/diagnostics.fbx
  artifactKey: Guid(e8328baf0603fb747b8605e2a1758b2c) Importer(815301076,1909f56bfc062723c751e8b465ee728b)
Start importing Assets/Brick Project Studio/Hospital Medical Office Kit/Common/Models/diagnostics.fbx using Guid(e8328baf0603fb747b8605e2a1758b2c) Importer(815301076,1909f56bfc062723c751e8b465ee728b)  -> (artifact id: 'cda250c68625569e95b610035f7e1aab') in 0.872230 seconds 
========================================================================
Received Import Request.
  Time since last request: 0.000158 seconds.
  path: Assets/Brick Project Studio/Hospital Medical Office Kit/Common/Models/Molding_MD_01.fbx
  artifactKey: Guid(e0cd19f7dca525549814cdb78cbfdfcc) Importer(815301076,1909f56bfc062723c751e8b465ee728b)
Start importing Assets/Brick Project Studio/Hospital Medical Office Kit/Common/Models/Molding_MD_01.fbx using Guid(e0cd19f7dca525549814cdb78cbfdfcc) Importer(815301076,1909f56bfc062723c751e8b465ee728b)  -> (artifact id: '162c28a75ed6c83d01d4c18e094ad9d4') in 0.258598 seconds 
========================================================================
Received Prepare
Registering precompiled user dll's ...
Registered in 0.005426 seconds.
Begin MonoManager ReloadAssembly
Symbol file LoadedFromMemory doesn't match image C:\Users\87056\OneDrive\桌面\3702\My project (23)\Library\PackageCache\com.unity.visualscripting@1.7.8\Editor\VisualScripting.Core\Dependencies\YamlDotNet\Unity.VisualScripting.YamlDotNet.dll
Symbol file LoadedFromMemory doesn't match image C:\Users\87056\OneDrive\桌面\3702\My project (23)\Library\PackageCache\com.unity.visualscripting@1.7.8\Editor\VisualScripting.Core\Dependencies\DotNetZip\Unity.VisualScripting.IonicZip.dll
Native extension for WindowsStandalone target not found
Native extension for WebGL target not found
Refreshing native plugins compatible for Editor in 1.18 ms, found 3 plugins.
Preloading 0 native plugins for Editor in 0.00 ms.
Mono: successfully reloaded assembly
- Completed reload, in  0.983 seconds
Domain Reload Profiling:
	ReloadAssembly (984ms)
		BeginReloadAssembly (119ms)
			ExecutionOrderSort (0ms)
			DisableScriptedObjects (3ms)
			BackupInstance (0ms)
			ReleaseScriptingObjects (0ms)
			CreateAndSetChildDomain (39ms)
		EndReloadAssembly (795ms)
			LoadAssemblies (78ms)
			RebuildTransferFunctionScriptingTraits (0ms)
			SetupTypeCache (198ms)
			ReleaseScriptCaches (2ms)
			RebuildScriptCaches (38ms)
			SetupLoadedEditorAssemblies (432ms)
				LogAssemblyErrors (0ms)
				InitializePlatformSupportModulesInManaged (15ms)
				SetLoadedEditorAssemblies (0ms)
				RefreshPlugins (1ms)
				BeforeProcessingInitializeOnLoad (71ms)
				ProcessInitializeOnLoadAttributes (295ms)
				ProcessInitializeOnLoadMethodAttributes (37ms)
				AfterProcessingInitializeOnLoad (12ms)
				EditorAssembliesLoaded (0ms)
			ExecutionOrderSort2 (0ms)
			AwakeInstancesAfterBackupRestoration (7ms)
Platform modules already initialized, skipping
Refreshing native plugins compatible for Editor in 4.95 ms, found 3 plugins.
Preloading 0 native plugins for Editor in 0.00 ms.
Unloading 3423 Unused Serialized files (Serialized files now loaded: 0)
Unloading 20 unused Assets / (79.8 KB). Loaded Objects now: 3979.
Memory consumption went from 165.0 MB to 164.9 MB.
Total: 6.028700 ms (FindLiveObjects: 0.697800 ms CreateObjectMapping: 0.432300 ms MarkObjects: 4.541900 ms  DeleteObjects: 0.352700 ms)

AssetImportParameters requested are different than current active one (requested -> active):
  custom:video-decoder-ogg-theora: a1e56fd34408186e4bbccfd4996cb3dc -> 
  custom:container-muxer-webm: aa71ff27fc2769a1b78a27578f13a17b -> 
  custom:container-demuxer-webm: 4f35f7cbe854078d1ac9338744f61a02 -> 
  custom:video-encoder-webm-vp8: eb34c28f22e8b96e1ab97ce403110664 -> 
  custom:audio-encoder-webm-vorbis: bf7c407c2cedff20999df2af8eb42d56 -> 
  custom:framework-win-MediaFoundation: 216162199b28c13a410421893ffa2e32 -> 
  custom:container-demuxer-ogg: 62fdf1f143b41e24485cea50d1cbac27 -> 
  custom:video-decoder-webm-vp8: 9c59270c3fd7afecdb556c50c9e8de78 -> 
  custom:audio-decoder-ogg-vorbis: bf7c407c2cedff20999df2af8eb42d56 -> 
Editor requested this worker to shutdown with reason: Scaling down because of idle timeout
AssetImportWorker is now disconnected from the server
Process exiting
Exiting without the bug reporter. Application will terminate with return code 0