Using pre-set license
Built from '2021.3/staging' branch; Version is '2021.3.7f1 (24e8595d6d43) revision 2418777'; Using compiler version '192829333'; Build Type 'Release'
OS: 'Windows 11  (10.0.22621) 64bit Core' Language: 'zh' Physical Memory: 24367 MB
BatchMode: 1, IsHumanControllingUs: 0, StartBugReporterOnCrash: 0, Is64bit: 1, IsPro: 1

COMMAND LINE ARGUMENTS:
C:\Program Files\Unity\Hub\Editor\2021.3.7f1\Editor\Unity.exe
-adb2
-batchMode
-noUpm
-name
AssetImportWorker7
-projectPath
C:/Users/87056/OneDrive/桌面/3702/My project (23)
-logFile
Logs/AssetImportWorker7.log
-srvPort
62712
Successfully changed project path to: C:/Users/87056/OneDrive/桌面/3702/My project (23)
C:/Users/87056/OneDrive/桌面/3702/My project (23)
[UnityMemory] Configuration Parameters - Can be set up in boot.config
    "memorysetup-bucket-allocator-granularity=16"
    "memorysetup-bucket-allocator-bucket-count=8"
    "memorysetup-bucket-allocator-block-size=33554432"
    "memorysetup-bucket-allocator-block-count=8"
    "memorysetup-main-allocator-block-size=16777216"
    "memorysetup-thread-allocator-block-size=16777216"
    "memorysetup-gfx-main-allocator-block-size=16777216"
    "memorysetup-gfx-thread-allocator-block-size=16777216"
    "memorysetup-cache-allocator-block-size=4194304"
    "memorysetup-typetree-allocator-block-size=2097152"
    "memorysetup-profiler-bucket-allocator-granularity=16"
    "memorysetup-profiler-bucket-allocator-bucket-count=8"
    "memorysetup-profiler-bucket-allocator-block-size=33554432"
    "memorysetup-profiler-bucket-allocator-block-count=8"
    "memorysetup-profiler-allocator-block-size=16777216"
    "memorysetup-profiler-editor-allocator-block-size=1048576"
    "memorysetup-temp-allocator-size-main=16777216"
    "memorysetup-job-temp-allocator-block-size=2097152"
    "memorysetup-job-temp-allocator-block-size-background=1048576"
    "memorysetup-job-temp-allocator-reduction-small-platforms=262144"
    "memorysetup-temp-allocator-size-background-worker=32768"
    "memorysetup-temp-allocator-size-job-worker=262144"
    "memorysetup-temp-allocator-size-preload-manager=33554432"
    "memorysetup-temp-allocator-size-nav-mesh-worker=65536"
    "memorysetup-temp-allocator-size-audio-worker=65536"
    "memorysetup-temp-allocator-size-cloud-worker=32768"
    "memorysetup-temp-allocator-size-gi-baking-worker=262144"
    "memorysetup-temp-allocator-size-gfx=262144"
Refreshing native plugins compatible for Editor in 106.62 ms, found 3 plugins.
Preloading 0 native plugins for Editor in 0.00 ms.
Initialize engine version: 2021.3.7f1 (24e8595d6d43)
[Subsystems] Discovering subsystems at path C:/Program Files/Unity/Hub/Editor/2021.3.7f1/Editor/Data/Resources/UnitySubsystems
[Subsystems] Discovering subsystems at path C:/Users/87056/OneDrive/桌面/3702/My project (23)/Assets
GfxDevice: creating device client; threaded=0; jobified=0
Direct3D:
    Version:  Direct3D 11.0 [level 11.1]
    Renderer: NVIDIA GeForce RTX 4070 Ti (ID=0x2782)
    Vendor:   NVIDIA
    VRAM:     12010 MB
    Driver:   31.0.15.3758
Initialize mono
Mono path[0] = 'C:/Program Files/Unity/Hub/Editor/2021.3.7f1/Editor/Data/Managed'
Mono path[1] = 'C:/Program Files/Unity/Hub/Editor/2021.3.7f1/Editor/Data/MonoBleedingEdge/lib/mono/unityjit-win32'
Mono config path = 'C:/Program Files/Unity/Hub/Editor/2021.3.7f1/Editor/Data/MonoBleedingEdge/etc'
Using monoOptions --debugger-agent=transport=dt_socket,embedding=1,server=y,suspend=n,address=127.0.0.1:56392
Begin MonoManager ReloadAssembly
Registering precompiled unity dll's ...
Register platform support module: C:/Program Files/Unity/Hub/Editor/2021.3.7f1/Editor/Data/PlaybackEngines/WebGLSupport/UnityEditor.WebGL.Extensions.dll
Register platform support module: C:/Program Files/Unity/Hub/Editor/2021.3.7f1/Editor/Data/PlaybackEngines/WindowsStandaloneSupport/UnityEditor.WindowsStandalone.Extensions.dll
Registered in 0.006274 seconds.
Native extension for WindowsStandalone target not found
Native extension for WebGL target not found
Refreshing native plugins compatible for Editor in 101.68 ms, found 3 plugins.
Preloading 0 native plugins for Editor in 0.00 ms.
Mono: successfully reloaded assembly
- Completed reload, in  0.742 seconds
Domain Reload Profiling:
	ReloadAssembly (743ms)
		BeginReloadAssembly (85ms)
			ExecutionOrderSort (0ms)
			DisableScriptedObjects (0ms)
			BackupInstance (0ms)
			ReleaseScriptingObjects (0ms)
			CreateAndSetChildDomain (1ms)
		EndReloadAssembly (511ms)
			LoadAssemblies (83ms)
			RebuildTransferFunctionScriptingTraits (0ms)
			SetupTypeCache (124ms)
			ReleaseScriptCaches (0ms)
			RebuildScriptCaches (32ms)
			SetupLoadedEditorAssemblies (299ms)
				LogAssemblyErrors (0ms)
				InitializePlatformSupportModulesInManaged (9ms)
				SetLoadedEditorAssemblies (0ms)
				RefreshPlugins (102ms)
				BeforeProcessingInitializeOnLoad (2ms)
				ProcessInitializeOnLoadAttributes (144ms)
				ProcessInitializeOnLoadMethodAttributes (41ms)
				AfterProcessingInitializeOnLoad (0ms)
				EditorAssembliesLoaded (0ms)
			ExecutionOrderSort2 (0ms)
			AwakeInstancesAfterBackupRestoration (0ms)
Platform modules already initialized, skipping
Registering precompiled user dll's ...
Registered in 0.004943 seconds.
Begin MonoManager ReloadAssembly
Symbol file LoadedFromMemory doesn't match image C:\Users\87056\OneDrive\桌面\3702\My project (23)\Library\PackageCache\com.unity.visualscripting@1.7.8\Editor\VisualScripting.Core\Dependencies\YamlDotNet\Unity.VisualScripting.YamlDotNet.dll
Symbol file LoadedFromMemory doesn't match image C:\Users\87056\OneDrive\桌面\3702\My project (23)\Library\PackageCache\com.unity.visualscripting@1.7.8\Editor\VisualScripting.Core\Dependencies\DotNetZip\Unity.VisualScripting.IonicZip.dll
Native extension for WindowsStandalone target not found
Native extension for WebGL target not found
Refreshing native plugins compatible for Editor in 0.94 ms, found 3 plugins.
Preloading 0 native plugins for Editor in 0.00 ms.
Mono: successfully reloaded assembly
- Completed reload, in  0.768 seconds
Domain Reload Profiling:
	ReloadAssembly (769ms)
		BeginReloadAssembly (100ms)
			ExecutionOrderSort (0ms)
			DisableScriptedObjects (4ms)
			BackupInstance (0ms)
			ReleaseScriptingObjects (0ms)
			CreateAndSetChildDomain (20ms)
		EndReloadAssembly (588ms)
			LoadAssemblies (78ms)
			RebuildTransferFunctionScriptingTraits (0ms)
			SetupTypeCache (179ms)
			ReleaseScriptCaches (0ms)
			RebuildScriptCaches (44ms)
			SetupLoadedEditorAssemblies (265ms)
				LogAssemblyErrors (0ms)
				InitializePlatformSupportModulesInManaged (5ms)
				SetLoadedEditorAssemblies (0ms)
				RefreshPlugins (1ms)
				BeforeProcessingInitializeOnLoad (57ms)
				ProcessInitializeOnLoadAttributes (173ms)
				ProcessInitializeOnLoadMethodAttributes (22ms)
				AfterProcessingInitializeOnLoad (6ms)
				EditorAssembliesLoaded (0ms)
			ExecutionOrderSort2 (0ms)
			AwakeInstancesAfterBackupRestoration (4ms)
Platform modules already initialized, skipping
========================================================================
Worker process is ready to serve import requests
Launched and connected shader compiler UnityShaderCompiler.exe after 0.06 seconds
Refreshing native plugins compatible for Editor in 2.50 ms, found 3 plugins.
Preloading 0 native plugins for Editor in 0.00 ms.
Unloading 3450 Unused Serialized files (Serialized files now loaded: 0)
Unloading 27 unused Assets / (111.8 KB). Loaded Objects now: 3927.
Memory consumption went from 147.7 MB to 147.6 MB.
Total: 4.240600 ms (FindLiveObjects: 0.328100 ms CreateObjectMapping: 0.223400 ms MarkObjects: 3.495600 ms  DeleteObjects: 0.190600 ms)

AssetImportParameters requested are different than current active one (requested -> active):
  custom:video-decoder-ogg-theora: a1e56fd34408186e4bbccfd4996cb3dc -> 
  custom:container-muxer-webm: aa71ff27fc2769a1b78a27578f13a17b -> 
  custom:container-demuxer-webm: 4f35f7cbe854078d1ac9338744f61a02 -> 
  custom:video-encoder-webm-vp8: eb34c28f22e8b96e1ab97ce403110664 -> 
  custom:audio-encoder-webm-vorbis: bf7c407c2cedff20999df2af8eb42d56 -> 
  custom:framework-win-MediaFoundation: 216162199b28c13a410421893ffa2e32 -> 
  custom:container-demuxer-ogg: 62fdf1f143b41e24485cea50d1cbac27 -> 
  custom:video-decoder-webm-vp8: 9c59270c3fd7afecdb556c50c9e8de78 -> 
  custom:audio-decoder-ogg-vorbis: bf7c407c2cedff20999df2af8eb42d56 -> 
========================================================================
Received Import Request.
  Time since last request: 101610.858669 seconds.
  path: Assets/MedievalFantasyWorld/_Common/Mat_PaletteDoubleSided.mat
  artifactKey: Guid(00f5ac747b6a86a4daf6428f68048ae9) Importer(815301076,1909f56bfc062723c751e8b465ee728b)
Start importing Assets/MedievalFantasyWorld/_Common/Mat_PaletteDoubleSided.mat using Guid(00f5ac747b6a86a4daf6428f68048ae9) Importer(815301076,1909f56bfc062723c751e8b465ee728b)  -> (artifact id: '1ba5cc7d87b3e2f596ea55b40fda5577') in 0.270075 seconds 
========================================================================
Received Import Request.
  Time since last request: 17.551470 seconds.
  path: Assets/Fonts/Pixel Font - Tripfive/Textures & Materials/Tripfive-OL.mat
  artifactKey: Guid(944e0f2f3fa144416ac5be1a8e188dbc) Importer(815301076,1909f56bfc062723c751e8b465ee728b)
Start importing Assets/Fonts/Pixel Font - Tripfive/Textures & Materials/Tripfive-OL.mat using Guid(944e0f2f3fa144416ac5be1a8e188dbc) Importer(815301076,1909f56bfc062723c751e8b465ee728b)  -> (artifact id: 'ecf5a5c81aaa2f9e79cbebdea3184e5d') in 0.044234 seconds 
========================================================================
Received Import Request.
  Time since last request: 0.000088 seconds.
  path: Assets/Fonts/Pixel Font - Tripfive/Textures & Materials/Tripfive.mat
  artifactKey: Guid(c81f8d7093fca4469b1d13a985e9ae72) Importer(815301076,1909f56bfc062723c751e8b465ee728b)
Start importing Assets/Fonts/Pixel Font - Tripfive/Textures & Materials/Tripfive.mat using Guid(c81f8d7093fca4469b1d13a985e9ae72) Importer(815301076,1909f56bfc062723c751e8b465ee728b)  -> (artifact id: 'a995b5036c4edd06bc2048d7b84b494a') in 0.020739 seconds 
========================================================================
Received Import Request.
  Time since last request: 1.578749 seconds.
  path: Assets/Fantasy Wooden GUI  Free/normal_ui_set A/Exclamation_Gray.png
  artifactKey: Guid(f73f68fe6815f5548a6c2a61b9e49add) Importer(815301076,1909f56bfc062723c751e8b465ee728b)
Start importing Assets/Fantasy Wooden GUI  Free/normal_ui_set A/Exclamation_Gray.png using Guid(f73f68fe6815f5548a6c2a61b9e49add) Importer(815301076,1909f56bfc062723c751e8b465ee728b)  -> (artifact id: '5caa0658b6efb7a550695980974f327e') in 0.100878 seconds 
========================================================================
Received Import Request.
  Time since last request: 0.000032 seconds.
  path: Assets/Fantasy Wooden GUI  Free/normal_ui_set A/TextBTN_Cancel_Pressed.png
  artifactKey: Guid(9494e936ef153d148aaddfa6db5fb773) Importer(815301076,1909f56bfc062723c751e8b465ee728b)
Start importing Assets/Fantasy Wooden GUI  Free/normal_ui_set A/TextBTN_Cancel_Pressed.png using Guid(9494e936ef153d148aaddfa6db5fb773) Importer(815301076,1909f56bfc062723c751e8b465ee728b)  -> (artifact id: 'b8057403776aa113b5ad4ec660e3fa08') in 0.040351 seconds 
========================================================================
Received Import Request.
  Time since last request: 0.000025 seconds.
  path: Assets/Fantasy Wooden GUI  Free/normal_ui_set A/UI board Medium Set.png
  artifactKey: Guid(1a5d8785d80a4ee42a2a4c8632436dc0) Importer(815301076,1909f56bfc062723c751e8b465ee728b)
Start importing Assets/Fantasy Wooden GUI  Free/normal_ui_set A/UI board Medium Set.png using Guid(1a5d8785d80a4ee42a2a4c8632436dc0) Importer(815301076,1909f56bfc062723c751e8b465ee728b)  -> (artifact id: '922e8425f15c2509692ddaa4220d6f17') in 0.049160 seconds 
========================================================================
Received Import Request.
  Time since last request: 0.000066 seconds.
  path: Assets/Fantasy Wooden GUI  Free/normal_ui_set A/Exclamation_Red.png
  artifactKey: Guid(e9d4143c19529834981ac6821a04aecd) Importer(815301076,1909f56bfc062723c751e8b465ee728b)
Start importing Assets/Fantasy Wooden GUI  Free/normal_ui_set A/Exclamation_Red.png using Guid(e9d4143c19529834981ac6821a04aecd) Importer(815301076,1909f56bfc062723c751e8b465ee728b)  -> (artifact id: '88ecb93c3a0048cfd69f65480cf72378') in 0.072338 seconds 
========================================================================
Received Import Request.
  Time since last request: 0.000023 seconds.
  path: Assets/Fantasy Wooden GUI  Free/normal_ui_set A/TextBTN_Cancel.png
  artifactKey: Guid(480144379cc9c7d47a8e19f58b0e6ee3) Importer(815301076,1909f56bfc062723c751e8b465ee728b)
Start importing Assets/Fantasy Wooden GUI  Free/normal_ui_set A/TextBTN_Cancel.png using Guid(480144379cc9c7d47a8e19f58b0e6ee3) Importer(815301076,1909f56bfc062723c751e8b465ee728b)  -> (artifact id: '9c95aac544d40d760d55a717fa1cadaf') in 0.085689 seconds 
========================================================================
Received Import Request.
  Time since last request: 0.000036 seconds.
  path: Assets/Fantasy Wooden GUI  Free/normal_ui_set A/UI board Medium stone.png
  artifactKey: Guid(9a6560e5bacb40847bb1b879ede354fb) Importer(815301076,1909f56bfc062723c751e8b465ee728b)
Start importing Assets/Fantasy Wooden GUI  Free/normal_ui_set A/UI board Medium stone.png using Guid(9a6560e5bacb40847bb1b879ede354fb) Importer(815301076,1909f56bfc062723c751e8b465ee728b)  -> (artifact id: '49fa41f8c53e26373c7287a4a26baebc') in 0.054857 seconds 
========================================================================
Received Import Request.
  Time since last request: 2.092819 seconds.
  path: Assets/Buttons/PNG/5button_blue_middle.png
  artifactKey: Guid(dad1da2ca9b01964288f231323af48ec) Importer(815301076,1909f56bfc062723c751e8b465ee728b)
Start importing Assets/Buttons/PNG/5button_blue_middle.png using Guid(dad1da2ca9b01964288f231323af48ec) Importer(815301076,1909f56bfc062723c751e8b465ee728b)  -> (artifact id: '9afeba037a0a6b255fd86153b3a0253f') in 0.045473 seconds 
========================================================================
Received Import Request.
  Time since last request: 0.000080 seconds.
  path: Assets/Buttons/PNG/13Button_Long_Green.png
  artifactKey: Guid(0d80a796f0489b846a1e62dff146281c) Importer(815301076,1909f56bfc062723c751e8b465ee728b)
Start importing Assets/Buttons/PNG/13Button_Long_Green.png using Guid(0d80a796f0489b846a1e62dff146281c) Importer(815301076,1909f56bfc062723c751e8b465ee728b)  -> (artifact id: '57837d32080f4214aefd8b83341701fc') in 0.041025 seconds 
========================================================================
Received Import Request.
  Time since last request: 0.000052 seconds.
  path: Assets/Buttons/PNG/23Button_Midl_Red.png
  artifactKey: Guid(cb1fee516d444164abc17d4b2050d4c2) Importer(815301076,1909f56bfc062723c751e8b465ee728b)
Start importing Assets/Buttons/PNG/23Button_Midl_Red.png using Guid(cb1fee516d444164abc17d4b2050d4c2) Importer(815301076,1909f56bfc062723c751e8b465ee728b)  -> (artifact id: 'be24b1bbc387ac96b2b1faae5de7d621') in 0.033449 seconds 
========================================================================
Received Import Request.
  Time since last request: 0.000049 seconds.
  path: Assets/Buttons/PNG/30button_red.png
  artifactKey: Guid(8fc9feebf624bba43a9df1301ccf1d8e) Importer(815301076,1909f56bfc062723c751e8b465ee728b)
Start importing Assets/Buttons/PNG/30button_red.png using Guid(8fc9feebf624bba43a9df1301ccf1d8e) Importer(815301076,1909f56bfc062723c751e8b465ee728b)  -> (artifact id: '6a8b9c3493fce0937f1bc7b7540cefaa') in 0.028657 seconds 
========================================================================
Received Import Request.
  Time since last request: 0.000037 seconds.
  path: Assets/Buttons/PNG/9Button_Midl_Green.png
  artifactKey: Guid(70ce67e982fddb74289530c17f57aac3) Importer(815301076,1909f56bfc062723c751e8b465ee728b)
Start importing Assets/Buttons/PNG/9Button_Midl_Green.png using Guid(70ce67e982fddb74289530c17f57aac3) Importer(815301076,1909f56bfc062723c751e8b465ee728b)  -> (artifact id: '988c7c8b60fcd9fe0a503df35f38b5da') in 0.022917 seconds 
========================================================================
Received Import Request.
  Time since last request: 0.000034 seconds.
  path: Assets/Buttons/PNG/16bttn-little.png
  artifactKey: Guid(e14856af1ef6fc9449b0c62fc9e5ed9b) Importer(815301076,1909f56bfc062723c751e8b465ee728b)
Start importing Assets/Buttons/PNG/16bttn-little.png using Guid(e14856af1ef6fc9449b0c62fc9e5ed9b) Importer(815301076,1909f56bfc062723c751e8b465ee728b)  -> (artifact id: 'f1af13771a5016ce34aa2d5f711aeb68') in 0.029068 seconds 
========================================================================
Received Import Request.
  Time since last request: 12.598313 seconds.
  path: Assets/Audio/guns/impacter.wav
  artifactKey: Guid(65201ddabb4144f6a8fb9480120b7656) Importer(815301076,1909f56bfc062723c751e8b465ee728b)
Start importing Assets/Audio/guns/impacter.wav using Guid(65201ddabb4144f6a8fb9480120b7656) Importer(815301076,1909f56bfc062723c751e8b465ee728b)  -> (artifact id: '8785c23d821ea4a1ef223a5366c4dcad') in 0.058636 seconds 
========================================================================
Received Import Request.
  Time since last request: 0.000037 seconds.
  path: Assets/Audio/guns/SFX GunAction 3.wav
  artifactKey: Guid(611f65b2aba4a4af7b4ab3d6ddb5b546) Importer(815301076,1909f56bfc062723c751e8b465ee728b)
Start importing Assets/Audio/guns/SFX GunAction 3.wav using Guid(611f65b2aba4a4af7b4ab3d6ddb5b546) Importer(815301076,1909f56bfc062723c751e8b465ee728b)  -> (artifact id: 'e0dc1614411592ba3d510cf6c74b82ff') in 0.033228 seconds 
========================================================================
Received Import Request.
  Time since last request: 0.000046 seconds.
  path: Assets/Audio/guns/Kick GunAction 1.wav
  artifactKey: Guid(53a1a8c18087346d18a02d8a4e0c59ca) Importer(815301076,1909f56bfc062723c751e8b465ee728b)
Start importing Assets/Audio/guns/Kick GunAction 1.wav using Guid(53a1a8c18087346d18a02d8a4e0c59ca) Importer(815301076,1909f56bfc062723c751e8b465ee728b)  -> (artifact id: '9ce72c8b0e1cba80e7e0a3aac2af4e98') in 0.019526 seconds 
========================================================================
Received Import Request.
  Time since last request: 0.417706 seconds.
  path: Assets/Audio/misc bangs/bn4.wav
  artifactKey: Guid(8e3b4236a7258471caabb3542eee992b) Importer(815301076,1909f56bfc062723c751e8b465ee728b)
Start importing Assets/Audio/misc bangs/bn4.wav using Guid(8e3b4236a7258471caabb3542eee992b) Importer(815301076,1909f56bfc062723c751e8b465ee728b)  -> (artifact id: 'b429c75170445513d6b3ba92dc50b781') in 0.020892 seconds 
========================================================================
Received Import Request.
  Time since last request: 0.000024 seconds.
  path: Assets/Audio/misc bangs/bn6.wav
  artifactKey: Guid(42dfb4357294b4e0b916bcf563ac04cf) Importer(815301076,1909f56bfc062723c751e8b465ee728b)
Start importing Assets/Audio/misc bangs/bn6.wav using Guid(42dfb4357294b4e0b916bcf563ac04cf) Importer(815301076,1909f56bfc062723c751e8b465ee728b)  -> (artifact id: '3abbb23b68a48bb64fc00bfbe5dd4145') in 0.022356 seconds 
========================================================================
Received Import Request.
  Time since last request: 0.000025 seconds.
  path: Assets/Audio/misc bangs/bn10.wav
  artifactKey: Guid(c348d18f02c364015937d723ff43eeb7) Importer(815301076,1909f56bfc062723c751e8b465ee728b)
Start importing Assets/Audio/misc bangs/bn10.wav using Guid(c348d18f02c364015937d723ff43eeb7) Importer(815301076,1909f56bfc062723c751e8b465ee728b)  -> (artifact id: 'b6a517c6639617a2584f8b0b2eebec49') in 0.018879 seconds 
========================================================================
Received Import Request.
  Time since last request: 1.732022 seconds.
  path: Assets/Audio/RPG Background Muscis/Battle/battle_05.mp3
  artifactKey: Guid(91c1829388dd1bf4d94db9aebc4c3645) Importer(815301076,1909f56bfc062723c751e8b465ee728b)
Start importing Assets/Audio/RPG Background Muscis/Battle/battle_05.mp3 using Guid(91c1829388dd1bf4d94db9aebc4c3645) Importer(815301076,1909f56bfc062723c751e8b465ee728b)  -> (artifact id: '092fce8d98a5b27e0a4ddc0e8e9d7c07') in 0.034500 seconds 
========================================================================
Received Import Request.
  Time since last request: 0.000041 seconds.
  path: Assets/Audio/RPG Background Muscis/Battle/battle_06.mp3
  artifactKey: Guid(f7bd7abfaf9f82544a79b9b1cca7d1ae) Importer(815301076,1909f56bfc062723c751e8b465ee728b)
Start importing Assets/Audio/RPG Background Muscis/Battle/battle_06.mp3 using Guid(f7bd7abfaf9f82544a79b9b1cca7d1ae) Importer(815301076,1909f56bfc062723c751e8b465ee728b)  -> (artifact id: '76c5bc1b57c21dca7fb44edb34bd5f99') in 0.022421 seconds 
========================================================================
Received Import Request.
  Time since last request: 0.246484 seconds.
  path: Assets/Audio/RPG Background Muscis/Cities & Towns/city_05.mp3
  artifactKey: Guid(9c045c12b9176894983b4b8e7abb26e3) Importer(815301076,1909f56bfc062723c751e8b465ee728b)
Start importing Assets/Audio/RPG Background Muscis/Cities & Towns/city_05.mp3 using Guid(9c045c12b9176894983b4b8e7abb26e3) Importer(815301076,1909f56bfc062723c751e8b465ee728b)  -> (artifact id: 'cc877d9f2ec49fa4ce66e8abdda2cb20') in 0.019205 seconds 
========================================================================
Received Import Request.
  Time since last request: 0.000043 seconds.
  path: Assets/Audio/RPG Background Muscis/Cities & Towns/city_11.mp3
  artifactKey: Guid(23b83d6a173e0814c878f6cab10333a9) Importer(815301076,1909f56bfc062723c751e8b465ee728b)
Start importing Assets/Audio/RPG Background Muscis/Cities & Towns/city_11.mp3 using Guid(23b83d6a173e0814c878f6cab10333a9) Importer(815301076,1909f56bfc062723c751e8b465ee728b)  -> (artifact id: 'b4d1c913db4039ac073458bc58f8a903') in 0.019822 seconds 
========================================================================
Received Import Request.
  Time since last request: 0.000044 seconds.
  path: Assets/Audio/RPG Background Muscis/Cities & Towns/city_13.mp3
  artifactKey: Guid(af799992ef959434c83076daeb1c31a5) Importer(815301076,1909f56bfc062723c751e8b465ee728b)
Start importing Assets/Audio/RPG Background Muscis/Cities & Towns/city_13.mp3 using Guid(af799992ef959434c83076daeb1c31a5) Importer(815301076,1909f56bfc062723c751e8b465ee728b)  -> (artifact id: 'f2a948148e5b06d21bcb17b2b20173df') in 0.031202 seconds 
========================================================================
Received Import Request.
  Time since last request: 0.330898 seconds.
  path: Assets/Audio/RPG Background Muscis/Menu/menu_05.mp3
  artifactKey: Guid(72157ae911799a94cbc451f7da1cb300) Importer(815301076,1909f56bfc062723c751e8b465ee728b)
Start importing Assets/Audio/RPG Background Muscis/Menu/menu_05.mp3 using Guid(72157ae911799a94cbc451f7da1cb300) Importer(815301076,1909f56bfc062723c751e8b465ee728b)  -> (artifact id: 'b4db158439c4ce725d1a58407b347378') in 0.048518 seconds 
========================================================================
Received Import Request.
  Time since last request: 1.610442 seconds.
  path: Assets/Assets/square 1.png
  artifactKey: Guid(ecb8bb168fa351e4088e0dae16334402) Importer(815301076,1909f56bfc062723c751e8b465ee728b)
Start importing Assets/Assets/square 1.png using Guid(ecb8bb168fa351e4088e0dae16334402) Importer(815301076,1909f56bfc062723c751e8b465ee728b)  -> (artifact id: '8023a15fc4e42717553e75ad5aec6c4f') in 0.049784 seconds 
Editor requested this worker to shutdown with reason: Scaling down because of idle timeout
AssetImportWorker is now disconnected from the server
Process exiting
Exiting without the bug reporter. Application will terminate with return code 0