Using pre-set license
Built from '2021.3/staging' branch; Version is '2021.3.7f1 (24e8595d6d43) revision 2418777'; Using compiler version '192829333'; Build Type 'Release'
OS: 'Windows 11  (10.0.22621) 64bit Core' Language: 'zh' Physical Memory: 24367 MB
BatchMode: 1, IsHumanControllingUs: 0, StartBugReporterOnCrash: 0, Is64bit: 1, IsPro: 1

COMMAND LINE ARGUMENTS:
C:\Program Files\Unity\Hub\Editor\2021.3.7f1\Editor\Unity.exe
-adb2
-batchMode
-noUpm
-name
AssetImportWorker1
-projectPath
C:/Users/87056/OneDrive/桌面/3702/My project (23)
-logFile
Logs/AssetImportWorker1.log
-srvPort
62712
Successfully changed project path to: C:/Users/87056/OneDrive/桌面/3702/My project (23)
C:/Users/87056/OneDrive/桌面/3702/My project (23)
[UnityMemory] Configuration Parameters - Can be set up in boot.config
    "memorysetup-bucket-allocator-granularity=16"
    "memorysetup-bucket-allocator-bucket-count=8"
    "memorysetup-bucket-allocator-block-size=33554432"
    "memorysetup-bucket-allocator-block-count=8"
    "memorysetup-main-allocator-block-size=16777216"
    "memorysetup-thread-allocator-block-size=16777216"
    "memorysetup-gfx-main-allocator-block-size=16777216"
    "memorysetup-gfx-thread-allocator-block-size=16777216"
    "memorysetup-cache-allocator-block-size=4194304"
    "memorysetup-typetree-allocator-block-size=2097152"
    "memorysetup-profiler-bucket-allocator-granularity=16"
    "memorysetup-profiler-bucket-allocator-bucket-count=8"
    "memorysetup-profiler-bucket-allocator-block-size=33554432"
    "memorysetup-profiler-bucket-allocator-block-count=8"
    "memorysetup-profiler-allocator-block-size=16777216"
    "memorysetup-profiler-editor-allocator-block-size=1048576"
    "memorysetup-temp-allocator-size-main=16777216"
    "memorysetup-job-temp-allocator-block-size=2097152"
    "memorysetup-job-temp-allocator-block-size-background=1048576"
    "memorysetup-job-temp-allocator-reduction-small-platforms=262144"
    "memorysetup-temp-allocator-size-background-worker=32768"
    "memorysetup-temp-allocator-size-job-worker=262144"
    "memorysetup-temp-allocator-size-preload-manager=33554432"
    "memorysetup-temp-allocator-size-nav-mesh-worker=65536"
    "memorysetup-temp-allocator-size-audio-worker=65536"
    "memorysetup-temp-allocator-size-cloud-worker=32768"
    "memorysetup-temp-allocator-size-gi-baking-worker=262144"
    "memorysetup-temp-allocator-size-gfx=262144"
Refreshing native plugins compatible for Editor in 93.33 ms, found 3 plugins.
Preloading 0 native plugins for Editor in 0.00 ms.
Initialize engine version: 2021.3.7f1 (24e8595d6d43)
[Subsystems] Discovering subsystems at path C:/Program Files/Unity/Hub/Editor/2021.3.7f1/Editor/Data/Resources/UnitySubsystems
[Subsystems] Discovering subsystems at path C:/Users/87056/OneDrive/桌面/3702/My project (23)/Assets
GfxDevice: creating device client; threaded=0; jobified=0
Direct3D:
    Version:  Direct3D 11.0 [level 11.1]
    Renderer: NVIDIA GeForce RTX 4070 Ti (ID=0x2782)
    Vendor:   NVIDIA
    VRAM:     12010 MB
    Driver:   31.0.15.3758
Initialize mono
Mono path[0] = 'C:/Program Files/Unity/Hub/Editor/2021.3.7f1/Editor/Data/Managed'
Mono path[1] = 'C:/Program Files/Unity/Hub/Editor/2021.3.7f1/Editor/Data/MonoBleedingEdge/lib/mono/unityjit-win32'
Mono config path = 'C:/Program Files/Unity/Hub/Editor/2021.3.7f1/Editor/Data/MonoBleedingEdge/etc'
Using monoOptions --debugger-agent=transport=dt_socket,embedding=1,server=y,suspend=n,address=127.0.0.1:56336
Begin MonoManager ReloadAssembly
Registering precompiled unity dll's ...
Register platform support module: C:/Program Files/Unity/Hub/Editor/2021.3.7f1/Editor/Data/PlaybackEngines/WebGLSupport/UnityEditor.WebGL.Extensions.dll
Register platform support module: C:/Program Files/Unity/Hub/Editor/2021.3.7f1/Editor/Data/PlaybackEngines/WindowsStandaloneSupport/UnityEditor.WindowsStandalone.Extensions.dll
Registered in 0.004272 seconds.
Native extension for WindowsStandalone target not found
Native extension for WebGL target not found
Refreshing native plugins compatible for Editor in 79.68 ms, found 3 plugins.
Preloading 0 native plugins for Editor in 0.00 ms.
Mono: successfully reloaded assembly
- Completed reload, in  0.573 seconds
Domain Reload Profiling:
	ReloadAssembly (573ms)
		BeginReloadAssembly (61ms)
			ExecutionOrderSort (0ms)
			DisableScriptedObjects (0ms)
			BackupInstance (0ms)
			ReleaseScriptingObjects (0ms)
			CreateAndSetChildDomain (1ms)
		EndReloadAssembly (396ms)
			LoadAssemblies (60ms)
			RebuildTransferFunctionScriptingTraits (0ms)
			SetupTypeCache (116ms)
			ReleaseScriptCaches (0ms)
			RebuildScriptCaches (22ms)
			SetupLoadedEditorAssemblies (217ms)
				LogAssemblyErrors (0ms)
				InitializePlatformSupportModulesInManaged (7ms)
				SetLoadedEditorAssemblies (0ms)
				RefreshPlugins (80ms)
				BeforeProcessingInitializeOnLoad (1ms)
				ProcessInitializeOnLoadAttributes (95ms)
				ProcessInitializeOnLoadMethodAttributes (34ms)
				AfterProcessingInitializeOnLoad (0ms)
				EditorAssembliesLoaded (0ms)
			ExecutionOrderSort2 (0ms)
			AwakeInstancesAfterBackupRestoration (0ms)
Platform modules already initialized, skipping
Registering precompiled user dll's ...
Registered in 0.003802 seconds.
Begin MonoManager ReloadAssembly
Symbol file LoadedFromMemory doesn't match image C:\Users\87056\OneDrive\桌面\3702\My project (23)\Library\PackageCache\com.unity.visualscripting@1.7.8\Editor\VisualScripting.Core\Dependencies\YamlDotNet\Unity.VisualScripting.YamlDotNet.dll
Symbol file LoadedFromMemory doesn't match image C:\Users\87056\OneDrive\桌面\3702\My project (23)\Library\PackageCache\com.unity.visualscripting@1.7.8\Editor\VisualScripting.Core\Dependencies\DotNetZip\Unity.VisualScripting.IonicZip.dll
Native extension for WindowsStandalone target not found
Native extension for WebGL target not found
Refreshing native plugins compatible for Editor in 0.85 ms, found 3 plugins.
Preloading 0 native plugins for Editor in 0.00 ms.
Mono: successfully reloaded assembly
- Completed reload, in  0.814 seconds
Domain Reload Profiling:
	ReloadAssembly (815ms)
		BeginReloadAssembly (89ms)
			ExecutionOrderSort (0ms)
			DisableScriptedObjects (4ms)
			BackupInstance (0ms)
			ReleaseScriptingObjects (0ms)
			CreateAndSetChildDomain (17ms)
		EndReloadAssembly (641ms)
			LoadAssemblies (75ms)
			RebuildTransferFunctionScriptingTraits (0ms)
			SetupTypeCache (201ms)
			ReleaseScriptCaches (0ms)
			RebuildScriptCaches (45ms)
			SetupLoadedEditorAssemblies (282ms)
				LogAssemblyErrors (0ms)
				InitializePlatformSupportModulesInManaged (5ms)
				SetLoadedEditorAssemblies (0ms)
				RefreshPlugins (1ms)
				BeforeProcessingInitializeOnLoad (64ms)
				ProcessInitializeOnLoadAttributes (182ms)
				ProcessInitializeOnLoadMethodAttributes (22ms)
				AfterProcessingInitializeOnLoad (7ms)
				EditorAssembliesLoaded (0ms)
			ExecutionOrderSort2 (0ms)
			AwakeInstancesAfterBackupRestoration (5ms)
Platform modules already initialized, skipping
========================================================================
Worker process is ready to serve import requests
Launched and connected shader compiler UnityShaderCompiler.exe after 0.07 seconds
Refreshing native plugins compatible for Editor in 2.08 ms, found 3 plugins.
Preloading 0 native plugins for Editor in 0.00 ms.
Unloading 3450 Unused Serialized files (Serialized files now loaded: 0)
Unloading 27 unused Assets / (111.2 KB). Loaded Objects now: 3909.
Memory consumption went from 130.8 MB to 130.7 MB.
Total: 5.883500 ms (FindLiveObjects: 0.559400 ms CreateObjectMapping: 0.403700 ms MarkObjects: 4.609600 ms  DeleteObjects: 0.309000 ms)

AssetImportParameters requested are different than current active one (requested -> active):
  custom:video-decoder-ogg-theora: a1e56fd34408186e4bbccfd4996cb3dc -> 
  custom:container-muxer-webm: aa71ff27fc2769a1b78a27578f13a17b -> 
  custom:container-demuxer-webm: 4f35f7cbe854078d1ac9338744f61a02 -> 
  custom:video-encoder-webm-vp8: eb34c28f22e8b96e1ab97ce403110664 -> 
  custom:audio-encoder-webm-vorbis: bf7c407c2cedff20999df2af8eb42d56 -> 
  custom:framework-win-MediaFoundation: 216162199b28c13a410421893ffa2e32 -> 
  custom:container-demuxer-ogg: 62fdf1f143b41e24485cea50d1cbac27 -> 
  custom:video-decoder-webm-vp8: 9c59270c3fd7afecdb556c50c9e8de78 -> 
  custom:audio-decoder-ogg-vorbis: bf7c407c2cedff20999df2af8eb42d56 -> 
========================================================================
Received Import Request.
  Time since last request: 101452.330589 seconds.
  path: Assets/Scenes
  artifactKey: Guid(6ea315d0fd7389c41b19996891e99ae3) Importer(815301076,1909f56bfc062723c751e8b465ee728b)
Start importing Assets/Scenes using Guid(6ea315d0fd7389c41b19996891e99ae3) Importer(815301076,1909f56bfc062723c751e8b465ee728b)  -> (artifact id: 'b8193726cff86800c54781cdc6d54904') in 0.024159 seconds 
========================================================================
Received Import Request.
  Time since last request: 7.461978 seconds.
  path: Assets/UI Kit Pro - Kawaii/Fonts/Recipekorea 饭内眉 FONT.ttf
  artifactKey: Guid(381254442cbbb43758429f5be4088649) Importer(815301076,1909f56bfc062723c751e8b465ee728b)
Start importing Assets/UI Kit Pro - Kawaii/Fonts/Recipekorea 饭内眉 FONT.ttf using Guid(381254442cbbb43758429f5be4088649) Importer(815301076,1909f56bfc062723c751e8b465ee728b)  -> (artifact id: '78886dbf90ed90203877fe3258c200ce') in 0.102871 seconds 
========================================================================
Received Import Request.
  Time since last request: 0.323437 seconds.
  path: Assets/UI Kit Pro - Kawaii/Levels Tile Map/Hexagon Point Top.prefab
  artifactKey: Guid(62116816038d7455da91eff4d570ca50) Importer(815301076,1909f56bfc062723c751e8b465ee728b)
Start importing Assets/UI Kit Pro - Kawaii/Levels Tile Map/Hexagon Point Top.prefab using Guid(62116816038d7455da91eff4d570ca50) Importer(815301076,1909f56bfc062723c751e8b465ee728b)  -> (artifact id: '114b3bd196b2c09d38310cb051f16c7e') in 0.082122 seconds 
========================================================================
Received Import Request.
  Time since last request: 0.000026 seconds.
  path: Assets/UI Kit Pro - Kawaii/Levels Tile Map/level_hex1_desert.asset
  artifactKey: Guid(ee391111f53c949f9b585572331deb75) Importer(815301076,1909f56bfc062723c751e8b465ee728b)
Start importing Assets/UI Kit Pro - Kawaii/Levels Tile Map/level_hex1_desert.asset using Guid(ee391111f53c949f9b585572331deb75) Importer(815301076,1909f56bfc062723c751e8b465ee728b)  -> (artifact id: 'e8d14785d83882a7625eabf416ae389b') in 0.044156 seconds 
========================================================================
Received Import Request.
  Time since last request: 0.000033 seconds.
  path: Assets/UI Kit Pro - Kawaii/Levels Tile Map/level_hex1_common_space.asset
  artifactKey: Guid(b2a1cb3f4e4cd491186bad71dbe055f9) Importer(815301076,1909f56bfc062723c751e8b465ee728b)
Start importing Assets/UI Kit Pro - Kawaii/Levels Tile Map/level_hex1_common_space.asset using Guid(b2a1cb3f4e4cd491186bad71dbe055f9) Importer(815301076,1909f56bfc062723c751e8b465ee728b)  -> (artifact id: 'cb41ba1766ca8f23a00f8fc0325cacd9') in 0.019148 seconds 
========================================================================
Received Import Request.
  Time since last request: 0.000023 seconds.
  path: Assets/UI Kit Pro - Kawaii/Levels Tile Map/level_hex1_common_volcano.asset
  artifactKey: Guid(5d7570a0835f140b18d7201ad2ddfa8e) Importer(815301076,1909f56bfc062723c751e8b465ee728b)
Start importing Assets/UI Kit Pro - Kawaii/Levels Tile Map/level_hex1_common_volcano.asset using Guid(5d7570a0835f140b18d7201ad2ddfa8e) Importer(815301076,1909f56bfc062723c751e8b465ee728b)  -> (artifact id: 'e683451bd63a4c55980072a878904e03') in 0.037643 seconds 
========================================================================
Received Import Request.
  Time since last request: 0.000046 seconds.
  path: Assets/UI Kit Pro - Kawaii/Levels Tile Map/level_hex2_common_ice.asset
  artifactKey: Guid(b9115be0df7f94188984864186491d4b) Importer(815301076,1909f56bfc062723c751e8b465ee728b)
Start importing Assets/UI Kit Pro - Kawaii/Levels Tile Map/level_hex2_common_ice.asset using Guid(b9115be0df7f94188984864186491d4b) Importer(815301076,1909f56bfc062723c751e8b465ee728b)  -> (artifact id: '63e3f31fd4393c6bece13b963722cdb9') in 0.047330 seconds 
========================================================================
Received Import Request.
  Time since last request: 0.000029 seconds.
  path: Assets/UI Kit Pro - Kawaii/Levels Tile Map/level_hex2_desert.asset
  artifactKey: Guid(2930515bfbb60411abc764a8c1bd2575) Importer(815301076,1909f56bfc062723c751e8b465ee728b)
Start importing Assets/UI Kit Pro - Kawaii/Levels Tile Map/level_hex2_desert.asset using Guid(2930515bfbb60411abc764a8c1bd2575) Importer(815301076,1909f56bfc062723c751e8b465ee728b)  -> (artifact id: '7ea6093ed9b831c659c8f667c0e4b0f5') in 0.017717 seconds 
========================================================================
Received Import Request.
  Time since last request: 0.000023 seconds.
  path: Assets/UI Kit Pro - Kawaii/Levels Tile Map/level_hex1_common_sea.asset
  artifactKey: Guid(2b6a03a4f5cad4c858a7b44ec197ccb1) Importer(815301076,1909f56bfc062723c751e8b465ee728b)
Start importing Assets/UI Kit Pro - Kawaii/Levels Tile Map/level_hex1_common_sea.asset using Guid(2b6a03a4f5cad4c858a7b44ec197ccb1) Importer(815301076,1909f56bfc062723c751e8b465ee728b)  -> (artifact id: 'bdd1bcfb7f85559d775ba36df865cfcf') in 0.025391 seconds 
========================================================================
Received Import Request.
  Time since last request: 0.000036 seconds.
  path: Assets/UI Kit Pro - Kawaii/Levels Tile Map/level_hex2_common_space.asset
  artifactKey: Guid(ad71c45eb789c41c6a9bf6f275090ed8) Importer(815301076,1909f56bfc062723c751e8b465ee728b)
Start importing Assets/UI Kit Pro - Kawaii/Levels Tile Map/level_hex2_common_space.asset using Guid(ad71c45eb789c41c6a9bf6f275090ed8) Importer(815301076,1909f56bfc062723c751e8b465ee728b)  -> (artifact id: '160d047b66e478ef504df9a4ff45539b') in 0.018003 seconds 
========================================================================
Received Import Request.
  Time since last request: 0.000043 seconds.
  path: Assets/UI Kit Pro - Kawaii/Levels Tile Map/level_hex1_common_ice.asset
  artifactKey: Guid(addaa7ae3ca234a5da3029c5ee2fbcb8) Importer(815301076,1909f56bfc062723c751e8b465ee728b)
Start importing Assets/UI Kit Pro - Kawaii/Levels Tile Map/level_hex1_common_ice.asset using Guid(addaa7ae3ca234a5da3029c5ee2fbcb8) Importer(815301076,1909f56bfc062723c751e8b465ee728b)  -> (artifact id: 'ca2d2ff9876fdf3bc1aa0e702aee478f') in 0.027029 seconds 
========================================================================
Received Import Request.
  Time since last request: 0.000056 seconds.
  path: Assets/UI Kit Pro - Kawaii/Levels Tile Map/level_hex2_forest.asset
  artifactKey: Guid(d767fe59abd5d441988b77538cef7cd9) Importer(815301076,1909f56bfc062723c751e8b465ee728b)
Start importing Assets/UI Kit Pro - Kawaii/Levels Tile Map/level_hex2_forest.asset using Guid(d767fe59abd5d441988b77538cef7cd9) Importer(815301076,1909f56bfc062723c751e8b465ee728b)  -> (artifact id: 'ba5c4e7df9ebeba7e6680190ba96acce') in 0.018939 seconds 
========================================================================
Received Import Request.
  Time since last request: 0.000024 seconds.
  path: Assets/UI Kit Pro - Kawaii/Levels Tile Map/level_hex1_common_forest.asset
  artifactKey: Guid(e5f1c7b89e9024f9a9bc7a83225fd78b) Importer(815301076,1909f56bfc062723c751e8b465ee728b)
Start importing Assets/UI Kit Pro - Kawaii/Levels Tile Map/level_hex1_common_forest.asset using Guid(e5f1c7b89e9024f9a9bc7a83225fd78b) Importer(815301076,1909f56bfc062723c751e8b465ee728b)  -> (artifact id: 'fb5b29eb6c58c32c95c5799657cec0e7') in 0.056052 seconds 
========================================================================
Received Import Request.
  Time since last request: 0.000041 seconds.
  path: Assets/UI Kit Pro - Kawaii/Levels Tile Map/level_hex2_rock.asset
  artifactKey: Guid(2090e18cc693e4437882c847a159454a) Importer(815301076,1909f56bfc062723c751e8b465ee728b)
Start importing Assets/UI Kit Pro - Kawaii/Levels Tile Map/level_hex2_rock.asset using Guid(2090e18cc693e4437882c847a159454a) Importer(815301076,1909f56bfc062723c751e8b465ee728b)  -> (artifact id: '8f6664462835b320d174aed47cc860c1') in 0.026664 seconds 
========================================================================
Received Import Request.
  Time since last request: 0.000036 seconds.
  path: Assets/UI Kit Pro - Kawaii/Levels Tile Map/level_hex1_common_desert.asset
  artifactKey: Guid(74394402b76064c2a89ab95bbbd0b6f5) Importer(815301076,1909f56bfc062723c751e8b465ee728b)
Start importing Assets/UI Kit Pro - Kawaii/Levels Tile Map/level_hex1_common_desert.asset using Guid(74394402b76064c2a89ab95bbbd0b6f5) Importer(815301076,1909f56bfc062723c751e8b465ee728b)  -> (artifact id: '114c3f028402382075044b45983bb503') in 0.023360 seconds 
========================================================================
Received Import Request.
  Time since last request: 0.000047 seconds.
  path: Assets/UI Kit Pro - Kawaii/Levels Tile Map/level_hex2_common_volcano.asset
  artifactKey: Guid(8c054be7324c044a8be21f351fb9de9e) Importer(815301076,1909f56bfc062723c751e8b465ee728b)
Start importing Assets/UI Kit Pro - Kawaii/Levels Tile Map/level_hex2_common_volcano.asset using Guid(8c054be7324c044a8be21f351fb9de9e) Importer(815301076,1909f56bfc062723c751e8b465ee728b)  -> (artifact id: '9a1d5db8ebc8f93ca6730017c8212800') in 0.018571 seconds 
========================================================================
Received Import Request.
  Time since last request: 0.000041 seconds.
  path: Assets/UI Kit Pro - Kawaii/Levels Tile Map/level_hex1_volcano.asset
  artifactKey: Guid(b631cf3d51a6f4e8f9e3ef8ef11cf379) Importer(815301076,1909f56bfc062723c751e8b465ee728b)
Start importing Assets/UI Kit Pro - Kawaii/Levels Tile Map/level_hex1_volcano.asset using Guid(b631cf3d51a6f4e8f9e3ef8ef11cf379) Importer(815301076,1909f56bfc062723c751e8b465ee728b)  -> (artifact id: 'c3d7d8c38ac2f47e8f200d0547d99fc4') in 0.021773 seconds 
========================================================================
Received Import Request.
  Time since last request: 0.000059 seconds.
  path: Assets/UI Kit Pro - Kawaii/Levels Tile Map/level_hex1_ice.asset
  artifactKey: Guid(cc348a6946e754264a2e8e7cd200febf) Importer(815301076,1909f56bfc062723c751e8b465ee728b)
Start importing Assets/UI Kit Pro - Kawaii/Levels Tile Map/level_hex1_ice.asset using Guid(cc348a6946e754264a2e8e7cd200febf) Importer(815301076,1909f56bfc062723c751e8b465ee728b)  -> (artifact id: '1a31a3654c04e814c9d4c89075af2f85') in 0.015600 seconds 
========================================================================
Received Import Request.
  Time since last request: 3.713865 seconds.
  path: Assets/Thaleah_PixelFont/Materials/ThaleahFat_TTF.ttf
  artifactKey: Guid(585188cdc4600544eb408bee749e4b3a) Importer(815301076,1909f56bfc062723c751e8b465ee728b)
Start importing Assets/Thaleah_PixelFont/Materials/ThaleahFat_TTF.ttf using Guid(585188cdc4600544eb408bee749e4b3a) Importer(815301076,1909f56bfc062723c751e8b465ee728b)  -> (artifact id: '193bd4016f6be32150c55cca1c28bd4a') in 0.021024 seconds 
Editor requested this worker to shutdown with reason: Scaling down because of idle timeout
AssetImportWorker is now disconnected from the server
Process exiting
Exiting without the bug reporter. Application will terminate with return code 0